[WARN ] 2019-08-29 10:01:20 [restartedMain:5368:tk.mybatis.spring.mapper.ClassPathMapperScanner:166] - No MyBatis mapper was found in '[com.unifs.sdbst.backstage.dao]' package. Please check your configuration.
[WARN ] 2019-08-29 10:01:20 [restartedMain:5401:org.mybatis.spring.mapper.ClassPathMapperScanner:239] - Skipping MapperFactoryBean with name 'articleMapper' and 'com.unifs.sdbst.app.dao.primary.cms.ArticleMapper' mapperInterface. Bean already defined with the same name!
[WARN ] 2019-08-29 10:01:20 [restartedMain:5401:org.mybatis.spring.mapper.ClassPathMapperScanner:239] - Skipping MapperFactoryBean with name 'categoryMapper' and 'com.unifs.sdbst.app.dao.primary.cms.CategoryMapper' mapperInterface. Bean already defined with the same name!
[WARN ] 2019-08-29 10:01:20 [restartedMain:5402:org.mybatis.spring.mapper.ClassPathMapperScanner:239] - Skipping MapperFactoryBean with name 'departmentMapper' and 'com.unifs.sdbst.app.dao.primary.department.DepartmentMapper' mapperInterface. Bean already defined with the same name!
[WARN ] 2019-08-29 10:01:20 [restartedMain:5402:org.mybatis.spring.mapper.ClassPathMapperScanner:239] - Skipping MapperFactoryBean with name 'informationMapper' and 'com.unifs.sdbst.app.dao.information_admin.InformationMapper' mapperInterface. Bean already defined with the same name!
[WARN ] 2019-08-29 10:01:20 [restartedMain:5402:org.mybatis.spring.mapper.ClassPathMapperScanner:239] - Skipping MapperFactoryBean with name 'dictMapper' and 'com.unifs.sdbst.app.dao.primary.menus.DictMapper' mapperInterface. Bean already defined with the same name!
[WARN ] 2019-08-29 10:01:20 [restartedMain:5403:org.mybatis.spring.mapper.ClassPathMapperScanner:239] - Skipping MapperFactoryBean with name 'menuMapper' and 'com.unifs.sdbst.app.dao.primary.menus.MenuMapper' mapperInterface. Bean already defined with the same name!
[WARN ] 2019-08-29 10:01:20 [restartedMain:5403:org.mybatis.spring.mapper.ClassPathMapperScanner:239] - Skipping MapperFactoryBean with name 'sysUserMenuMapper' and 'com.unifs.sdbst.app.dao.primary.menus.SysUserMenuMapper' mapperInterface. Bean already defined with the same name!
[WARN ] 2019-08-29 10:01:20 [restartedMain:5403:org.mybatis.spring.mapper.ClassPathMapperScanner:239] - Skipping MapperFactoryBean with name 'sysWorkMenuMapper' and 'com.unifs.sdbst.app.dao.primary.menus.SysWorkMenuMapper' mapperInterface. Bean already defined with the same name!
[WARN ] 2019-08-29 10:01:20 [restartedMain:5403:org.mybatis.spring.mapper.ClassPathMapperScanner:239] - Skipping MapperFactoryBean with name 'tagMapper' and 'com.unifs.sdbst.app.dao.primary.menus.TagMapper' mapperInterface. Bean already defined with the same name!
[WARN ] 2019-08-29 10:01:20 [restartedMain:5403:org.mybatis.spring.mapper.ClassPathMapperScanner:239] - Skipping MapperFactoryBean with name 'adviceMapper' and 'com.unifs.sdbst.app.dao.primary.user.AdviceMapper' mapperInterface. Bean already defined with the same name!
[WARN ] 2019-08-29 10:01:20 [restartedMain:5404:org.mybatis.spring.mapper.ClassPathMapperScanner:239] - Skipping MapperFactoryBean with name 'satisfactionMapper' and 'com.unifs.sdbst.app.dao.primary.user.SatisfactionMapper' mapperInterface. Bean already defined with the same name!
[WARN ] 2019-08-29 10:01:20 [restartedMain:5404:org.mybatis.spring.mapper.ClassPathMapperScanner:239] - Skipping MapperFactoryBean with name 'userMapper' and 'com.unifs.sdbst.app.dao.primary.user.UserMapper' mapperInterface. Bean already defined with the same name!
[WARN ] 2019-08-29 10:01:20 [restartedMain:5404:org.mybatis.spring.mapper.ClassPathMapperScanner:239] - Skipping MapperFactoryBean with name 'userOthersMapper' and 'com.unifs.sdbst.app.dao.primary.user.UserOthersMapper' mapperInterface. Bean already defined with the same name!
[WARN ] 2019-08-29 10:01:20 [restartedMain:5404:org.mybatis.spring.mapper.ClassPathMapperScanner:239] - Skipping MapperFactoryBean with name 'userSwtMapper' and 'com.unifs.sdbst.app.dao.primary.user.UserSwtMapper' mapperInterface. Bean already defined with the same name!
[WARN ] 2019-08-29 10:01:20 [restartedMain:5404:org.mybatis.spring.mapper.ClassPathMapperScanner:166] - No MyBatis mapper was found in '[com.unifs.sdbst.*.dao.*]' package. Please check your configuration.
[WARN ] 2019-08-29 11:13:17 [restartedMain:4437:tk.mybatis.spring.mapper.ClassPathMapperScanner:166] - No MyBatis mapper was found in '[com.unifs.sdbst.backstage.dao]' package. Please check your configuration.
[WARN ] 2019-08-29 11:13:17 [restartedMain:4455:org.mybatis.spring.mapper.ClassPathMapperScanner:239] - Skipping MapperFactoryBean with name 'articleMapper' and 'com.unifs.sdbst.app.dao.primary.cms.ArticleMapper' mapperInterface. Bean already defined with the same name!
[WARN ] 2019-08-29 11:13:17 [restartedMain:4456:org.mybatis.spring.mapper.ClassPathMapperScanner:239] - Skipping MapperFactoryBean with name 'categoryMapper' and 'com.unifs.sdbst.app.dao.primary.cms.CategoryMapper' mapperInterface. Bean already defined with the same name!
[WARN ] 2019-08-29 11:13:17 [restartedMain:4456:org.mybatis.spring.mapper.ClassPathMapperScanner:239] - Skipping MapperFactoryBean with name 'departmentMapper' and 'com.unifs.sdbst.app.dao.primary.department.DepartmentMapper' mapperInterface. Bean already defined with the same name!
[WARN ] 2019-08-29 11:13:17 [restartedMain:4456:org.mybatis.spring.mapper.ClassPathMapperScanner:239] - Skipping MapperFactoryBean with name 'informationMapper' and 'com.unifs.sdbst.app.dao.information_admin.InformationMapper' mapperInterface. Bean already defined with the same name!
[WARN ] 2019-08-29 11:13:17 [restartedMain:4457:org.mybatis.spring.mapper.ClassPathMapperScanner:239] - Skipping MapperFactoryBean with name 'dictMapper' and 'com.unifs.sdbst.app.dao.primary.menus.DictMapper' mapperInterface. Bean already defined with the same name!
[WARN ] 2019-08-29 11:13:17 [restartedMain:4457:org.mybatis.spring.mapper.ClassPathMapperScanner:239] - Skipping MapperFactoryBean with name 'menuMapper' and 'com.unifs.sdbst.app.dao.primary.menus.MenuMapper' mapperInterface. Bean already defined with the same name!
[WARN ] 2019-08-29 11:13:17 [restartedMain:4457:org.mybatis.spring.mapper.ClassPathMapperScanner:239] - Skipping MapperFactoryBean with name 'sysUserMenuMapper' and 'com.unifs.sdbst.app.dao.primary.menus.SysUserMenuMapper' mapperInterface. Bean already defined with the same name!
[WARN ] 2019-08-29 11:13:17 [restartedMain:4457:org.mybatis.spring.mapper.ClassPathMapperScanner:239] - Skipping MapperFactoryBean with name 'sysWorkMenuMapper' and 'com.unifs.sdbst.app.dao.primary.menus.SysWorkMenuMapper' mapperInterface. Bean already defined with the same name!
[WARN ] 2019-08-29 11:13:17 [restartedMain:4458:org.mybatis.spring.mapper.ClassPathMapperScanner:239] - Skipping MapperFactoryBean with name 'tagMapper' and 'com.unifs.sdbst.app.dao.primary.menus.TagMapper' mapperInterface. Bean already defined with the same name!
[WARN ] 2019-08-29 11:13:17 [restartedMain:4458:org.mybatis.spring.mapper.ClassPathMapperScanner:239] - Skipping MapperFactoryBean with name 'adviceMapper' and 'com.unifs.sdbst.app.dao.primary.user.AdviceMapper' mapperInterface. Bean already defined with the same name!
[WARN ] 2019-08-29 11:13:17 [restartedMain:4458:org.mybatis.spring.mapper.ClassPathMapperScanner:239] - Skipping MapperFactoryBean with name 'satisfactionMapper' and 'com.unifs.sdbst.app.dao.primary.user.SatisfactionMapper' mapperInterface. Bean already defined with the same name!
[WARN ] 2019-08-29 11:13:17 [restartedMain:4458:org.mybatis.spring.mapper.ClassPathMapperScanner:239] - Skipping MapperFactoryBean with name 'userMapper' and 'com.unifs.sdbst.app.dao.primary.user.UserMapper' mapperInterface. Bean already defined with the same name!
[WARN ] 2019-08-29 11:13:17 [restartedMain:4458:org.mybatis.spring.mapper.ClassPathMapperScanner:239] - Skipping MapperFactoryBean with name 'userOthersMapper' and 'com.unifs.sdbst.app.dao.primary.user.UserOthersMapper' mapperInterface. Bean already defined with the same name!
[WARN ] 2019-08-29 11:13:17 [restartedMain:4459:org.mybatis.spring.mapper.ClassPathMapperScanner:239] - Skipping MapperFactoryBean with name 'userSwtMapper' and 'com.unifs.sdbst.app.dao.primary.user.UserSwtMapper' mapperInterface. Bean already defined with the same name!
[WARN ] 2019-08-29 11:13:17 [restartedMain:4459:org.mybatis.spring.mapper.ClassPathMapperScanner:166] - No MyBatis mapper was found in '[com.unifs.sdbst.*.dao.*]' package. Please check your configuration.
[WARN ] 2019-08-29 11:16:03 [restartedMain:170285:tk.mybatis.spring.mapper.ClassPathMapperScanner:166] - No MyBatis mapper was found in '[com.unifs.sdbst.backstage.dao]' package. Please check your configuration.
[WARN ] 2019-08-29 11:16:03 [restartedMain:170301:org.mybatis.spring.mapper.ClassPathMapperScanner:239] - Skipping MapperFactoryBean with name 'articleMapper' and 'com.unifs.sdbst.app.dao.primary.cms.ArticleMapper' mapperInterface. Bean already defined with the same name!
[WARN ] 2019-08-29 11:16:03 [restartedMain:170301:org.mybatis.spring.mapper.ClassPathMapperScanner:239] - Skipping MapperFactoryBean with name 'categoryMapper' and 'com.unifs.sdbst.app.dao.primary.cms.CategoryMapper' mapperInterface. Bean already defined with the same name!
[WARN ] 2019-08-29 11:16:03 [restartedMain:170302:org.mybatis.spring.mapper.ClassPathMapperScanner:239] - Skipping MapperFactoryBean with name 'departmentMapper' and 'com.unifs.sdbst.app.dao.primary.department.DepartmentMapper' mapperInterface. Bean already defined with the same name!
[WARN ] 2019-08-29 11:16:03 [restartedMain:170302:org.mybatis.spring.mapper.ClassPathMapperScanner:239] - Skipping MapperFactoryBean with name 'informationMapper' and 'com.unifs.sdbst.app.dao.information_admin.InformationMapper' mapperInterface. Bean already defined with the same name!
[WARN ] 2019-08-29 11:16:03 [restartedMain:170302:org.mybatis.spring.mapper.ClassPathMapperScanner:239] - Skipping MapperFactoryBean with name 'dictMapper' and 'com.unifs.sdbst.app.dao.primary.menus.DictMapper' mapperInterface. Bean already defined with the same name!
[WARN ] 2019-08-29 11:16:03 [restartedMain:170302:org.mybatis.spring.mapper.ClassPathMapperScanner:239] - Skipping MapperFactoryBean with name 'menuMapper' and 'com.unifs.sdbst.app.dao.primary.menus.MenuMapper' mapperInterface. Bean already defined with the same name!
[WARN ] 2019-08-29 11:16:03 [restartedMain:170303:org.mybatis.spring.mapper.ClassPathMapperScanner:239] - Skipping MapperFactoryBean with name 'sysUserMenuMapper' and 'com.unifs.sdbst.app.dao.primary.menus.SysUserMenuMapper' mapperInterface. Bean already defined with the same name!
[WARN ] 2019-08-29 11:16:03 [restartedMain:170303:org.mybatis.spring.mapper.ClassPathMapperScanner:239] - Skipping MapperFactoryBean with name 'sysWorkMenuMapper' and 'com.unifs.sdbst.app.dao.primary.menus.SysWorkMenuMapper' mapperInterface. Bean already defined with the same name!
[WARN ] 2019-08-29 11:16:03 [restartedMain:170304:org.mybatis.spring.mapper.ClassPathMapperScanner:239] - Skipping MapperFactoryBean with name 'tagMapper' and 'com.unifs.sdbst.app.dao.primary.menus.TagMapper' mapperInterface. Bean already defined with the same name!
[WARN ] 2019-08-29 11:16:03 [restartedMain:170304:org.mybatis.spring.mapper.ClassPathMapperScanner:239] - Skipping MapperFactoryBean with name 'adviceMapper' and 'com.unifs.sdbst.app.dao.primary.user.AdviceMapper' mapperInterface. Bean already defined with the same name!
[WARN ] 2019-08-29 11:16:03 [restartedMain:170304:org.mybatis.spring.mapper.ClassPathMapperScanner:239] - Skipping MapperFactoryBean with name 'satisfactionMapper' and 'com.unifs.sdbst.app.dao.primary.user.SatisfactionMapper' mapperInterface. Bean already defined with the same name!
[WARN ] 2019-08-29 11:16:03 [restartedMain:170305:org.mybatis.spring.mapper.ClassPathMapperScanner:239] - Skipping MapperFactoryBean with name 'userMapper' and 'com.unifs.sdbst.app.dao.primary.user.UserMapper' mapperInterface. Bean already defined with the same name!
[WARN ] 2019-08-29 11:16:03 [restartedMain:170305:org.mybatis.spring.mapper.ClassPathMapperScanner:239] - Skipping MapperFactoryBean with name 'userOthersMapper' and 'com.unifs.sdbst.app.dao.primary.user.UserOthersMapper' mapperInterface. Bean already defined with the same name!
[WARN ] 2019-08-29 11:16:03 [restartedMain:170305:org.mybatis.spring.mapper.ClassPathMapperScanner:239] - Skipping MapperFactoryBean with name 'userSwtMapper' and 'com.unifs.sdbst.app.dao.primary.user.UserSwtMapper' mapperInterface. Bean already defined with the same name!
[WARN ] 2019-08-29 11:16:03 [restartedMain:170306:org.mybatis.spring.mapper.ClassPathMapperScanner:166] - No MyBatis mapper was found in '[com.unifs.sdbst.*.dao.*]' package. Please check your configuration.
[WARN ] 2019-08-29 15:38:15 [restartedMain:4115:tk.mybatis.spring.mapper.ClassPathMapperScanner:166] - No MyBatis mapper was found in '[com.unifs.sdbst.backstage.dao]' package. Please check your configuration.
[WARN ] 2019-08-29 15:38:15 [restartedMain:4131:org.mybatis.spring.mapper.ClassPathMapperScanner:239] - Skipping MapperFactoryBean with name 'articleMapper' and 'com.unifs.sdbst.app.dao.primary.cms.ArticleMapper' mapperInterface. Bean already defined with the same name!
[WARN ] 2019-08-29 15:38:15 [restartedMain:4131:org.mybatis.spring.mapper.ClassPathMapperScanner:239] - Skipping MapperFactoryBean with name 'categoryMapper' and 'com.unifs.sdbst.app.dao.primary.cms.CategoryMapper' mapperInterface. Bean already defined with the same name!
[WARN ] 2019-08-29 15:38:15 [restartedMain:4131:org.mybatis.spring.mapper.ClassPathMapperScanner:239] - Skipping MapperFactoryBean with name 'departmentMapper' and 'com.unifs.sdbst.app.dao.primary.department.DepartmentMapper' mapperInterface. Bean already defined with the same name!
[WARN ] 2019-08-29 15:38:15 [restartedMain:4131:org.mybatis.spring.mapper.ClassPathMapperScanner:239] - Skipping MapperFactoryBean with name 'informationMapper' and 'com.unifs.sdbst.app.dao.information_admin.InformationMapper' mapperInterface. Bean already defined with the same name!
[WARN ] 2019-08-29 15:38:15 [restartedMain:4132:org.mybatis.spring.mapper.ClassPathMapperScanner:239] - Skipping MapperFactoryBean with name 'dictMapper' and 'com.unifs.sdbst.app.dao.primary.menus.DictMapper' mapperInterface. Bean already defined with the same name!
[WARN ] 2019-08-29 15:38:15 [restartedMain:4132:org.mybatis.spring.mapper.ClassPathMapperScanner:239] - Skipping MapperFactoryBean with name 'menuMapper' and 'com.unifs.sdbst.app.dao.primary.menus.MenuMapper' mapperInterface. Bean already defined with the same name!
[WARN ] 2019-08-29 15:38:15 [restartedMain:4132:org.mybatis.spring.mapper.ClassPathMapperScanner:239] - Skipping MapperFactoryBean with name 'sysUserMenuMapper' and 'com.unifs.sdbst.app.dao.primary.menus.SysUserMenuMapper' mapperInterface. Bean already defined with the same name!
[WARN ] 2019-08-29 15:38:15 [restartedMain:4132:org.mybatis.spring.mapper.ClassPathMapperScanner:239] - Skipping MapperFactoryBean with name 'sysWorkMenuMapper' and 'com.unifs.sdbst.app.dao.primary.menus.SysWorkMenuMapper' mapperInterface. Bean already defined with the same name!
[WARN ] 2019-08-29 15:38:15 [restartedMain:4132:org.mybatis.spring.mapper.ClassPathMapperScanner:239] - Skipping MapperFactoryBean with name 'tagMapper' and 'com.unifs.sdbst.app.dao.primary.menus.TagMapper' mapperInterface. Bean already defined with the same name!
[WARN ] 2019-08-29 15:38:15 [restartedMain:4132:org.mybatis.spring.mapper.ClassPathMapperScanner:239] - Skipping MapperFactoryBean with name 'adviceMapper' and 'com.unifs.sdbst.app.dao.primary.user.AdviceMapper' mapperInterface. Bean already defined with the same name!
[WARN ] 2019-08-29 15:38:15 [restartedMain:4133:org.mybatis.spring.mapper.ClassPathMapperScanner:239] - Skipping MapperFactoryBean with name 'satisfactionMapper' and 'com.unifs.sdbst.app.dao.primary.user.SatisfactionMapper' mapperInterface. Bean already defined with the same name!
[WARN ] 2019-08-29 15:38:15 [restartedMain:4133:org.mybatis.spring.mapper.ClassPathMapperScanner:239] - Skipping MapperFactoryBean with name 'userMapper' and 'com.unifs.sdbst.app.dao.primary.user.UserMapper' mapperInterface. Bean already defined with the same name!
[WARN ] 2019-08-29 15:38:15 [restartedMain:4133:org.mybatis.spring.mapper.ClassPathMapperScanner:239] - Skipping MapperFactoryBean with name 'userOthersMapper' and 'com.unifs.sdbst.app.dao.primary.user.UserOthersMapper' mapperInterface. Bean already defined with the same name!
[WARN ] 2019-08-29 15:38:15 [restartedMain:4133:org.mybatis.spring.mapper.ClassPathMapperScanner:239] - Skipping MapperFactoryBean with name 'userSwtMapper' and 'com.unifs.sdbst.app.dao.primary.user.UserSwtMapper' mapperInterface. Bean already defined with the same name!
[WARN ] 2019-08-29 15:38:15 [restartedMain:4134:org.mybatis.spring.mapper.ClassPathMapperScanner:166] - No MyBatis mapper was found in '[com.unifs.sdbst.*.dao.*]' package. Please check your configuration.
[WARN ] 2019-08-29 17:15:12 [restartedMain:6477:tk.mybatis.spring.mapper.ClassPathMapperScanner:166] - No MyBatis mapper was found in '[com.unifs.sdbst.backstage.dao]' package. Please check your configuration.
[WARN ] 2019-08-29 17:15:12 [restartedMain:6515:org.mybatis.spring.mapper.ClassPathMapperScanner:239] - Skipping MapperFactoryBean with name 'articleMapper' and 'com.unifs.sdbst.app.dao.primary.cms.ArticleMapper' mapperInterface. Bean already defined with the same name!
[WARN ] 2019-08-29 17:15:12 [restartedMain:6515:org.mybatis.spring.mapper.ClassPathMapperScanner:239] - Skipping MapperFactoryBean with name 'categoryMapper' and 'com.unifs.sdbst.app.dao.primary.cms.CategoryMapper' mapperInterface. Bean already defined with the same name!
[WARN ] 2019-08-29 17:15:12 [restartedMain:6516:org.mybatis.spring.mapper.ClassPathMapperScanner:239] - Skipping MapperFactoryBean with name 'departmentMapper' and 'com.unifs.sdbst.app.dao.primary.department.DepartmentMapper' mapperInterface. Bean already defined with the same name!
[WARN ] 2019-08-29 17:15:12 [restartedMain:6516:org.mybatis.spring.mapper.ClassPathMapperScanner:239] - Skipping MapperFactoryBean with name 'informationMapper' and 'com.unifs.sdbst.app.dao.information_admin.InformationMapper' mapperInterface. Bean already defined with the same name!
[WARN ] 2019-08-29 17:15:12 [restartedMain:6516:org.mybatis.spring.mapper.ClassPathMapperScanner:239] - Skipping MapperFactoryBean with name 'dictMapper' and 'com.unifs.sdbst.app.dao.primary.menus.DictMapper' mapperInterface. Bean already defined with the same name!
[WARN ] 2019-08-29 17:15:12 [restartedMain:6517:org.mybatis.spring.mapper.ClassPathMapperScanner:239] - Skipping MapperFactoryBean with name 'menuMapper' and 'com.unifs.sdbst.app.dao.primary.menus.MenuMapper' mapperInterface. Bean already defined with the same name!
[WARN ] 2019-08-29 17:15:12 [restartedMain:6517:org.mybatis.spring.mapper.ClassPathMapperScanner:239] - Skipping MapperFactoryBean with name 'sysUserMenuMapper' and 'com.unifs.sdbst.app.dao.primary.menus.SysUserMenuMapper' mapperInterface. Bean already defined with the same name!
[WARN ] 2019-08-29 17:15:12 [restartedMain:6518:org.mybatis.spring.mapper.ClassPathMapperScanner:239] - Skipping MapperFactoryBean with name 'sysWorkMenuMapper' and 'com.unifs.sdbst.app.dao.primary.menus.SysWorkMenuMapper' mapperInterface. Bean already defined with the same name!
[WARN ] 2019-08-29 17:15:12 [restartedMain:6518:org.mybatis.spring.mapper.ClassPathMapperScanner:239] - Skipping MapperFactoryBean with name 'tagMapper' and 'com.unifs.sdbst.app.dao.primary.menus.TagMapper' mapperInterface. Bean already defined with the same name!
[WARN ] 2019-08-29 17:15:12 [restartedMain:6519:org.mybatis.spring.mapper.ClassPathMapperScanner:239] - Skipping MapperFactoryBean with name 'adviceMapper' and 'com.unifs.sdbst.app.dao.primary.user.AdviceMapper' mapperInterface. Bean already defined with the same name!
[WARN ] 2019-08-29 17:15:12 [restartedMain:6519:org.mybatis.spring.mapper.ClassPathMapperScanner:239] - Skipping MapperFactoryBean with name 'satisfactionMapper' and 'com.unifs.sdbst.app.dao.primary.user.SatisfactionMapper' mapperInterface. Bean already defined with the same name!
[WARN ] 2019-08-29 17:15:12 [restartedMain:6519:org.mybatis.spring.mapper.ClassPathMapperScanner:239] - Skipping MapperFactoryBean with name 'userMapper' and 'com.unifs.sdbst.app.dao.primary.user.UserMapper' mapperInterface. Bean already defined with the same name!
[WARN ] 2019-08-29 17:15:12 [restartedMain:6520:org.mybatis.spring.mapper.ClassPathMapperScanner:239] - Skipping MapperFactoryBean with name 'userOthersMapper' and 'com.unifs.sdbst.app.dao.primary.user.UserOthersMapper' mapperInterface. Bean already defined with the same name!
[WARN ] 2019-08-29 17:15:12 [restartedMain:6520:org.mybatis.spring.mapper.ClassPathMapperScanner:239] - Skipping MapperFactoryBean with name 'userSwtMapper' and 'com.unifs.sdbst.app.dao.primary.user.UserSwtMapper' mapperInterface. Bean already defined with the same name!
[WARN ] 2019-08-29 17:15:12 [restartedMain:6520:org.mybatis.spring.mapper.ClassPathMapperScanner:166] - No MyBatis mapper was found in '[com.unifs.sdbst.*.dao.*]' package. Please check your configuration.
[WARN ] 2019-08-29 17:17:06 [http-nio-0.0.0.0-8081-exec-8:120158:org.springframework.web.servlet.mvc.method.annotation.ExceptionHandlerExceptionResolver:197] - Resolved [org.springframework.validation.BindException: org.springframework.validation.BeanPropertyBindingResult: 2 errors
Field error in object 'registerVo' on field 'confirmPassword': rejected value [q1234567]; codes [Pattern.registerVo.confirmPassword,Pattern.confirmPassword,Pattern.java.lang.String,Pattern]; arguments [org.springframework.context.support.DefaultMessageSourceResolvable: codes [registerVo.confirmPassword,confirmPassword]; arguments []; default message [confirmPassword],[Ljavax.validation.constraints.Pattern$Flag;@69851ee,org.springframework.validation.beanvalidation.SpringValidatorAdapter$ResolvableAttribute@101f1fb2]; default message [需要匹配正则表达式"^(?:(?=.*[0-9].*)(?=.*[A-Za-z].*)(?=.*[\\W].*))[\\W0-9A-Za-z]{6,20}$"]
Field error in object 'registerVo' on field 'password': rejected value [q1234567]; codes [Pattern.registerVo.password,Pattern.password,Pattern.java.lang.String,Pattern]; arguments [org.springframework.context.support.DefaultMessageSourceResolvable: codes [registerVo.password,password]; arguments []; default message [password],[Ljavax.validation.constraints.Pattern$Flag;@69851ee,org.springframework.validation.beanvalidation.SpringValidatorAdapter$ResolvableAttribute@4cba0ab1]; default message [需要匹配正则表达式"^(?:(?=.*[0-9].*)(?=.*[A-Za-z].*)(?=.*[\\W].*))[\\W0-9A-Za-z]{6,20}$"]]
[WARN ] 2019-08-29 17:18:58 [restartedMain:3492:tk.mybatis.spring.mapper.ClassPathMapperScanner:166] - No MyBatis mapper was found in '[com.unifs.sdbst.backstage.dao]' package. Please check your configuration.
[WARN ] 2019-08-29 17:18:58 [restartedMain:3513:org.mybatis.spring.mapper.ClassPathMapperScanner:239] - Skipping MapperFactoryBean with name 'articleMapper' and 'com.unifs.sdbst.app.dao.primary.cms.ArticleMapper' mapperInterface. Bean already defined with the same name!
[WARN ] 2019-08-29 17:18:58 [restartedMain:3513:org.mybatis.spring.mapper.ClassPathMapperScanner:239] - Skipping MapperFactoryBean with name 'categoryMapper' and 'com.unifs.sdbst.app.dao.primary.cms.CategoryMapper' mapperInterface. Bean already defined with the same name!
[WARN ] 2019-08-29 17:18:58 [restartedMain:3513:org.mybatis.spring.mapper.ClassPathMapperScanner:239] - Skipping MapperFactoryBean with name 'departmentMapper' and 'com.unifs.sdbst.app.dao.primary.department.DepartmentMapper' mapperInterface. Bean already defined with the same name!
[WARN ] 2019-08-29 17:18:58 [restartedMain:3514:org.mybatis.spring.mapper.ClassPathMapperScanner:239] - Skipping MapperFactoryBean with name 'informationMapper' and 'com.unifs.sdbst.app.dao.information_admin.InformationMapper' mapperInterface. Bean already defined with the same name!
[WARN ] 2019-08-29 17:18:58 [restartedMain:3514:org.mybatis.spring.mapper.ClassPathMapperScanner:239] - Skipping MapperFactoryBean with name 'dictMapper' and 'com.unifs.sdbst.app.dao.primary.menus.DictMapper' mapperInterface. Bean already defined with the same name!
[WARN ] 2019-08-29 17:18:58 [restartedMain:3514:org.mybatis.spring.mapper.ClassPathMapperScanner:239] - Skipping MapperFactoryBean with name 'menuMapper' and 'com.unifs.sdbst.app.dao.primary.menus.MenuMapper' mapperInterface. Bean already defined with the same name!
[WARN ] 2019-08-29 17:18:58 [restartedMain:3514:org.mybatis.spring.mapper.ClassPathMapperScanner:239] - Skipping MapperFactoryBean with name 'sysUserMenuMapper' and 'com.unifs.sdbst.app.dao.primary.menus.SysUserMenuMapper' mapperInterface. Bean already defined with the same name!
[WARN ] 2019-08-29 17:18:58 [restartedMain:3515:org.mybatis.spring.mapper.ClassPathMapperScanner:239] - Skipping MapperFactoryBean with name 'sysWorkMenuMapper' and 'com.unifs.sdbst.app.dao.primary.menus.SysWorkMenuMapper' mapperInterface. Bean already defined with the same name!
[WARN ] 2019-08-29 17:18:58 [restartedMain:3515:org.mybatis.spring.mapper.ClassPathMapperScanner:239] - Skipping MapperFactoryBean with name 'tagMapper' and 'com.unifs.sdbst.app.dao.primary.menus.TagMapper' mapperInterface. Bean already defined with the same name!
[WARN ] 2019-08-29 17:18:58 [restartedMain:3516:org.mybatis.spring.mapper.ClassPathMapperScanner:239] - Skipping MapperFactoryBean with name 'adviceMapper' and 'com.unifs.sdbst.app.dao.primary.user.AdviceMapper' mapperInterface. Bean already defined with the same name!
[WARN ] 2019-08-29 17:18:58 [restartedMain:3516:org.mybatis.spring.mapper.ClassPathMapperScanner:239] - Skipping MapperFactoryBean with name 'satisfactionMapper' and 'com.unifs.sdbst.app.dao.primary.user.SatisfactionMapper' mapperInterface. Bean already defined with the same name!
[WARN ] 2019-08-29 17:18:58 [restartedMain:3516:org.mybatis.spring.mapper.ClassPathMapperScanner:239] - Skipping MapperFactoryBean with name 'userMapper' and 'com.unifs.sdbst.app.dao.primary.user.UserMapper' mapperInterface. Bean already defined with the same name!
[WARN ] 2019-08-29 17:18:58 [restartedMain:3516:org.mybatis.spring.mapper.ClassPathMapperScanner:239] - Skipping MapperFactoryBean with name 'userOthersMapper' and 'com.unifs.sdbst.app.dao.primary.user.UserOthersMapper' mapperInterface. Bean already defined with the same name!
[WARN ] 2019-08-29 17:18:58 [restartedMain:3517:org.mybatis.spring.mapper.ClassPathMapperScanner:239] - Skipping MapperFactoryBean with name 'userSwtMapper' and 'com.unifs.sdbst.app.dao.primary.user.UserSwtMapper' mapperInterface. Bean already defined with the same name!
[WARN ] 2019-08-29 17:18:58 [restartedMain:3517:org.mybatis.spring.mapper.ClassPathMapperScanner:166] - No MyBatis mapper was found in '[com.unifs.sdbst.*.dao.*]' package. Please check your configuration.
