[WARN ] 2019-08-31 21:23:32 [restartedMain:5140:tk.mybatis.spring.mapper.ClassPathMapperScanner:166] - No MyBatis mapper was found in '[com.unifs.sdbst.backstage.dao]' package. Please check your configuration.
[WARN ] 2019-08-31 21:23:32 [restartedMain:5177:org.mybatis.spring.mapper.ClassPathMapperScanner:239] - Skipping MapperFactoryBean with name 'articleMapper' and 'com.unifs.sdbst.app.dao.primary.cms.ArticleMapper' mapperInterface. Bean already defined with the same name!
[WARN ] 2019-08-31 21:23:32 [restartedMain:5177:org.mybatis.spring.mapper.ClassPathMapperScanner:239] - Skipping MapperFactoryBean with name 'categoryMapper' and 'com.unifs.sdbst.app.dao.primary.cms.CategoryMapper' mapperInterface. Bean already defined with the same name!
[WARN ] 2019-08-31 21:23:32 [restartedMain:5177:org.mybatis.spring.mapper.ClassPathMapperScanner:239] - Skipping MapperFactoryBean with name 'departmentMapper' and 'com.unifs.sdbst.app.dao.primary.department.DepartmentMapper' mapperInterface. Bean already defined with the same name!
[WARN ] 2019-08-31 21:23:32 [restartedMain:5178:org.mybatis.spring.mapper.ClassPathMapperScanner:239] - Skipping MapperFactoryBean with name 'informationMapper' and 'com.unifs.sdbst.app.dao.information_admin.InformationMapper' mapperInterface. Bean already defined with the same name!
[WARN ] 2019-08-31 21:23:32 [restartedMain:5178:org.mybatis.spring.mapper.ClassPathMapperScanner:239] - Skipping MapperFactoryBean with name 'dictMapper' and 'com.unifs.sdbst.app.dao.primary.menus.DictMapper' mapperInterface. Bean already defined with the same name!
[WARN ] 2019-08-31 21:23:32 [restartedMain:5178:org.mybatis.spring.mapper.ClassPathMapperScanner:239] - Skipping MapperFactoryBean with name 'menuMapper' and 'com.unifs.sdbst.app.dao.primary.menus.MenuMapper' mapperInterface. Bean already defined with the same name!
[WARN ] 2019-08-31 21:23:32 [restartedMain:5178:org.mybatis.spring.mapper.ClassPathMapperScanner:239] - Skipping MapperFactoryBean with name 'sysUserMenuMapper' and 'com.unifs.sdbst.app.dao.primary.menus.SysUserMenuMapper' mapperInterface. Bean already defined with the same name!
[WARN ] 2019-08-31 21:23:32 [restartedMain:5178:org.mybatis.spring.mapper.ClassPathMapperScanner:239] - Skipping MapperFactoryBean with name 'sysWorkMenuMapper' and 'com.unifs.sdbst.app.dao.primary.menus.SysWorkMenuMapper' mapperInterface. Bean already defined with the same name!
[WARN ] 2019-08-31 21:23:32 [restartedMain:5179:org.mybatis.spring.mapper.ClassPathMapperScanner:239] - Skipping MapperFactoryBean with name 'tagMapper' and 'com.unifs.sdbst.app.dao.primary.menus.TagMapper' mapperInterface. Bean already defined with the same name!
[WARN ] 2019-08-31 21:23:32 [restartedMain:5179:org.mybatis.spring.mapper.ClassPathMapperScanner:239] - Skipping MapperFactoryBean with name 'adviceMapper' and 'com.unifs.sdbst.app.dao.primary.user.AdviceMapper' mapperInterface. Bean already defined with the same name!
[WARN ] 2019-08-31 21:23:32 [restartedMain:5179:org.mybatis.spring.mapper.ClassPathMapperScanner:239] - Skipping MapperFactoryBean with name 'satisfactionMapper' and 'com.unifs.sdbst.app.dao.primary.user.SatisfactionMapper' mapperInterface. Bean already defined with the same name!
[WARN ] 2019-08-31 21:23:32 [restartedMain:5179:org.mybatis.spring.mapper.ClassPathMapperScanner:239] - Skipping MapperFactoryBean with name 'userMapper' and 'com.unifs.sdbst.app.dao.primary.user.UserMapper' mapperInterface. Bean already defined with the same name!
[WARN ] 2019-08-31 21:23:32 [restartedMain:5179:org.mybatis.spring.mapper.ClassPathMapperScanner:239] - Skipping MapperFactoryBean with name 'userOthersMapper' and 'com.unifs.sdbst.app.dao.primary.user.UserOthersMapper' mapperInterface. Bean already defined with the same name!
[WARN ] 2019-08-31 21:23:32 [restartedMain:5180:org.mybatis.spring.mapper.ClassPathMapperScanner:239] - Skipping MapperFactoryBean with name 'userSwtMapper' and 'com.unifs.sdbst.app.dao.primary.user.UserSwtMapper' mapperInterface. Bean already defined with the same name!
[WARN ] 2019-08-31 21:23:32 [restartedMain:5180:org.mybatis.spring.mapper.ClassPathMapperScanner:166] - No MyBatis mapper was found in '[com.unifs.sdbst.*.dao.*]' package. Please check your configuration.
[WARN ] 2019-08-31 21:26:23 [restartedMain:2353:tk.mybatis.spring.mapper.ClassPathMapperScanner:166] - No MyBatis mapper was found in '[com.unifs.sdbst.backstage.dao]' package. Please check your configuration.
[WARN ] 2019-08-31 21:26:23 [restartedMain:2367:org.mybatis.spring.mapper.ClassPathMapperScanner:239] - Skipping MapperFactoryBean with name 'articleMapper' and 'com.unifs.sdbst.app.dao.primary.cms.ArticleMapper' mapperInterface. Bean already defined with the same name!
[WARN ] 2019-08-31 21:26:23 [restartedMain:2367:org.mybatis.spring.mapper.ClassPathMapperScanner:239] - Skipping MapperFactoryBean with name 'categoryMapper' and 'com.unifs.sdbst.app.dao.primary.cms.CategoryMapper' mapperInterface. Bean already defined with the same name!
[WARN ] 2019-08-31 21:26:23 [restartedMain:2367:org.mybatis.spring.mapper.ClassPathMapperScanner:239] - Skipping MapperFactoryBean with name 'departmentMapper' and 'com.unifs.sdbst.app.dao.primary.department.DepartmentMapper' mapperInterface. Bean already defined with the same name!
[WARN ] 2019-08-31 21:26:23 [restartedMain:2368:org.mybatis.spring.mapper.ClassPathMapperScanner:239] - Skipping MapperFactoryBean with name 'informationMapper' and 'com.unifs.sdbst.app.dao.information_admin.InformationMapper' mapperInterface. Bean already defined with the same name!
[WARN ] 2019-08-31 21:26:23 [restartedMain:2368:org.mybatis.spring.mapper.ClassPathMapperScanner:239] - Skipping MapperFactoryBean with name 'dictMapper' and 'com.unifs.sdbst.app.dao.primary.menus.DictMapper' mapperInterface. Bean already defined with the same name!
[WARN ] 2019-08-31 21:26:23 [restartedMain:2368:org.mybatis.spring.mapper.ClassPathMapperScanner:239] - Skipping MapperFactoryBean with name 'menuMapper' and 'com.unifs.sdbst.app.dao.primary.menus.MenuMapper' mapperInterface. Bean already defined with the same name!
[WARN ] 2019-08-31 21:26:23 [restartedMain:2368:org.mybatis.spring.mapper.ClassPathMapperScanner:239] - Skipping MapperFactoryBean with name 'sysUserMenuMapper' and 'com.unifs.sdbst.app.dao.primary.menus.SysUserMenuMapper' mapperInterface. Bean already defined with the same name!
[WARN ] 2019-08-31 21:26:23 [restartedMain:2368:org.mybatis.spring.mapper.ClassPathMapperScanner:239] - Skipping MapperFactoryBean with name 'sysWorkMenuMapper' and 'com.unifs.sdbst.app.dao.primary.menus.SysWorkMenuMapper' mapperInterface. Bean already defined with the same name!
[WARN ] 2019-08-31 21:26:23 [restartedMain:2369:org.mybatis.spring.mapper.ClassPathMapperScanner:239] - Skipping MapperFactoryBean with name 'tagMapper' and 'com.unifs.sdbst.app.dao.primary.menus.TagMapper' mapperInterface. Bean already defined with the same name!
[WARN ] 2019-08-31 21:26:23 [restartedMain:2369:org.mybatis.spring.mapper.ClassPathMapperScanner:239] - Skipping MapperFactoryBean with name 'adviceMapper' and 'com.unifs.sdbst.app.dao.primary.user.AdviceMapper' mapperInterface. Bean already defined with the same name!
[WARN ] 2019-08-31 21:26:23 [restartedMain:2369:org.mybatis.spring.mapper.ClassPathMapperScanner:239] - Skipping MapperFactoryBean with name 'satisfactionMapper' and 'com.unifs.sdbst.app.dao.primary.user.SatisfactionMapper' mapperInterface. Bean already defined with the same name!
[WARN ] 2019-08-31 21:26:23 [restartedMain:2369:org.mybatis.spring.mapper.ClassPathMapperScanner:239] - Skipping MapperFactoryBean with name 'userMapper' and 'com.unifs.sdbst.app.dao.primary.user.UserMapper' mapperInterface. Bean already defined with the same name!
[WARN ] 2019-08-31 21:26:23 [restartedMain:2369:org.mybatis.spring.mapper.ClassPathMapperScanner:239] - Skipping MapperFactoryBean with name 'userOthersMapper' and 'com.unifs.sdbst.app.dao.primary.user.UserOthersMapper' mapperInterface. Bean already defined with the same name!
[WARN ] 2019-08-31 21:26:23 [restartedMain:2369:org.mybatis.spring.mapper.ClassPathMapperScanner:239] - Skipping MapperFactoryBean with name 'userSwtMapper' and 'com.unifs.sdbst.app.dao.primary.user.UserSwtMapper' mapperInterface. Bean already defined with the same name!
[WARN ] 2019-08-31 21:26:23 [restartedMain:2370:org.mybatis.spring.mapper.ClassPathMapperScanner:166] - No MyBatis mapper was found in '[com.unifs.sdbst.*.dao.*]' package. Please check your configuration.
[WARN ] 2019-08-31 21:28:26 [http-nio-0.0.0.0-8081-exec-1:125377:org.springframework.web.servlet.mvc.method.annotation.ExceptionHandlerExceptionResolver:197] - Resolved [org.springframework.validation.BindException: org.springframework.validation.BeanPropertyBindingResult: 2 errors
Field error in object 'passwordVo' on field 'code': rejected value [null]; codes [NotNull.passwordVo.code,NotNull.code,NotNull.java.lang.String,NotNull]; arguments [org.springframework.context.support.DefaultMessageSourceResolvable: codes [passwordVo.code,code]; arguments []; default message [code]]; default message [不能为null]
Field error in object 'passwordVo' on field 'loginName': rejected value [null]; codes [NotNull.passwordVo.loginName,NotNull.loginName,NotNull.java.lang.String,NotNull]; arguments [org.springframework.context.support.DefaultMessageSourceResolvable: codes [passwordVo.loginName,loginName]; arguments []; default message [loginName]]; default message [不能为null]]
[WARN ] 2019-08-31 21:31:27 [main:4938:tk.mybatis.spring.mapper.ClassPathMapperScanner:166] - No MyBatis mapper was found in '[com.unifs.sdbst.backstage.dao]' package. Please check your configuration.
[WARN ] 2019-08-31 21:31:27 [main:4965:org.mybatis.spring.mapper.ClassPathMapperScanner:239] - Skipping MapperFactoryBean with name 'articleMapper' and 'com.unifs.sdbst.app.dao.primary.cms.ArticleMapper' mapperInterface. Bean already defined with the same name!
[WARN ] 2019-08-31 21:31:27 [main:4966:org.mybatis.spring.mapper.ClassPathMapperScanner:239] - Skipping MapperFactoryBean with name 'categoryMapper' and 'com.unifs.sdbst.app.dao.primary.cms.CategoryMapper' mapperInterface. Bean already defined with the same name!
[WARN ] 2019-08-31 21:31:27 [main:4967:org.mybatis.spring.mapper.ClassPathMapperScanner:239] - Skipping MapperFactoryBean with name 'departmentMapper' and 'com.unifs.sdbst.app.dao.primary.department.DepartmentMapper' mapperInterface. Bean already defined with the same name!
[WARN ] 2019-08-31 21:31:27 [main:4967:org.mybatis.spring.mapper.ClassPathMapperScanner:239] - Skipping MapperFactoryBean with name 'informationMapper' and 'com.unifs.sdbst.app.dao.information_admin.InformationMapper' mapperInterface. Bean already defined with the same name!
[WARN ] 2019-08-31 21:31:27 [main:4968:org.mybatis.spring.mapper.ClassPathMapperScanner:239] - Skipping MapperFactoryBean with name 'dictMapper' and 'com.unifs.sdbst.app.dao.primary.menus.DictMapper' mapperInterface. Bean already defined with the same name!
[WARN ] 2019-08-31 21:31:27 [main:4968:org.mybatis.spring.mapper.ClassPathMapperScanner:239] - Skipping MapperFactoryBean with name 'menuMapper' and 'com.unifs.sdbst.app.dao.primary.menus.MenuMapper' mapperInterface. Bean already defined with the same name!
[WARN ] 2019-08-31 21:31:27 [main:4969:org.mybatis.spring.mapper.ClassPathMapperScanner:239] - Skipping MapperFactoryBean with name 'sysUserMenuMapper' and 'com.unifs.sdbst.app.dao.primary.menus.SysUserMenuMapper' mapperInterface. Bean already defined with the same name!
[WARN ] 2019-08-31 21:31:27 [main:4969:org.mybatis.spring.mapper.ClassPathMapperScanner:239] - Skipping MapperFactoryBean with name 'sysWorkMenuMapper' and 'com.unifs.sdbst.app.dao.primary.menus.SysWorkMenuMapper' mapperInterface. Bean already defined with the same name!
[WARN ] 2019-08-31 21:31:27 [main:4970:org.mybatis.spring.mapper.ClassPathMapperScanner:239] - Skipping MapperFactoryBean with name 'tagMapper' and 'com.unifs.sdbst.app.dao.primary.menus.TagMapper' mapperInterface. Bean already defined with the same name!
[WARN ] 2019-08-31 21:31:27 [main:4971:org.mybatis.spring.mapper.ClassPathMapperScanner:239] - Skipping MapperFactoryBean with name 'adviceMapper' and 'com.unifs.sdbst.app.dao.primary.user.AdviceMapper' mapperInterface. Bean already defined with the same name!
[WARN ] 2019-08-31 21:31:27 [main:4971:org.mybatis.spring.mapper.ClassPathMapperScanner:239] - Skipping MapperFactoryBean with name 'satisfactionMapper' and 'com.unifs.sdbst.app.dao.primary.user.SatisfactionMapper' mapperInterface. Bean already defined with the same name!
[WARN ] 2019-08-31 21:31:27 [main:4972:org.mybatis.spring.mapper.ClassPathMapperScanner:239] - Skipping MapperFactoryBean with name 'userMapper' and 'com.unifs.sdbst.app.dao.primary.user.UserMapper' mapperInterface. Bean already defined with the same name!
[WARN ] 2019-08-31 21:31:27 [main:4972:org.mybatis.spring.mapper.ClassPathMapperScanner:239] - Skipping MapperFactoryBean with name 'userOthersMapper' and 'com.unifs.sdbst.app.dao.primary.user.UserOthersMapper' mapperInterface. Bean already defined with the same name!
[WARN ] 2019-08-31 21:31:27 [main:4973:org.mybatis.spring.mapper.ClassPathMapperScanner:239] - Skipping MapperFactoryBean with name 'userSwtMapper' and 'com.unifs.sdbst.app.dao.primary.user.UserSwtMapper' mapperInterface. Bean already defined with the same name!
[WARN ] 2019-08-31 21:31:27 [main:4975:org.mybatis.spring.mapper.ClassPathMapperScanner:166] - No MyBatis mapper was found in '[com.unifs.sdbst.*.dao.*]' package. Please check your configuration.
[WARN ] 2019-08-31 21:32:13 [restartedMain:3226:tk.mybatis.spring.mapper.ClassPathMapperScanner:166] - No MyBatis mapper was found in '[com.unifs.sdbst.backstage.dao]' package. Please check your configuration.
[WARN ] 2019-08-31 21:32:13 [restartedMain:3244:org.mybatis.spring.mapper.ClassPathMapperScanner:239] - Skipping MapperFactoryBean with name 'articleMapper' and 'com.unifs.sdbst.app.dao.primary.cms.ArticleMapper' mapperInterface. Bean already defined with the same name!
[WARN ] 2019-08-31 21:32:13 [restartedMain:3245:org.mybatis.spring.mapper.ClassPathMapperScanner:239] - Skipping MapperFactoryBean with name 'categoryMapper' and 'com.unifs.sdbst.app.dao.primary.cms.CategoryMapper' mapperInterface. Bean already defined with the same name!
[WARN ] 2019-08-31 21:32:13 [restartedMain:3245:org.mybatis.spring.mapper.ClassPathMapperScanner:239] - Skipping MapperFactoryBean with name 'departmentMapper' and 'com.unifs.sdbst.app.dao.primary.department.DepartmentMapper' mapperInterface. Bean already defined with the same name!
[WARN ] 2019-08-31 21:32:13 [restartedMain:3246:org.mybatis.spring.mapper.ClassPathMapperScanner:239] - Skipping MapperFactoryBean with name 'informationMapper' and 'com.unifs.sdbst.app.dao.information_admin.InformationMapper' mapperInterface. Bean already defined with the same name!
[WARN ] 2019-08-31 21:32:13 [restartedMain:3246:org.mybatis.spring.mapper.ClassPathMapperScanner:239] - Skipping MapperFactoryBean with name 'dictMapper' and 'com.unifs.sdbst.app.dao.primary.menus.DictMapper' mapperInterface. Bean already defined with the same name!
[WARN ] 2019-08-31 21:32:13 [restartedMain:3246:org.mybatis.spring.mapper.ClassPathMapperScanner:239] - Skipping MapperFactoryBean with name 'menuMapper' and 'com.unifs.sdbst.app.dao.primary.menus.MenuMapper' mapperInterface. Bean already defined with the same name!
[WARN ] 2019-08-31 21:32:13 [restartedMain:3247:org.mybatis.spring.mapper.ClassPathMapperScanner:239] - Skipping MapperFactoryBean with name 'sysUserMenuMapper' and 'com.unifs.sdbst.app.dao.primary.menus.SysUserMenuMapper' mapperInterface. Bean already defined with the same name!
[WARN ] 2019-08-31 21:32:13 [restartedMain:3247:org.mybatis.spring.mapper.ClassPathMapperScanner:239] - Skipping MapperFactoryBean with name 'sysWorkMenuMapper' and 'com.unifs.sdbst.app.dao.primary.menus.SysWorkMenuMapper' mapperInterface. Bean already defined with the same name!
[WARN ] 2019-08-31 21:32:13 [restartedMain:3248:org.mybatis.spring.mapper.ClassPathMapperScanner:239] - Skipping MapperFactoryBean with name 'tagMapper' and 'com.unifs.sdbst.app.dao.primary.menus.TagMapper' mapperInterface. Bean already defined with the same name!
[WARN ] 2019-08-31 21:32:13 [restartedMain:3248:org.mybatis.spring.mapper.ClassPathMapperScanner:239] - Skipping MapperFactoryBean with name 'adviceMapper' and 'com.unifs.sdbst.app.dao.primary.user.AdviceMapper' mapperInterface. Bean already defined with the same name!
[WARN ] 2019-08-31 21:32:13 [restartedMain:3248:org.mybatis.spring.mapper.ClassPathMapperScanner:239] - Skipping MapperFactoryBean with name 'satisfactionMapper' and 'com.unifs.sdbst.app.dao.primary.user.SatisfactionMapper' mapperInterface. Bean already defined with the same name!
[WARN ] 2019-08-31 21:32:13 [restartedMain:3249:org.mybatis.spring.mapper.ClassPathMapperScanner:239] - Skipping MapperFactoryBean with name 'userMapper' and 'com.unifs.sdbst.app.dao.primary.user.UserMapper' mapperInterface. Bean already defined with the same name!
[WARN ] 2019-08-31 21:32:13 [restartedMain:3249:org.mybatis.spring.mapper.ClassPathMapperScanner:239] - Skipping MapperFactoryBean with name 'userOthersMapper' and 'com.unifs.sdbst.app.dao.primary.user.UserOthersMapper' mapperInterface. Bean already defined with the same name!
[WARN ] 2019-08-31 21:32:13 [restartedMain:3249:org.mybatis.spring.mapper.ClassPathMapperScanner:239] - Skipping MapperFactoryBean with name 'userSwtMapper' and 'com.unifs.sdbst.app.dao.primary.user.UserSwtMapper' mapperInterface. Bean already defined with the same name!
[WARN ] 2019-08-31 21:32:13 [restartedMain:3250:org.mybatis.spring.mapper.ClassPathMapperScanner:166] - No MyBatis mapper was found in '[com.unifs.sdbst.*.dao.*]' package. Please check your configuration.
[WARN ] 2019-08-31 21:32:32 [http-nio-0.0.0.0-8081-exec-1:21351:org.springframework.web.servlet.mvc.method.annotation.ExceptionHandlerExceptionResolver:197] - Resolved [MyException(appmsg=验证码已过期！, appcode=0)]
[WARN ] 2019-08-31 21:33:05 [restartedMain:55286:tk.mybatis.spring.mapper.ClassPathMapperScanner:166] - No MyBatis mapper was found in '[com.unifs.sdbst.backstage.dao]' package. Please check your configuration.
[WARN ] 2019-08-31 21:33:05 [restartedMain:55298:org.mybatis.spring.mapper.ClassPathMapperScanner:239] - Skipping MapperFactoryBean with name 'articleMapper' and 'com.unifs.sdbst.app.dao.primary.cms.ArticleMapper' mapperInterface. Bean already defined with the same name!
[WARN ] 2019-08-31 21:33:05 [restartedMain:55298:org.mybatis.spring.mapper.ClassPathMapperScanner:239] - Skipping MapperFactoryBean with name 'categoryMapper' and 'com.unifs.sdbst.app.dao.primary.cms.CategoryMapper' mapperInterface. Bean already defined with the same name!
[WARN ] 2019-08-31 21:33:05 [restartedMain:55298:org.mybatis.spring.mapper.ClassPathMapperScanner:239] - Skipping MapperFactoryBean with name 'departmentMapper' and 'com.unifs.sdbst.app.dao.primary.department.DepartmentMapper' mapperInterface. Bean already defined with the same name!
[WARN ] 2019-08-31 21:33:05 [restartedMain:55298:org.mybatis.spring.mapper.ClassPathMapperScanner:239] - Skipping MapperFactoryBean with name 'informationMapper' and 'com.unifs.sdbst.app.dao.information_admin.InformationMapper' mapperInterface. Bean already defined with the same name!
[WARN ] 2019-08-31 21:33:05 [restartedMain:55298:org.mybatis.spring.mapper.ClassPathMapperScanner:239] - Skipping MapperFactoryBean with name 'dictMapper' and 'com.unifs.sdbst.app.dao.primary.menus.DictMapper' mapperInterface. Bean already defined with the same name!
[WARN ] 2019-08-31 21:33:05 [restartedMain:55299:org.mybatis.spring.mapper.ClassPathMapperScanner:239] - Skipping MapperFactoryBean with name 'menuMapper' and 'com.unifs.sdbst.app.dao.primary.menus.MenuMapper' mapperInterface. Bean already defined with the same name!
[WARN ] 2019-08-31 21:33:05 [restartedMain:55299:org.mybatis.spring.mapper.ClassPathMapperScanner:239] - Skipping MapperFactoryBean with name 'sysUserMenuMapper' and 'com.unifs.sdbst.app.dao.primary.menus.SysUserMenuMapper' mapperInterface. Bean already defined with the same name!
[WARN ] 2019-08-31 21:33:05 [restartedMain:55299:org.mybatis.spring.mapper.ClassPathMapperScanner:239] - Skipping MapperFactoryBean with name 'sysWorkMenuMapper' and 'com.unifs.sdbst.app.dao.primary.menus.SysWorkMenuMapper' mapperInterface. Bean already defined with the same name!
[WARN ] 2019-08-31 21:33:05 [restartedMain:55299:org.mybatis.spring.mapper.ClassPathMapperScanner:239] - Skipping MapperFactoryBean with name 'tagMapper' and 'com.unifs.sdbst.app.dao.primary.menus.TagMapper' mapperInterface. Bean already defined with the same name!
[WARN ] 2019-08-31 21:33:05 [restartedMain:55299:org.mybatis.spring.mapper.ClassPathMapperScanner:239] - Skipping MapperFactoryBean with name 'adviceMapper' and 'com.unifs.sdbst.app.dao.primary.user.AdviceMapper' mapperInterface. Bean already defined with the same name!
[WARN ] 2019-08-31 21:33:05 [restartedMain:55300:org.mybatis.spring.mapper.ClassPathMapperScanner:239] - Skipping MapperFactoryBean with name 'satisfactionMapper' and 'com.unifs.sdbst.app.dao.primary.user.SatisfactionMapper' mapperInterface. Bean already defined with the same name!
[WARN ] 2019-08-31 21:33:05 [restartedMain:55300:org.mybatis.spring.mapper.ClassPathMapperScanner:239] - Skipping MapperFactoryBean with name 'userMapper' and 'com.unifs.sdbst.app.dao.primary.user.UserMapper' mapperInterface. Bean already defined with the same name!
[WARN ] 2019-08-31 21:33:05 [restartedMain:55300:org.mybatis.spring.mapper.ClassPathMapperScanner:239] - Skipping MapperFactoryBean with name 'userOthersMapper' and 'com.unifs.sdbst.app.dao.primary.user.UserOthersMapper' mapperInterface. Bean already defined with the same name!
[WARN ] 2019-08-31 21:33:05 [restartedMain:55300:org.mybatis.spring.mapper.ClassPathMapperScanner:239] - Skipping MapperFactoryBean with name 'userSwtMapper' and 'com.unifs.sdbst.app.dao.primary.user.UserSwtMapper' mapperInterface. Bean already defined with the same name!
[WARN ] 2019-08-31 21:33:05 [restartedMain:55300:org.mybatis.spring.mapper.ClassPathMapperScanner:166] - No MyBatis mapper was found in '[com.unifs.sdbst.*.dao.*]' package. Please check your configuration.
[WARN ] 2019-08-31 21:33:08 [restartedMain:57490:org.springframework.boot.web.servlet.context.AnnotationConfigServletWebServerApplicationContext:557] - Exception encountered during context initialization - cancelling refresh attempt: org.springframework.beans.factory.UnsatisfiedDependencyException: Error creating bean with name 'stController': Unsatisfied dependency expressed through field 'userService'; nested exception is org.springframework.beans.factory.NoSuchBeanDefinitionException: No qualifying bean of type 'com.unifs.sdbst.app.service.user.UserService' available: expected at least 1 bean which qualifies as autowire candidate. Dependency annotations: {@org.springframework.beans.factory.annotation.Autowired(required=true)}
[WARN ] 2019-08-31 21:33:13 [restartedMain:62363:tk.mybatis.spring.mapper.ClassPathMapperScanner:166] - No MyBatis mapper was found in '[com.unifs.sdbst.backstage.dao]' package. Please check your configuration.
[WARN ] 2019-08-31 21:33:13 [restartedMain:62371:org.mybatis.spring.mapper.ClassPathMapperScanner:239] - Skipping MapperFactoryBean with name 'articleMapper' and 'com.unifs.sdbst.app.dao.primary.cms.ArticleMapper' mapperInterface. Bean already defined with the same name!
[WARN ] 2019-08-31 21:33:13 [restartedMain:62371:org.mybatis.spring.mapper.ClassPathMapperScanner:239] - Skipping MapperFactoryBean with name 'categoryMapper' and 'com.unifs.sdbst.app.dao.primary.cms.CategoryMapper' mapperInterface. Bean already defined with the same name!
[WARN ] 2019-08-31 21:33:13 [restartedMain:62371:org.mybatis.spring.mapper.ClassPathMapperScanner:239] - Skipping MapperFactoryBean with name 'departmentMapper' and 'com.unifs.sdbst.app.dao.primary.department.DepartmentMapper' mapperInterface. Bean already defined with the same name!
[WARN ] 2019-08-31 21:33:13 [restartedMain:62371:org.mybatis.spring.mapper.ClassPathMapperScanner:239] - Skipping MapperFactoryBean with name 'informationMapper' and 'com.unifs.sdbst.app.dao.information_admin.InformationMapper' mapperInterface. Bean already defined with the same name!
[WARN ] 2019-08-31 21:33:13 [restartedMain:62371:org.mybatis.spring.mapper.ClassPathMapperScanner:239] - Skipping MapperFactoryBean with name 'dictMapper' and 'com.unifs.sdbst.app.dao.primary.menus.DictMapper' mapperInterface. Bean already defined with the same name!
[WARN ] 2019-08-31 21:33:13 [restartedMain:62371:org.mybatis.spring.mapper.ClassPathMapperScanner:239] - Skipping MapperFactoryBean with name 'menuMapper' and 'com.unifs.sdbst.app.dao.primary.menus.MenuMapper' mapperInterface. Bean already defined with the same name!
[WARN ] 2019-08-31 21:33:13 [restartedMain:62372:org.mybatis.spring.mapper.ClassPathMapperScanner:239] - Skipping MapperFactoryBean with name 'sysUserMenuMapper' and 'com.unifs.sdbst.app.dao.primary.menus.SysUserMenuMapper' mapperInterface. Bean already defined with the same name!
[WARN ] 2019-08-31 21:33:13 [restartedMain:62372:org.mybatis.spring.mapper.ClassPathMapperScanner:239] - Skipping MapperFactoryBean with name 'sysWorkMenuMapper' and 'com.unifs.sdbst.app.dao.primary.menus.SysWorkMenuMapper' mapperInterface. Bean already defined with the same name!
[WARN ] 2019-08-31 21:33:13 [restartedMain:62372:org.mybatis.spring.mapper.ClassPathMapperScanner:239] - Skipping MapperFactoryBean with name 'tagMapper' and 'com.unifs.sdbst.app.dao.primary.menus.TagMapper' mapperInterface. Bean already defined with the same name!
[WARN ] 2019-08-31 21:33:13 [restartedMain:62372:org.mybatis.spring.mapper.ClassPathMapperScanner:239] - Skipping MapperFactoryBean with name 'adviceMapper' and 'com.unifs.sdbst.app.dao.primary.user.AdviceMapper' mapperInterface. Bean already defined with the same name!
[WARN ] 2019-08-31 21:33:13 [restartedMain:62372:org.mybatis.spring.mapper.ClassPathMapperScanner:239] - Skipping MapperFactoryBean with name 'satisfactionMapper' and 'com.unifs.sdbst.app.dao.primary.user.SatisfactionMapper' mapperInterface. Bean already defined with the same name!
[WARN ] 2019-08-31 21:33:13 [restartedMain:62372:org.mybatis.spring.mapper.ClassPathMapperScanner:239] - Skipping MapperFactoryBean with name 'userMapper' and 'com.unifs.sdbst.app.dao.primary.user.UserMapper' mapperInterface. Bean already defined with the same name!
[WARN ] 2019-08-31 21:33:13 [restartedMain:62372:org.mybatis.spring.mapper.ClassPathMapperScanner:239] - Skipping MapperFactoryBean with name 'userOthersMapper' and 'com.unifs.sdbst.app.dao.primary.user.UserOthersMapper' mapperInterface. Bean already defined with the same name!
[WARN ] 2019-08-31 21:33:13 [restartedMain:62373:org.mybatis.spring.mapper.ClassPathMapperScanner:239] - Skipping MapperFactoryBean with name 'userSwtMapper' and 'com.unifs.sdbst.app.dao.primary.user.UserSwtMapper' mapperInterface. Bean already defined with the same name!
[WARN ] 2019-08-31 21:33:13 [restartedMain:62373:org.mybatis.spring.mapper.ClassPathMapperScanner:166] - No MyBatis mapper was found in '[com.unifs.sdbst.*.dao.*]' package. Please check your configuration.
[WARN ] 2019-08-31 21:33:14 [restartedMain:64191:org.springframework.boot.web.servlet.context.AnnotationConfigServletWebServerApplicationContext:557] - Exception encountered during context initialization - cancelling refresh attempt: org.springframework.beans.factory.UnsatisfiedDependencyException: Error creating bean with name 'stController': Unsatisfied dependency expressed through field 'userService'; nested exception is org.springframework.beans.factory.NoSuchBeanDefinitionException: No qualifying bean of type 'com.unifs.sdbst.app.service.user.UserService' available: expected at least 1 bean which qualifies as autowire candidate. Dependency annotations: {@org.springframework.beans.factory.annotation.Autowired(required=true)}
[WARN ] 2019-08-31 21:33:39 [restartedMain:2801:tk.mybatis.spring.mapper.ClassPathMapperScanner:166] - No MyBatis mapper was found in '[com.unifs.sdbst.backstage.dao]' package. Please check your configuration.
[WARN ] 2019-08-31 21:33:39 [restartedMain:2817:org.mybatis.spring.mapper.ClassPathMapperScanner:239] - Skipping MapperFactoryBean with name 'articleMapper' and 'com.unifs.sdbst.app.dao.primary.cms.ArticleMapper' mapperInterface. Bean already defined with the same name!
[WARN ] 2019-08-31 21:33:39 [restartedMain:2818:org.mybatis.spring.mapper.ClassPathMapperScanner:239] - Skipping MapperFactoryBean with name 'categoryMapper' and 'com.unifs.sdbst.app.dao.primary.cms.CategoryMapper' mapperInterface. Bean already defined with the same name!
[WARN ] 2019-08-31 21:33:39 [restartedMain:2818:org.mybatis.spring.mapper.ClassPathMapperScanner:239] - Skipping MapperFactoryBean with name 'departmentMapper' and 'com.unifs.sdbst.app.dao.primary.department.DepartmentMapper' mapperInterface. Bean already defined with the same name!
[WARN ] 2019-08-31 21:33:39 [restartedMain:2818:org.mybatis.spring.mapper.ClassPathMapperScanner:239] - Skipping MapperFactoryBean with name 'informationMapper' and 'com.unifs.sdbst.app.dao.information_admin.InformationMapper' mapperInterface. Bean already defined with the same name!
[WARN ] 2019-08-31 21:33:39 [restartedMain:2818:org.mybatis.spring.mapper.ClassPathMapperScanner:239] - Skipping MapperFactoryBean with name 'dictMapper' and 'com.unifs.sdbst.app.dao.primary.menus.DictMapper' mapperInterface. Bean already defined with the same name!
[WARN ] 2019-08-31 21:33:39 [restartedMain:2819:org.mybatis.spring.mapper.ClassPathMapperScanner:239] - Skipping MapperFactoryBean with name 'menuMapper' and 'com.unifs.sdbst.app.dao.primary.menus.MenuMapper' mapperInterface. Bean already defined with the same name!
[WARN ] 2019-08-31 21:33:39 [restartedMain:2819:org.mybatis.spring.mapper.ClassPathMapperScanner:239] - Skipping MapperFactoryBean with name 'sysUserMenuMapper' and 'com.unifs.sdbst.app.dao.primary.menus.SysUserMenuMapper' mapperInterface. Bean already defined with the same name!
[WARN ] 2019-08-31 21:33:39 [restartedMain:2819:org.mybatis.spring.mapper.ClassPathMapperScanner:239] - Skipping MapperFactoryBean with name 'sysWorkMenuMapper' and 'com.unifs.sdbst.app.dao.primary.menus.SysWorkMenuMapper' mapperInterface. Bean already defined with the same name!
[WARN ] 2019-08-31 21:33:39 [restartedMain:2819:org.mybatis.spring.mapper.ClassPathMapperScanner:239] - Skipping MapperFactoryBean with name 'tagMapper' and 'com.unifs.sdbst.app.dao.primary.menus.TagMapper' mapperInterface. Bean already defined with the same name!
[WARN ] 2019-08-31 21:33:39 [restartedMain:2819:org.mybatis.spring.mapper.ClassPathMapperScanner:239] - Skipping MapperFactoryBean with name 'adviceMapper' and 'com.unifs.sdbst.app.dao.primary.user.AdviceMapper' mapperInterface. Bean already defined with the same name!
[WARN ] 2019-08-31 21:33:39 [restartedMain:2820:org.mybatis.spring.mapper.ClassPathMapperScanner:239] - Skipping MapperFactoryBean with name 'satisfactionMapper' and 'com.unifs.sdbst.app.dao.primary.user.SatisfactionMapper' mapperInterface. Bean already defined with the same name!
[WARN ] 2019-08-31 21:33:39 [restartedMain:2820:org.mybatis.spring.mapper.ClassPathMapperScanner:239] - Skipping MapperFactoryBean with name 'userMapper' and 'com.unifs.sdbst.app.dao.primary.user.UserMapper' mapperInterface. Bean already defined with the same name!
[WARN ] 2019-08-31 21:33:39 [restartedMain:2820:org.mybatis.spring.mapper.ClassPathMapperScanner:239] - Skipping MapperFactoryBean with name 'userOthersMapper' and 'com.unifs.sdbst.app.dao.primary.user.UserOthersMapper' mapperInterface. Bean already defined with the same name!
[WARN ] 2019-08-31 21:33:39 [restartedMain:2820:org.mybatis.spring.mapper.ClassPathMapperScanner:239] - Skipping MapperFactoryBean with name 'userSwtMapper' and 'com.unifs.sdbst.app.dao.primary.user.UserSwtMapper' mapperInterface. Bean already defined with the same name!
[WARN ] 2019-08-31 21:33:39 [restartedMain:2820:org.mybatis.spring.mapper.ClassPathMapperScanner:166] - No MyBatis mapper was found in '[com.unifs.sdbst.*.dao.*]' package. Please check your configuration.
[WARN ] 2019-08-31 21:34:06 [http-nio-0.0.0.0-8081-exec-1:29924:org.springframework.web.servlet.mvc.method.annotation.ExceptionHandlerExceptionResolver:197] - Resolved [java.lang.NullPointerException]
[WARN ] 2019-08-31 21:34:55 [restartedMain:79073:tk.mybatis.spring.mapper.ClassPathMapperScanner:166] - No MyBatis mapper was found in '[com.unifs.sdbst.backstage.dao]' package. Please check your configuration.
[WARN ] 2019-08-31 21:34:55 [restartedMain:79094:org.mybatis.spring.mapper.ClassPathMapperScanner:239] - Skipping MapperFactoryBean with name 'articleMapper' and 'com.unifs.sdbst.app.dao.primary.cms.ArticleMapper' mapperInterface. Bean already defined with the same name!
[WARN ] 2019-08-31 21:34:55 [restartedMain:79094:org.mybatis.spring.mapper.ClassPathMapperScanner:239] - Skipping MapperFactoryBean with name 'categoryMapper' and 'com.unifs.sdbst.app.dao.primary.cms.CategoryMapper' mapperInterface. Bean already defined with the same name!
[WARN ] 2019-08-31 21:34:55 [restartedMain:79094:org.mybatis.spring.mapper.ClassPathMapperScanner:239] - Skipping MapperFactoryBean with name 'departmentMapper' and 'com.unifs.sdbst.app.dao.primary.department.DepartmentMapper' mapperInterface. Bean already defined with the same name!
[WARN ] 2019-08-31 21:34:55 [restartedMain:79095:org.mybatis.spring.mapper.ClassPathMapperScanner:239] - Skipping MapperFactoryBean with name 'informationMapper' and 'com.unifs.sdbst.app.dao.information_admin.InformationMapper' mapperInterface. Bean already defined with the same name!
[WARN ] 2019-08-31 21:34:55 [restartedMain:79095:org.mybatis.spring.mapper.ClassPathMapperScanner:239] - Skipping MapperFactoryBean with name 'dictMapper' and 'com.unifs.sdbst.app.dao.primary.menus.DictMapper' mapperInterface. Bean already defined with the same name!
[WARN ] 2019-08-31 21:34:55 [restartedMain:79095:org.mybatis.spring.mapper.ClassPathMapperScanner:239] - Skipping MapperFactoryBean with name 'menuMapper' and 'com.unifs.sdbst.app.dao.primary.menus.MenuMapper' mapperInterface. Bean already defined with the same name!
[WARN ] 2019-08-31 21:34:55 [restartedMain:79096:org.mybatis.spring.mapper.ClassPathMapperScanner:239] - Skipping MapperFactoryBean with name 'sysUserMenuMapper' and 'com.unifs.sdbst.app.dao.primary.menus.SysUserMenuMapper' mapperInterface. Bean already defined with the same name!
[WARN ] 2019-08-31 21:34:55 [restartedMain:79097:org.mybatis.spring.mapper.ClassPathMapperScanner:239] - Skipping MapperFactoryBean with name 'sysWorkMenuMapper' and 'com.unifs.sdbst.app.dao.primary.menus.SysWorkMenuMapper' mapperInterface. Bean already defined with the same name!
[WARN ] 2019-08-31 21:34:55 [restartedMain:79097:org.mybatis.spring.mapper.ClassPathMapperScanner:239] - Skipping MapperFactoryBean with name 'tagMapper' and 'com.unifs.sdbst.app.dao.primary.menus.TagMapper' mapperInterface. Bean already defined with the same name!
[WARN ] 2019-08-31 21:34:55 [restartedMain:79099:org.mybatis.spring.mapper.ClassPathMapperScanner:239] - Skipping MapperFactoryBean with name 'adviceMapper' and 'com.unifs.sdbst.app.dao.primary.user.AdviceMapper' mapperInterface. Bean already defined with the same name!
[WARN ] 2019-08-31 21:34:55 [restartedMain:79099:org.mybatis.spring.mapper.ClassPathMapperScanner:239] - Skipping MapperFactoryBean with name 'satisfactionMapper' and 'com.unifs.sdbst.app.dao.primary.user.SatisfactionMapper' mapperInterface. Bean already defined with the same name!
[WARN ] 2019-08-31 21:34:55 [restartedMain:79099:org.mybatis.spring.mapper.ClassPathMapperScanner:239] - Skipping MapperFactoryBean with name 'userMapper' and 'com.unifs.sdbst.app.dao.primary.user.UserMapper' mapperInterface. Bean already defined with the same name!
[WARN ] 2019-08-31 21:34:55 [restartedMain:79100:org.mybatis.spring.mapper.ClassPathMapperScanner:239] - Skipping MapperFactoryBean with name 'userOthersMapper' and 'com.unifs.sdbst.app.dao.primary.user.UserOthersMapper' mapperInterface. Bean already defined with the same name!
[WARN ] 2019-08-31 21:34:55 [restartedMain:79100:org.mybatis.spring.mapper.ClassPathMapperScanner:239] - Skipping MapperFactoryBean with name 'userSwtMapper' and 'com.unifs.sdbst.app.dao.primary.user.UserSwtMapper' mapperInterface. Bean already defined with the same name!
[WARN ] 2019-08-31 21:34:55 [restartedMain:79100:org.mybatis.spring.mapper.ClassPathMapperScanner:166] - No MyBatis mapper was found in '[com.unifs.sdbst.*.dao.*]' package. Please check your configuration.
[WARN ] 2019-08-31 21:34:58 [restartedMain:82148:org.springframework.boot.web.servlet.context.AnnotationConfigServletWebServerApplicationContext:557] - Exception encountered during context initialization - cancelling refresh attempt: org.springframework.beans.factory.BeanCreationException: Error creating bean with name 'stController' defined in file [D:\Workspaces\IdeaProject\sdbst\target\classes\com\unifs\sdbst\app\controller\user\StController.class]: Post-processing of merged bean definition failed; nested exception is java.lang.IllegalStateException: Failed to introspect Class [com.unifs.sdbst.app.controller.user.StController] from ClassLoader [org.springframework.boot.devtools.restart.classloader.RestartClassLoader@a2ebb39]
[WARN ] 2019-08-31 21:35:02 [restartedMain:85980:tk.mybatis.spring.mapper.ClassPathMapperScanner:166] - No MyBatis mapper was found in '[com.unifs.sdbst.backstage.dao]' package. Please check your configuration.
[WARN ] 2019-08-31 21:35:02 [restartedMain:85989:org.mybatis.spring.mapper.ClassPathMapperScanner:239] - Skipping MapperFactoryBean with name 'articleMapper' and 'com.unifs.sdbst.app.dao.primary.cms.ArticleMapper' mapperInterface. Bean already defined with the same name!
[WARN ] 2019-08-31 21:35:02 [restartedMain:85989:org.mybatis.spring.mapper.ClassPathMapperScanner:239] - Skipping MapperFactoryBean with name 'categoryMapper' and 'com.unifs.sdbst.app.dao.primary.cms.CategoryMapper' mapperInterface. Bean already defined with the same name!
[WARN ] 2019-08-31 21:35:02 [restartedMain:85989:org.mybatis.spring.mapper.ClassPathMapperScanner:239] - Skipping MapperFactoryBean with name 'departmentMapper' and 'com.unifs.sdbst.app.dao.primary.department.DepartmentMapper' mapperInterface. Bean already defined with the same name!
[WARN ] 2019-08-31 21:35:02 [restartedMain:85989:org.mybatis.spring.mapper.ClassPathMapperScanner:239] - Skipping MapperFactoryBean with name 'informationMapper' and 'com.unifs.sdbst.app.dao.information_admin.InformationMapper' mapperInterface. Bean already defined with the same name!
[WARN ] 2019-08-31 21:35:02 [restartedMain:85989:org.mybatis.spring.mapper.ClassPathMapperScanner:239] - Skipping MapperFactoryBean with name 'dictMapper' and 'com.unifs.sdbst.app.dao.primary.menus.DictMapper' mapperInterface. Bean already defined with the same name!
[WARN ] 2019-08-31 21:35:02 [restartedMain:85990:org.mybatis.spring.mapper.ClassPathMapperScanner:239] - Skipping MapperFactoryBean with name 'menuMapper' and 'com.unifs.sdbst.app.dao.primary.menus.MenuMapper' mapperInterface. Bean already defined with the same name!
[WARN ] 2019-08-31 21:35:02 [restartedMain:85990:org.mybatis.spring.mapper.ClassPathMapperScanner:239] - Skipping MapperFactoryBean with name 'sysUserMenuMapper' and 'com.unifs.sdbst.app.dao.primary.menus.SysUserMenuMapper' mapperInterface. Bean already defined with the same name!
[WARN ] 2019-08-31 21:35:02 [restartedMain:85990:org.mybatis.spring.mapper.ClassPathMapperScanner:239] - Skipping MapperFactoryBean with name 'sysWorkMenuMapper' and 'com.unifs.sdbst.app.dao.primary.menus.SysWorkMenuMapper' mapperInterface. Bean already defined with the same name!
[WARN ] 2019-08-31 21:35:02 [restartedMain:85990:org.mybatis.spring.mapper.ClassPathMapperScanner:239] - Skipping MapperFactoryBean with name 'tagMapper' and 'com.unifs.sdbst.app.dao.primary.menus.TagMapper' mapperInterface. Bean already defined with the same name!
[WARN ] 2019-08-31 21:35:02 [restartedMain:85990:org.mybatis.spring.mapper.ClassPathMapperScanner:239] - Skipping MapperFactoryBean with name 'adviceMapper' and 'com.unifs.sdbst.app.dao.primary.user.AdviceMapper' mapperInterface. Bean already defined with the same name!
[WARN ] 2019-08-31 21:35:02 [restartedMain:85990:org.mybatis.spring.mapper.ClassPathMapperScanner:239] - Skipping MapperFactoryBean with name 'satisfactionMapper' and 'com.unifs.sdbst.app.dao.primary.user.SatisfactionMapper' mapperInterface. Bean already defined with the same name!
[WARN ] 2019-08-31 21:35:02 [restartedMain:85990:org.mybatis.spring.mapper.ClassPathMapperScanner:239] - Skipping MapperFactoryBean with name 'userMapper' and 'com.unifs.sdbst.app.dao.primary.user.UserMapper' mapperInterface. Bean already defined with the same name!
[WARN ] 2019-08-31 21:35:02 [restartedMain:85991:org.mybatis.spring.mapper.ClassPathMapperScanner:239] - Skipping MapperFactoryBean with name 'userOthersMapper' and 'com.unifs.sdbst.app.dao.primary.user.UserOthersMapper' mapperInterface. Bean already defined with the same name!
[WARN ] 2019-08-31 21:35:02 [restartedMain:85991:org.mybatis.spring.mapper.ClassPathMapperScanner:239] - Skipping MapperFactoryBean with name 'userSwtMapper' and 'com.unifs.sdbst.app.dao.primary.user.UserSwtMapper' mapperInterface. Bean already defined with the same name!
[WARN ] 2019-08-31 21:35:02 [restartedMain:85991:org.mybatis.spring.mapper.ClassPathMapperScanner:166] - No MyBatis mapper was found in '[com.unifs.sdbst.*.dao.*]' package. Please check your configuration.
[WARN ] 2019-08-31 21:35:13 [restartedMain:96738:tk.mybatis.spring.mapper.ClassPathMapperScanner:166] - No MyBatis mapper was found in '[com.unifs.sdbst.backstage.dao]' package. Please check your configuration.
[WARN ] 2019-08-31 21:35:13 [restartedMain:96747:org.mybatis.spring.mapper.ClassPathMapperScanner:239] - Skipping MapperFactoryBean with name 'articleMapper' and 'com.unifs.sdbst.app.dao.primary.cms.ArticleMapper' mapperInterface. Bean already defined with the same name!
[WARN ] 2019-08-31 21:35:13 [restartedMain:96747:org.mybatis.spring.mapper.ClassPathMapperScanner:239] - Skipping MapperFactoryBean with name 'categoryMapper' and 'com.unifs.sdbst.app.dao.primary.cms.CategoryMapper' mapperInterface. Bean already defined with the same name!
[WARN ] 2019-08-31 21:35:13 [restartedMain:96748:org.mybatis.spring.mapper.ClassPathMapperScanner:239] - Skipping MapperFactoryBean with name 'departmentMapper' and 'com.unifs.sdbst.app.dao.primary.department.DepartmentMapper' mapperInterface. Bean already defined with the same name!
[WARN ] 2019-08-31 21:35:13 [restartedMain:96748:org.mybatis.spring.mapper.ClassPathMapperScanner:239] - Skipping MapperFactoryBean with name 'informationMapper' and 'com.unifs.sdbst.app.dao.information_admin.InformationMapper' mapperInterface. Bean already defined with the same name!
[WARN ] 2019-08-31 21:35:13 [restartedMain:96748:org.mybatis.spring.mapper.ClassPathMapperScanner:239] - Skipping MapperFactoryBean with name 'dictMapper' and 'com.unifs.sdbst.app.dao.primary.menus.DictMapper' mapperInterface. Bean already defined with the same name!
[WARN ] 2019-08-31 21:35:13 [restartedMain:96748:org.mybatis.spring.mapper.ClassPathMapperScanner:239] - Skipping MapperFactoryBean with name 'menuMapper' and 'com.unifs.sdbst.app.dao.primary.menus.MenuMapper' mapperInterface. Bean already defined with the same name!
[WARN ] 2019-08-31 21:35:13 [restartedMain:96748:org.mybatis.spring.mapper.ClassPathMapperScanner:239] - Skipping MapperFactoryBean with name 'sysUserMenuMapper' and 'com.unifs.sdbst.app.dao.primary.menus.SysUserMenuMapper' mapperInterface. Bean already defined with the same name!
[WARN ] 2019-08-31 21:35:13 [restartedMain:96748:org.mybatis.spring.mapper.ClassPathMapperScanner:239] - Skipping MapperFactoryBean with name 'sysWorkMenuMapper' and 'com.unifs.sdbst.app.dao.primary.menus.SysWorkMenuMapper' mapperInterface. Bean already defined with the same name!
[WARN ] 2019-08-31 21:35:13 [restartedMain:96748:org.mybatis.spring.mapper.ClassPathMapperScanner:239] - Skipping MapperFactoryBean with name 'tagMapper' and 'com.unifs.sdbst.app.dao.primary.menus.TagMapper' mapperInterface. Bean already defined with the same name!
[WARN ] 2019-08-31 21:35:13 [restartedMain:96748:org.mybatis.spring.mapper.ClassPathMapperScanner:239] - Skipping MapperFactoryBean with name 'adviceMapper' and 'com.unifs.sdbst.app.dao.primary.user.AdviceMapper' mapperInterface. Bean already defined with the same name!
[WARN ] 2019-08-31 21:35:13 [restartedMain:96749:org.mybatis.spring.mapper.ClassPathMapperScanner:239] - Skipping MapperFactoryBean with name 'satisfactionMapper' and 'com.unifs.sdbst.app.dao.primary.user.SatisfactionMapper' mapperInterface. Bean already defined with the same name!
[WARN ] 2019-08-31 21:35:13 [restartedMain:96749:org.mybatis.spring.mapper.ClassPathMapperScanner:239] - Skipping MapperFactoryBean with name 'userMapper' and 'com.unifs.sdbst.app.dao.primary.user.UserMapper' mapperInterface. Bean already defined with the same name!
[WARN ] 2019-08-31 21:35:13 [restartedMain:96749:org.mybatis.spring.mapper.ClassPathMapperScanner:239] - Skipping MapperFactoryBean with name 'userOthersMapper' and 'com.unifs.sdbst.app.dao.primary.user.UserOthersMapper' mapperInterface. Bean already defined with the same name!
[WARN ] 2019-08-31 21:35:13 [restartedMain:96749:org.mybatis.spring.mapper.ClassPathMapperScanner:239] - Skipping MapperFactoryBean with name 'userSwtMapper' and 'com.unifs.sdbst.app.dao.primary.user.UserSwtMapper' mapperInterface. Bean already defined with the same name!
[WARN ] 2019-08-31 21:35:13 [restartedMain:96749:org.mybatis.spring.mapper.ClassPathMapperScanner:166] - No MyBatis mapper was found in '[com.unifs.sdbst.*.dao.*]' package. Please check your configuration.
[WARN ] 2019-08-31 21:35:24 [restartedMain:108225:tk.mybatis.spring.mapper.ClassPathMapperScanner:166] - No MyBatis mapper was found in '[com.unifs.sdbst.backstage.dao]' package. Please check your configuration.
[WARN ] 2019-08-31 21:35:24 [restartedMain:108232:org.mybatis.spring.mapper.ClassPathMapperScanner:239] - Skipping MapperFactoryBean with name 'articleMapper' and 'com.unifs.sdbst.app.dao.primary.cms.ArticleMapper' mapperInterface. Bean already defined with the same name!
[WARN ] 2019-08-31 21:35:24 [restartedMain:108233:org.mybatis.spring.mapper.ClassPathMapperScanner:239] - Skipping MapperFactoryBean with name 'categoryMapper' and 'com.unifs.sdbst.app.dao.primary.cms.CategoryMapper' mapperInterface. Bean already defined with the same name!
[WARN ] 2019-08-31 21:35:24 [restartedMain:108233:org.mybatis.spring.mapper.ClassPathMapperScanner:239] - Skipping MapperFactoryBean with name 'departmentMapper' and 'com.unifs.sdbst.app.dao.primary.department.DepartmentMapper' mapperInterface. Bean already defined with the same name!
[WARN ] 2019-08-31 21:35:24 [restartedMain:108233:org.mybatis.spring.mapper.ClassPathMapperScanner:239] - Skipping MapperFactoryBean with name 'informationMapper' and 'com.unifs.sdbst.app.dao.information_admin.InformationMapper' mapperInterface. Bean already defined with the same name!
[WARN ] 2019-08-31 21:35:24 [restartedMain:108233:org.mybatis.spring.mapper.ClassPathMapperScanner:239] - Skipping MapperFactoryBean with name 'dictMapper' and 'com.unifs.sdbst.app.dao.primary.menus.DictMapper' mapperInterface. Bean already defined with the same name!
[WARN ] 2019-08-31 21:35:24 [restartedMain:108233:org.mybatis.spring.mapper.ClassPathMapperScanner:239] - Skipping MapperFactoryBean with name 'menuMapper' and 'com.unifs.sdbst.app.dao.primary.menus.MenuMapper' mapperInterface. Bean already defined with the same name!
[WARN ] 2019-08-31 21:35:24 [restartedMain:108233:org.mybatis.spring.mapper.ClassPathMapperScanner:239] - Skipping MapperFactoryBean with name 'sysUserMenuMapper' and 'com.unifs.sdbst.app.dao.primary.menus.SysUserMenuMapper' mapperInterface. Bean already defined with the same name!
[WARN ] 2019-08-31 21:35:24 [restartedMain:108233:org.mybatis.spring.mapper.ClassPathMapperScanner:239] - Skipping MapperFactoryBean with name 'sysWorkMenuMapper' and 'com.unifs.sdbst.app.dao.primary.menus.SysWorkMenuMapper' mapperInterface. Bean already defined with the same name!
[WARN ] 2019-08-31 21:35:24 [restartedMain:108233:org.mybatis.spring.mapper.ClassPathMapperScanner:239] - Skipping MapperFactoryBean with name 'tagMapper' and 'com.unifs.sdbst.app.dao.primary.menus.TagMapper' mapperInterface. Bean already defined with the same name!
[WARN ] 2019-08-31 21:35:24 [restartedMain:108234:org.mybatis.spring.mapper.ClassPathMapperScanner:239] - Skipping MapperFactoryBean with name 'adviceMapper' and 'com.unifs.sdbst.app.dao.primary.user.AdviceMapper' mapperInterface. Bean already defined with the same name!
[WARN ] 2019-08-31 21:35:24 [restartedMain:108234:org.mybatis.spring.mapper.ClassPathMapperScanner:239] - Skipping MapperFactoryBean with name 'satisfactionMapper' and 'com.unifs.sdbst.app.dao.primary.user.SatisfactionMapper' mapperInterface. Bean already defined with the same name!
[WARN ] 2019-08-31 21:35:24 [restartedMain:108234:org.mybatis.spring.mapper.ClassPathMapperScanner:239] - Skipping MapperFactoryBean with name 'userMapper' and 'com.unifs.sdbst.app.dao.primary.user.UserMapper' mapperInterface. Bean already defined with the same name!
[WARN ] 2019-08-31 21:35:24 [restartedMain:108234:org.mybatis.spring.mapper.ClassPathMapperScanner:239] - Skipping MapperFactoryBean with name 'userOthersMapper' and 'com.unifs.sdbst.app.dao.primary.user.UserOthersMapper' mapperInterface. Bean already defined with the same name!
[WARN ] 2019-08-31 21:35:24 [restartedMain:108234:org.mybatis.spring.mapper.ClassPathMapperScanner:239] - Skipping MapperFactoryBean with name 'userSwtMapper' and 'com.unifs.sdbst.app.dao.primary.user.UserSwtMapper' mapperInterface. Bean already defined with the same name!
[WARN ] 2019-08-31 21:35:24 [restartedMain:108234:org.mybatis.spring.mapper.ClassPathMapperScanner:166] - No MyBatis mapper was found in '[com.unifs.sdbst.*.dao.*]' package. Please check your configuration.
[WARN ] 2019-08-31 21:35:34 [http-nio-0.0.0.0-8081-exec-1:118211:org.springframework.web.servlet.mvc.method.annotation.ExceptionHandlerExceptionResolver:197] - Resolved [MyException(appmsg=验证码错误！, appcode=0)]
[WARN ] 2019-08-31 21:37:19 [http-nio-0.0.0.0-8081-exec-4:222842:org.springframework.web.servlet.mvc.method.annotation.ExceptionHandlerExceptionResolver:197] - Resolved [MyException(appmsg=验证码错误！, appcode=0)]
[WARN ] 2019-08-31 21:38:16 [restartedMain:2422:tk.mybatis.spring.mapper.ClassPathMapperScanner:166] - No MyBatis mapper was found in '[com.unifs.sdbst.backstage.dao]' package. Please check your configuration.
[WARN ] 2019-08-31 21:38:16 [restartedMain:2436:org.mybatis.spring.mapper.ClassPathMapperScanner:239] - Skipping MapperFactoryBean with name 'articleMapper' and 'com.unifs.sdbst.app.dao.primary.cms.ArticleMapper' mapperInterface. Bean already defined with the same name!
[WARN ] 2019-08-31 21:38:16 [restartedMain:2436:org.mybatis.spring.mapper.ClassPathMapperScanner:239] - Skipping MapperFactoryBean with name 'categoryMapper' and 'com.unifs.sdbst.app.dao.primary.cms.CategoryMapper' mapperInterface. Bean already defined with the same name!
[WARN ] 2019-08-31 21:38:16 [restartedMain:2436:org.mybatis.spring.mapper.ClassPathMapperScanner:239] - Skipping MapperFactoryBean with name 'departmentMapper' and 'com.unifs.sdbst.app.dao.primary.department.DepartmentMapper' mapperInterface. Bean already defined with the same name!
[WARN ] 2019-08-31 21:38:16 [restartedMain:2436:org.mybatis.spring.mapper.ClassPathMapperScanner:239] - Skipping MapperFactoryBean with name 'informationMapper' and 'com.unifs.sdbst.app.dao.information_admin.InformationMapper' mapperInterface. Bean already defined with the same name!
[WARN ] 2019-08-31 21:38:16 [restartedMain:2437:org.mybatis.spring.mapper.ClassPathMapperScanner:239] - Skipping MapperFactoryBean with name 'dictMapper' and 'com.unifs.sdbst.app.dao.primary.menus.DictMapper' mapperInterface. Bean already defined with the same name!
[WARN ] 2019-08-31 21:38:16 [restartedMain:2437:org.mybatis.spring.mapper.ClassPathMapperScanner:239] - Skipping MapperFactoryBean with name 'menuMapper' and 'com.unifs.sdbst.app.dao.primary.menus.MenuMapper' mapperInterface. Bean already defined with the same name!
[WARN ] 2019-08-31 21:38:16 [restartedMain:2437:org.mybatis.spring.mapper.ClassPathMapperScanner:239] - Skipping MapperFactoryBean with name 'sysUserMenuMapper' and 'com.unifs.sdbst.app.dao.primary.menus.SysUserMenuMapper' mapperInterface. Bean already defined with the same name!
[WARN ] 2019-08-31 21:38:16 [restartedMain:2437:org.mybatis.spring.mapper.ClassPathMapperScanner:239] - Skipping MapperFactoryBean with name 'sysWorkMenuMapper' and 'com.unifs.sdbst.app.dao.primary.menus.SysWorkMenuMapper' mapperInterface. Bean already defined with the same name!
[WARN ] 2019-08-31 21:38:16 [restartedMain:2437:org.mybatis.spring.mapper.ClassPathMapperScanner:239] - Skipping MapperFactoryBean with name 'tagMapper' and 'com.unifs.sdbst.app.dao.primary.menus.TagMapper' mapperInterface. Bean already defined with the same name!
[WARN ] 2019-08-31 21:38:16 [restartedMain:2437:org.mybatis.spring.mapper.ClassPathMapperScanner:239] - Skipping MapperFactoryBean with name 'adviceMapper' and 'com.unifs.sdbst.app.dao.primary.user.AdviceMapper' mapperInterface. Bean already defined with the same name!
[WARN ] 2019-08-31 21:38:16 [restartedMain:2438:org.mybatis.spring.mapper.ClassPathMapperScanner:239] - Skipping MapperFactoryBean with name 'satisfactionMapper' and 'com.unifs.sdbst.app.dao.primary.user.SatisfactionMapper' mapperInterface. Bean already defined with the same name!
[WARN ] 2019-08-31 21:38:16 [restartedMain:2438:org.mybatis.spring.mapper.ClassPathMapperScanner:239] - Skipping MapperFactoryBean with name 'userMapper' and 'com.unifs.sdbst.app.dao.primary.user.UserMapper' mapperInterface. Bean already defined with the same name!
[WARN ] 2019-08-31 21:38:16 [restartedMain:2438:org.mybatis.spring.mapper.ClassPathMapperScanner:239] - Skipping MapperFactoryBean with name 'userOthersMapper' and 'com.unifs.sdbst.app.dao.primary.user.UserOthersMapper' mapperInterface. Bean already defined with the same name!
[WARN ] 2019-08-31 21:38:16 [restartedMain:2438:org.mybatis.spring.mapper.ClassPathMapperScanner:239] - Skipping MapperFactoryBean with name 'userSwtMapper' and 'com.unifs.sdbst.app.dao.primary.user.UserSwtMapper' mapperInterface. Bean already defined with the same name!
[WARN ] 2019-08-31 21:38:16 [restartedMain:2438:org.mybatis.spring.mapper.ClassPathMapperScanner:166] - No MyBatis mapper was found in '[com.unifs.sdbst.*.dao.*]' package. Please check your configuration.
[WARN ] 2019-08-31 21:39:09 [http-nio-0.0.0.0-8081-exec-10:54693:org.springframework.web.servlet.mvc.method.annotation.ExceptionHandlerExceptionResolver:197] - Resolved [MyException(appmsg=密码错误！, appcode=0)]
[WARN ] 2019-08-31 21:43:07 [http-nio-0.0.0.0-8081-exec-7:293235:org.springframework.web.servlet.mvc.method.annotation.ExceptionHandlerExceptionResolver:197] - Resolved [org.springframework.web.HttpRequestMethodNotSupportedException: Request method 'GET' not supported]
