[WARN ] 2019-08-27 11:55:51 [restartedMain:5563:tk.mybatis.spring.mapper.ClassPathMapperScanner:166] - No MyBatis mapper was found in '[com.unifs.sdbst.backstage.dao]' package. Please check your configuration.
[WARN ] 2019-08-27 11:55:51 [restartedMain:5601:org.mybatis.spring.mapper.ClassPathMapperScanner:239] - Skipping MapperFactoryBean with name 'articleMapper' and 'com.unifs.sdbst.app.dao.primary.cms.ArticleMapper' mapperInterface. Bean already defined with the same name!
[WARN ] 2019-08-27 11:55:51 [restartedMain:5602:org.mybatis.spring.mapper.ClassPathMapperScanner:239] - Skipping MapperFactoryBean with name 'categoryMapper' and 'com.unifs.sdbst.app.dao.primary.cms.CategoryMapper' mapperInterface. Bean already defined with the same name!
[WARN ] 2019-08-27 11:55:51 [restartedMain:5603:org.mybatis.spring.mapper.ClassPathMapperScanner:239] - Skipping MapperFactoryBean with name 'departmentMapper' and 'com.unifs.sdbst.app.dao.primary.department.DepartmentMapper' mapperInterface. Bean already defined with the same name!
[WARN ] 2019-08-27 11:55:51 [restartedMain:5603:org.mybatis.spring.mapper.ClassPathMapperScanner:239] - Skipping MapperFactoryBean with name 'informationMapper' and 'com.unifs.sdbst.app.dao.information_admin.InformationMapper' mapperInterface. Bean already defined with the same name!
[WARN ] 2019-08-27 11:55:51 [restartedMain:5604:org.mybatis.spring.mapper.ClassPathMapperScanner:239] - Skipping MapperFactoryBean with name 'dictMapper' and 'com.unifs.sdbst.app.dao.primary.menus.DictMapper' mapperInterface. Bean already defined with the same name!
[WARN ] 2019-08-27 11:55:51 [restartedMain:5604:org.mybatis.spring.mapper.ClassPathMapperScanner:239] - Skipping MapperFactoryBean with name 'menuMapper' and 'com.unifs.sdbst.app.dao.primary.menus.MenuMapper' mapperInterface. Bean already defined with the same name!
[WARN ] 2019-08-27 11:55:51 [restartedMain:5604:org.mybatis.spring.mapper.ClassPathMapperScanner:239] - Skipping MapperFactoryBean with name 'sysUserMenuMapper' and 'com.unifs.sdbst.app.dao.primary.menus.SysUserMenuMapper' mapperInterface. Bean already defined with the same name!
[WARN ] 2019-08-27 11:55:51 [restartedMain:5605:org.mybatis.spring.mapper.ClassPathMapperScanner:239] - Skipping MapperFactoryBean with name 'sysWorkMenuMapper' and 'com.unifs.sdbst.app.dao.primary.menus.SysWorkMenuMapper' mapperInterface. Bean already defined with the same name!
[WARN ] 2019-08-27 11:55:51 [restartedMain:5605:org.mybatis.spring.mapper.ClassPathMapperScanner:239] - Skipping MapperFactoryBean with name 'tagMapper' and 'com.unifs.sdbst.app.dao.primary.menus.TagMapper' mapperInterface. Bean already defined with the same name!
[WARN ] 2019-08-27 11:55:51 [restartedMain:5606:org.mybatis.spring.mapper.ClassPathMapperScanner:239] - Skipping MapperFactoryBean with name 'userMapper' and 'com.unifs.sdbst.app.dao.primary.user.UserMapper' mapperInterface. Bean already defined with the same name!
[WARN ] 2019-08-27 11:55:51 [restartedMain:5606:org.mybatis.spring.mapper.ClassPathMapperScanner:239] - Skipping MapperFactoryBean with name 'userOthersMapper' and 'com.unifs.sdbst.app.dao.primary.user.UserOthersMapper' mapperInterface. Bean already defined with the same name!
[WARN ] 2019-08-27 11:55:51 [restartedMain:5607:org.mybatis.spring.mapper.ClassPathMapperScanner:239] - Skipping MapperFactoryBean with name 'userSwtMapper' and 'com.unifs.sdbst.app.dao.primary.user.UserSwtMapper' mapperInterface. Bean already defined with the same name!
[WARN ] 2019-08-27 11:55:51 [restartedMain:5607:org.mybatis.spring.mapper.ClassPathMapperScanner:166] - No MyBatis mapper was found in '[com.unifs.sdbst.*.dao.*]' package. Please check your configuration.
[WARN ] 2019-08-27 12:06:46 [restartedMain:660791:tk.mybatis.spring.mapper.ClassPathMapperScanner:166] - No MyBatis mapper was found in '[com.unifs.sdbst.backstage.dao]' package. Please check your configuration.
[WARN ] 2019-08-27 12:06:46 [restartedMain:660819:org.mybatis.spring.mapper.ClassPathMapperScanner:239] - Skipping MapperFactoryBean with name 'articleMapper' and 'com.unifs.sdbst.app.dao.primary.cms.ArticleMapper' mapperInterface. Bean already defined with the same name!
[WARN ] 2019-08-27 12:06:46 [restartedMain:660820:org.mybatis.spring.mapper.ClassPathMapperScanner:239] - Skipping MapperFactoryBean with name 'categoryMapper' and 'com.unifs.sdbst.app.dao.primary.cms.CategoryMapper' mapperInterface. Bean already defined with the same name!
[WARN ] 2019-08-27 12:06:46 [restartedMain:660820:org.mybatis.spring.mapper.ClassPathMapperScanner:239] - Skipping MapperFactoryBean with name 'departmentMapper' and 'com.unifs.sdbst.app.dao.primary.department.DepartmentMapper' mapperInterface. Bean already defined with the same name!
[WARN ] 2019-08-27 12:06:46 [restartedMain:660820:org.mybatis.spring.mapper.ClassPathMapperScanner:239] - Skipping MapperFactoryBean with name 'informationMapper' and 'com.unifs.sdbst.app.dao.information_admin.InformationMapper' mapperInterface. Bean already defined with the same name!
[WARN ] 2019-08-27 12:06:46 [restartedMain:660820:org.mybatis.spring.mapper.ClassPathMapperScanner:239] - Skipping MapperFactoryBean with name 'dictMapper' and 'com.unifs.sdbst.app.dao.primary.menus.DictMapper' mapperInterface. Bean already defined with the same name!
[WARN ] 2019-08-27 12:06:46 [restartedMain:660821:org.mybatis.spring.mapper.ClassPathMapperScanner:239] - Skipping MapperFactoryBean with name 'menuMapper' and 'com.unifs.sdbst.app.dao.primary.menus.MenuMapper' mapperInterface. Bean already defined with the same name!
[WARN ] 2019-08-27 12:06:46 [restartedMain:660821:org.mybatis.spring.mapper.ClassPathMapperScanner:239] - Skipping MapperFactoryBean with name 'sysUserMenuMapper' and 'com.unifs.sdbst.app.dao.primary.menus.SysUserMenuMapper' mapperInterface. Bean already defined with the same name!
[WARN ] 2019-08-27 12:06:46 [restartedMain:660821:org.mybatis.spring.mapper.ClassPathMapperScanner:239] - Skipping MapperFactoryBean with name 'sysWorkMenuMapper' and 'com.unifs.sdbst.app.dao.primary.menus.SysWorkMenuMapper' mapperInterface. Bean already defined with the same name!
[WARN ] 2019-08-27 12:06:46 [restartedMain:660822:org.mybatis.spring.mapper.ClassPathMapperScanner:239] - Skipping MapperFactoryBean with name 'tagMapper' and 'com.unifs.sdbst.app.dao.primary.menus.TagMapper' mapperInterface. Bean already defined with the same name!
[WARN ] 2019-08-27 12:06:46 [restartedMain:660822:org.mybatis.spring.mapper.ClassPathMapperScanner:239] - Skipping MapperFactoryBean with name 'userMapper' and 'com.unifs.sdbst.app.dao.primary.user.UserMapper' mapperInterface. Bean already defined with the same name!
[WARN ] 2019-08-27 12:06:46 [restartedMain:660822:org.mybatis.spring.mapper.ClassPathMapperScanner:239] - Skipping MapperFactoryBean with name 'userOthersMapper' and 'com.unifs.sdbst.app.dao.primary.user.UserOthersMapper' mapperInterface. Bean already defined with the same name!
[WARN ] 2019-08-27 12:06:46 [restartedMain:660822:org.mybatis.spring.mapper.ClassPathMapperScanner:239] - Skipping MapperFactoryBean with name 'userSwtMapper' and 'com.unifs.sdbst.app.dao.primary.user.UserSwtMapper' mapperInterface. Bean already defined with the same name!
[WARN ] 2019-08-27 12:06:46 [restartedMain:660822:org.mybatis.spring.mapper.ClassPathMapperScanner:166] - No MyBatis mapper was found in '[com.unifs.sdbst.*.dao.*]' package. Please check your configuration.
[WARN ] 2019-08-27 12:07:39 [restartedMain:2892:tk.mybatis.spring.mapper.ClassPathMapperScanner:166] - No MyBatis mapper was found in '[com.unifs.sdbst.backstage.dao]' package. Please check your configuration.
[WARN ] 2019-08-27 12:07:39 [restartedMain:2909:org.mybatis.spring.mapper.ClassPathMapperScanner:239] - Skipping MapperFactoryBean with name 'articleMapper' and 'com.unifs.sdbst.app.dao.primary.cms.ArticleMapper' mapperInterface. Bean already defined with the same name!
[WARN ] 2019-08-27 12:07:39 [restartedMain:2909:org.mybatis.spring.mapper.ClassPathMapperScanner:239] - Skipping MapperFactoryBean with name 'categoryMapper' and 'com.unifs.sdbst.app.dao.primary.cms.CategoryMapper' mapperInterface. Bean already defined with the same name!
[WARN ] 2019-08-27 12:07:39 [restartedMain:2909:org.mybatis.spring.mapper.ClassPathMapperScanner:239] - Skipping MapperFactoryBean with name 'departmentMapper' and 'com.unifs.sdbst.app.dao.primary.department.DepartmentMapper' mapperInterface. Bean already defined with the same name!
[WARN ] 2019-08-27 12:07:39 [restartedMain:2910:org.mybatis.spring.mapper.ClassPathMapperScanner:239] - Skipping MapperFactoryBean with name 'informationMapper' and 'com.unifs.sdbst.app.dao.information_admin.InformationMapper' mapperInterface. Bean already defined with the same name!
[WARN ] 2019-08-27 12:07:39 [restartedMain:2910:org.mybatis.spring.mapper.ClassPathMapperScanner:239] - Skipping MapperFactoryBean with name 'dictMapper' and 'com.unifs.sdbst.app.dao.primary.menus.DictMapper' mapperInterface. Bean already defined with the same name!
[WARN ] 2019-08-27 12:07:39 [restartedMain:2910:org.mybatis.spring.mapper.ClassPathMapperScanner:239] - Skipping MapperFactoryBean with name 'menuMapper' and 'com.unifs.sdbst.app.dao.primary.menus.MenuMapper' mapperInterface. Bean already defined with the same name!
[WARN ] 2019-08-27 12:07:39 [restartedMain:2911:org.mybatis.spring.mapper.ClassPathMapperScanner:239] - Skipping MapperFactoryBean with name 'sysUserMenuMapper' and 'com.unifs.sdbst.app.dao.primary.menus.SysUserMenuMapper' mapperInterface. Bean already defined with the same name!
[WARN ] 2019-08-27 12:07:39 [restartedMain:2911:org.mybatis.spring.mapper.ClassPathMapperScanner:239] - Skipping MapperFactoryBean with name 'sysWorkMenuMapper' and 'com.unifs.sdbst.app.dao.primary.menus.SysWorkMenuMapper' mapperInterface. Bean already defined with the same name!
[WARN ] 2019-08-27 12:07:39 [restartedMain:2911:org.mybatis.spring.mapper.ClassPathMapperScanner:239] - Skipping MapperFactoryBean with name 'tagMapper' and 'com.unifs.sdbst.app.dao.primary.menus.TagMapper' mapperInterface. Bean already defined with the same name!
[WARN ] 2019-08-27 12:07:39 [restartedMain:2911:org.mybatis.spring.mapper.ClassPathMapperScanner:239] - Skipping MapperFactoryBean with name 'userMapper' and 'com.unifs.sdbst.app.dao.primary.user.UserMapper' mapperInterface. Bean already defined with the same name!
[WARN ] 2019-08-27 12:07:39 [restartedMain:2911:org.mybatis.spring.mapper.ClassPathMapperScanner:239] - Skipping MapperFactoryBean with name 'userOthersMapper' and 'com.unifs.sdbst.app.dao.primary.user.UserOthersMapper' mapperInterface. Bean already defined with the same name!
[WARN ] 2019-08-27 12:07:39 [restartedMain:2912:org.mybatis.spring.mapper.ClassPathMapperScanner:239] - Skipping MapperFactoryBean with name 'userSwtMapper' and 'com.unifs.sdbst.app.dao.primary.user.UserSwtMapper' mapperInterface. Bean already defined with the same name!
[WARN ] 2019-08-27 12:07:39 [restartedMain:2912:org.mybatis.spring.mapper.ClassPathMapperScanner:166] - No MyBatis mapper was found in '[com.unifs.sdbst.*.dao.*]' package. Please check your configuration.
[WARN ] 2019-08-27 12:07:58 [http-nio-0.0.0.0-8080-exec-1:21831:org.springframework.web.servlet.mvc.method.annotation.ExceptionHandlerExceptionResolver:197] - Resolved [MyException(appmsg=, appcode=2)]
[WARN ] 2019-08-27 12:08:20 [http-nio-0.0.0.0-8080-exec-4:44441:org.springframework.web.servlet.mvc.method.annotation.ExceptionHandlerExceptionResolver:197] - Resolved [MyException(appmsg=, appcode=2)]
[WARN ] 2019-08-27 12:08:21 [http-nio-0.0.0.0-8080-exec-6:45520:org.springframework.web.servlet.mvc.method.annotation.ExceptionHandlerExceptionResolver:197] - Resolved [MyException(appmsg=, appcode=2)]
[WARN ] 2019-08-27 12:08:22 [http-nio-0.0.0.0-8080-exec-8:46047:org.springframework.web.servlet.mvc.method.annotation.ExceptionHandlerExceptionResolver:197] - Resolved [MyException(appmsg=, appcode=2)]
[WARN ] 2019-08-27 12:08:22 [http-nio-0.0.0.0-8080-exec-10:46291:org.springframework.web.servlet.mvc.method.annotation.ExceptionHandlerExceptionResolver:197] - Resolved [MyException(appmsg=, appcode=2)]
[WARN ] 2019-08-27 12:12:20 [http-nio-0.0.0.0-8080-exec-4:284586:org.springframework.web.servlet.mvc.method.annotation.ExceptionHandlerExceptionResolver:197] - Resolved [MyException(appmsg=, appcode=2)]
[WARN ] 2019-08-27 12:20:07 [http-nio-0.0.0.0-8080-exec-8:751299:org.springframework.web.servlet.mvc.method.annotation.ExceptionHandlerExceptionResolver:197] - Resolved [MyException(appmsg=, appcode=2)]
[WARN ] 2019-08-27 14:46:24 [restartedMain:4117:tk.mybatis.spring.mapper.ClassPathMapperScanner:166] - No MyBatis mapper was found in '[com.unifs.sdbst.backstage.dao]' package. Please check your configuration.
[WARN ] 2019-08-27 14:46:24 [restartedMain:4140:org.mybatis.spring.mapper.ClassPathMapperScanner:239] - Skipping MapperFactoryBean with name 'articleMapper' and 'com.unifs.sdbst.app.dao.primary.cms.ArticleMapper' mapperInterface. Bean already defined with the same name!
[WARN ] 2019-08-27 14:46:24 [restartedMain:4140:org.mybatis.spring.mapper.ClassPathMapperScanner:239] - Skipping MapperFactoryBean with name 'categoryMapper' and 'com.unifs.sdbst.app.dao.primary.cms.CategoryMapper' mapperInterface. Bean already defined with the same name!
[WARN ] 2019-08-27 14:46:24 [restartedMain:4140:org.mybatis.spring.mapper.ClassPathMapperScanner:239] - Skipping MapperFactoryBean with name 'departmentMapper' and 'com.unifs.sdbst.app.dao.primary.department.DepartmentMapper' mapperInterface. Bean already defined with the same name!
[WARN ] 2019-08-27 14:46:24 [restartedMain:4141:org.mybatis.spring.mapper.ClassPathMapperScanner:239] - Skipping MapperFactoryBean with name 'informationMapper' and 'com.unifs.sdbst.app.dao.information_admin.InformationMapper' mapperInterface. Bean already defined with the same name!
[WARN ] 2019-08-27 14:46:24 [restartedMain:4141:org.mybatis.spring.mapper.ClassPathMapperScanner:239] - Skipping MapperFactoryBean with name 'dictMapper' and 'com.unifs.sdbst.app.dao.primary.menus.DictMapper' mapperInterface. Bean already defined with the same name!
[WARN ] 2019-08-27 14:46:24 [restartedMain:4141:org.mybatis.spring.mapper.ClassPathMapperScanner:239] - Skipping MapperFactoryBean with name 'menuMapper' and 'com.unifs.sdbst.app.dao.primary.menus.MenuMapper' mapperInterface. Bean already defined with the same name!
[WARN ] 2019-08-27 14:46:24 [restartedMain:4141:org.mybatis.spring.mapper.ClassPathMapperScanner:239] - Skipping MapperFactoryBean with name 'sysUserMenuMapper' and 'com.unifs.sdbst.app.dao.primary.menus.SysUserMenuMapper' mapperInterface. Bean already defined with the same name!
[WARN ] 2019-08-27 14:46:24 [restartedMain:4141:org.mybatis.spring.mapper.ClassPathMapperScanner:239] - Skipping MapperFactoryBean with name 'sysWorkMenuMapper' and 'com.unifs.sdbst.app.dao.primary.menus.SysWorkMenuMapper' mapperInterface. Bean already defined with the same name!
[WARN ] 2019-08-27 14:46:24 [restartedMain:4141:org.mybatis.spring.mapper.ClassPathMapperScanner:239] - Skipping MapperFactoryBean with name 'tagMapper' and 'com.unifs.sdbst.app.dao.primary.menus.TagMapper' mapperInterface. Bean already defined with the same name!
[WARN ] 2019-08-27 14:46:24 [restartedMain:4141:org.mybatis.spring.mapper.ClassPathMapperScanner:239] - Skipping MapperFactoryBean with name 'userMapper' and 'com.unifs.sdbst.app.dao.primary.user.UserMapper' mapperInterface. Bean already defined with the same name!
[WARN ] 2019-08-27 14:46:24 [restartedMain:4141:org.mybatis.spring.mapper.ClassPathMapperScanner:239] - Skipping MapperFactoryBean with name 'userOthersMapper' and 'com.unifs.sdbst.app.dao.primary.user.UserOthersMapper' mapperInterface. Bean already defined with the same name!
[WARN ] 2019-08-27 14:46:24 [restartedMain:4142:org.mybatis.spring.mapper.ClassPathMapperScanner:239] - Skipping MapperFactoryBean with name 'userSwtMapper' and 'com.unifs.sdbst.app.dao.primary.user.UserSwtMapper' mapperInterface. Bean already defined with the same name!
[WARN ] 2019-08-27 14:46:24 [restartedMain:4142:org.mybatis.spring.mapper.ClassPathMapperScanner:166] - No MyBatis mapper was found in '[com.unifs.sdbst.*.dao.*]' package. Please check your configuration.
[WARN ] 2019-08-27 15:09:39 [restartedMain:3254:tk.mybatis.spring.mapper.ClassPathMapperScanner:166] - No MyBatis mapper was found in '[com.unifs.sdbst.backstage.dao]' package. Please check your configuration.
[WARN ] 2019-08-27 15:09:39 [restartedMain:3277:org.mybatis.spring.mapper.ClassPathMapperScanner:239] - Skipping MapperFactoryBean with name 'articleMapper' and 'com.unifs.sdbst.app.dao.primary.cms.ArticleMapper' mapperInterface. Bean already defined with the same name!
[WARN ] 2019-08-27 15:09:39 [restartedMain:3306:org.mybatis.spring.mapper.ClassPathMapperScanner:239] - Skipping MapperFactoryBean with name 'categoryMapper' and 'com.unifs.sdbst.app.dao.primary.cms.CategoryMapper' mapperInterface. Bean already defined with the same name!
[WARN ] 2019-08-27 15:09:39 [restartedMain:3306:org.mybatis.spring.mapper.ClassPathMapperScanner:239] - Skipping MapperFactoryBean with name 'departmentMapper' and 'com.unifs.sdbst.app.dao.primary.department.DepartmentMapper' mapperInterface. Bean already defined with the same name!
[WARN ] 2019-08-27 15:09:39 [restartedMain:3307:org.mybatis.spring.mapper.ClassPathMapperScanner:239] - Skipping MapperFactoryBean with name 'informationMapper' and 'com.unifs.sdbst.app.dao.information_admin.InformationMapper' mapperInterface. Bean already defined with the same name!
[WARN ] 2019-08-27 15:09:39 [restartedMain:3307:org.mybatis.spring.mapper.ClassPathMapperScanner:239] - Skipping MapperFactoryBean with name 'dictMapper' and 'com.unifs.sdbst.app.dao.primary.menus.DictMapper' mapperInterface. Bean already defined with the same name!
[WARN ] 2019-08-27 15:09:39 [restartedMain:3307:org.mybatis.spring.mapper.ClassPathMapperScanner:239] - Skipping MapperFactoryBean with name 'menuMapper' and 'com.unifs.sdbst.app.dao.primary.menus.MenuMapper' mapperInterface. Bean already defined with the same name!
[WARN ] 2019-08-27 15:09:39 [restartedMain:3308:org.mybatis.spring.mapper.ClassPathMapperScanner:239] - Skipping MapperFactoryBean with name 'sysUserMenuMapper' and 'com.unifs.sdbst.app.dao.primary.menus.SysUserMenuMapper' mapperInterface. Bean already defined with the same name!
[WARN ] 2019-08-27 15:09:39 [restartedMain:3308:org.mybatis.spring.mapper.ClassPathMapperScanner:239] - Skipping MapperFactoryBean with name 'sysWorkMenuMapper' and 'com.unifs.sdbst.app.dao.primary.menus.SysWorkMenuMapper' mapperInterface. Bean already defined with the same name!
[WARN ] 2019-08-27 15:09:39 [restartedMain:3308:org.mybatis.spring.mapper.ClassPathMapperScanner:239] - Skipping MapperFactoryBean with name 'tagMapper' and 'com.unifs.sdbst.app.dao.primary.menus.TagMapper' mapperInterface. Bean already defined with the same name!
[WARN ] 2019-08-27 15:09:39 [restartedMain:3309:org.mybatis.spring.mapper.ClassPathMapperScanner:239] - Skipping MapperFactoryBean with name 'userMapper' and 'com.unifs.sdbst.app.dao.primary.user.UserMapper' mapperInterface. Bean already defined with the same name!
[WARN ] 2019-08-27 15:09:39 [restartedMain:3309:org.mybatis.spring.mapper.ClassPathMapperScanner:239] - Skipping MapperFactoryBean with name 'userOthersMapper' and 'com.unifs.sdbst.app.dao.primary.user.UserOthersMapper' mapperInterface. Bean already defined with the same name!
[WARN ] 2019-08-27 15:09:39 [restartedMain:3309:org.mybatis.spring.mapper.ClassPathMapperScanner:239] - Skipping MapperFactoryBean with name 'userSwtMapper' and 'com.unifs.sdbst.app.dao.primary.user.UserSwtMapper' mapperInterface. Bean already defined with the same name!
[WARN ] 2019-08-27 15:09:39 [restartedMain:3310:org.mybatis.spring.mapper.ClassPathMapperScanner:166] - No MyBatis mapper was found in '[com.unifs.sdbst.*.dao.*]' package. Please check your configuration.
[WARN ] 2019-08-27 15:10:11 [restartedMain:3571:tk.mybatis.spring.mapper.ClassPathMapperScanner:166] - No MyBatis mapper was found in '[com.unifs.sdbst.backstage.dao]' package. Please check your configuration.
[WARN ] 2019-08-27 15:10:11 [restartedMain:3590:org.mybatis.spring.mapper.ClassPathMapperScanner:239] - Skipping MapperFactoryBean with name 'articleMapper' and 'com.unifs.sdbst.app.dao.primary.cms.ArticleMapper' mapperInterface. Bean already defined with the same name!
[WARN ] 2019-08-27 15:10:11 [restartedMain:3590:org.mybatis.spring.mapper.ClassPathMapperScanner:239] - Skipping MapperFactoryBean with name 'categoryMapper' and 'com.unifs.sdbst.app.dao.primary.cms.CategoryMapper' mapperInterface. Bean already defined with the same name!
[WARN ] 2019-08-27 15:10:11 [restartedMain:3590:org.mybatis.spring.mapper.ClassPathMapperScanner:239] - Skipping MapperFactoryBean with name 'departmentMapper' and 'com.unifs.sdbst.app.dao.primary.department.DepartmentMapper' mapperInterface. Bean already defined with the same name!
[WARN ] 2019-08-27 15:10:11 [restartedMain:3591:org.mybatis.spring.mapper.ClassPathMapperScanner:239] - Skipping MapperFactoryBean with name 'informationMapper' and 'com.unifs.sdbst.app.dao.information_admin.InformationMapper' mapperInterface. Bean already defined with the same name!
[WARN ] 2019-08-27 15:10:11 [restartedMain:3591:org.mybatis.spring.mapper.ClassPathMapperScanner:239] - Skipping MapperFactoryBean with name 'dictMapper' and 'com.unifs.sdbst.app.dao.primary.menus.DictMapper' mapperInterface. Bean already defined with the same name!
[WARN ] 2019-08-27 15:10:11 [restartedMain:3591:org.mybatis.spring.mapper.ClassPathMapperScanner:239] - Skipping MapperFactoryBean with name 'menuMapper' and 'com.unifs.sdbst.app.dao.primary.menus.MenuMapper' mapperInterface. Bean already defined with the same name!
[WARN ] 2019-08-27 15:10:11 [restartedMain:3591:org.mybatis.spring.mapper.ClassPathMapperScanner:239] - Skipping MapperFactoryBean with name 'sysUserMenuMapper' and 'com.unifs.sdbst.app.dao.primary.menus.SysUserMenuMapper' mapperInterface. Bean already defined with the same name!
[WARN ] 2019-08-27 15:10:11 [restartedMain:3592:org.mybatis.spring.mapper.ClassPathMapperScanner:239] - Skipping MapperFactoryBean with name 'sysWorkMenuMapper' and 'com.unifs.sdbst.app.dao.primary.menus.SysWorkMenuMapper' mapperInterface. Bean already defined with the same name!
[WARN ] 2019-08-27 15:10:11 [restartedMain:3592:org.mybatis.spring.mapper.ClassPathMapperScanner:239] - Skipping MapperFactoryBean with name 'tagMapper' and 'com.unifs.sdbst.app.dao.primary.menus.TagMapper' mapperInterface. Bean already defined with the same name!
[WARN ] 2019-08-27 15:10:11 [restartedMain:3592:org.mybatis.spring.mapper.ClassPathMapperScanner:239] - Skipping MapperFactoryBean with name 'userMapper' and 'com.unifs.sdbst.app.dao.primary.user.UserMapper' mapperInterface. Bean already defined with the same name!
[WARN ] 2019-08-27 15:10:11 [restartedMain:3592:org.mybatis.spring.mapper.ClassPathMapperScanner:239] - Skipping MapperFactoryBean with name 'userOthersMapper' and 'com.unifs.sdbst.app.dao.primary.user.UserOthersMapper' mapperInterface. Bean already defined with the same name!
[WARN ] 2019-08-27 15:10:11 [restartedMain:3592:org.mybatis.spring.mapper.ClassPathMapperScanner:239] - Skipping MapperFactoryBean with name 'userSwtMapper' and 'com.unifs.sdbst.app.dao.primary.user.UserSwtMapper' mapperInterface. Bean already defined with the same name!
[WARN ] 2019-08-27 15:10:11 [restartedMain:3593:org.mybatis.spring.mapper.ClassPathMapperScanner:166] - No MyBatis mapper was found in '[com.unifs.sdbst.*.dao.*]' package. Please check your configuration.
[WARN ] 2019-08-27 15:11:36 [http-nio-0.0.0.0-8081-exec-1:88513:org.springframework.web.servlet.mvc.method.annotation.ExceptionHandlerExceptionResolver:197] - Resolved [org.springframework.web.util.NestedServletException: Handler dispatch failed; nested exception is java.lang.NoClassDefFoundError: org/jaxen/JaxenException]
[WARN ] 2019-08-27 15:11:54 [http-nio-0.0.0.0-8081-exec-4:105701:org.springframework.web.servlet.mvc.method.annotation.ExceptionHandlerExceptionResolver:197] - Resolved [org.springframework.web.util.NestedServletException: Handler dispatch failed; nested exception is java.lang.NoClassDefFoundError: org/jaxen/JaxenException]
[WARN ] 2019-08-27 15:21:07 [http-nio-0.0.0.0-8081-exec-7:659087:org.springframework.web.servlet.mvc.method.annotation.ExceptionHandlerExceptionResolver:197] - Resolved [org.springframework.web.util.NestedServletException: Handler dispatch failed; nested exception is java.lang.NoClassDefFoundError: org/jaxen/JaxenException]
[WARN ] 2019-08-27 15:21:10 [restartedMain:662656:tk.mybatis.spring.mapper.ClassPathMapperScanner:166] - No MyBatis mapper was found in '[com.unifs.sdbst.backstage.dao]' package. Please check your configuration.
[WARN ] 2019-08-27 15:21:10 [restartedMain:662663:org.mybatis.spring.mapper.ClassPathMapperScanner:239] - Skipping MapperFactoryBean with name 'articleMapper' and 'com.unifs.sdbst.app.dao.primary.cms.ArticleMapper' mapperInterface. Bean already defined with the same name!
[WARN ] 2019-08-27 15:21:10 [restartedMain:662664:org.mybatis.spring.mapper.ClassPathMapperScanner:239] - Skipping MapperFactoryBean with name 'categoryMapper' and 'com.unifs.sdbst.app.dao.primary.cms.CategoryMapper' mapperInterface. Bean already defined with the same name!
[WARN ] 2019-08-27 15:21:10 [restartedMain:662664:org.mybatis.spring.mapper.ClassPathMapperScanner:239] - Skipping MapperFactoryBean with name 'departmentMapper' and 'com.unifs.sdbst.app.dao.primary.department.DepartmentMapper' mapperInterface. Bean already defined with the same name!
[WARN ] 2019-08-27 15:21:10 [restartedMain:662664:org.mybatis.spring.mapper.ClassPathMapperScanner:239] - Skipping MapperFactoryBean with name 'informationMapper' and 'com.unifs.sdbst.app.dao.information_admin.InformationMapper' mapperInterface. Bean already defined with the same name!
[WARN ] 2019-08-27 15:21:10 [restartedMain:662664:org.mybatis.spring.mapper.ClassPathMapperScanner:239] - Skipping MapperFactoryBean with name 'dictMapper' and 'com.unifs.sdbst.app.dao.primary.menus.DictMapper' mapperInterface. Bean already defined with the same name!
[WARN ] 2019-08-27 15:21:10 [restartedMain:662664:org.mybatis.spring.mapper.ClassPathMapperScanner:239] - Skipping MapperFactoryBean with name 'menuMapper' and 'com.unifs.sdbst.app.dao.primary.menus.MenuMapper' mapperInterface. Bean already defined with the same name!
[WARN ] 2019-08-27 15:21:10 [restartedMain:662664:org.mybatis.spring.mapper.ClassPathMapperScanner:239] - Skipping MapperFactoryBean with name 'sysUserMenuMapper' and 'com.unifs.sdbst.app.dao.primary.menus.SysUserMenuMapper' mapperInterface. Bean already defined with the same name!
[WARN ] 2019-08-27 15:21:10 [restartedMain:662664:org.mybatis.spring.mapper.ClassPathMapperScanner:239] - Skipping MapperFactoryBean with name 'sysWorkMenuMapper' and 'com.unifs.sdbst.app.dao.primary.menus.SysWorkMenuMapper' mapperInterface. Bean already defined with the same name!
[WARN ] 2019-08-27 15:21:10 [restartedMain:662664:org.mybatis.spring.mapper.ClassPathMapperScanner:239] - Skipping MapperFactoryBean with name 'tagMapper' and 'com.unifs.sdbst.app.dao.primary.menus.TagMapper' mapperInterface. Bean already defined with the same name!
[WARN ] 2019-08-27 15:21:10 [restartedMain:662665:org.mybatis.spring.mapper.ClassPathMapperScanner:239] - Skipping MapperFactoryBean with name 'userMapper' and 'com.unifs.sdbst.app.dao.primary.user.UserMapper' mapperInterface. Bean already defined with the same name!
[WARN ] 2019-08-27 15:21:10 [restartedMain:662665:org.mybatis.spring.mapper.ClassPathMapperScanner:239] - Skipping MapperFactoryBean with name 'userOthersMapper' and 'com.unifs.sdbst.app.dao.primary.user.UserOthersMapper' mapperInterface. Bean already defined with the same name!
[WARN ] 2019-08-27 15:21:10 [restartedMain:662665:org.mybatis.spring.mapper.ClassPathMapperScanner:239] - Skipping MapperFactoryBean with name 'userSwtMapper' and 'com.unifs.sdbst.app.dao.primary.user.UserSwtMapper' mapperInterface. Bean already defined with the same name!
[WARN ] 2019-08-27 15:21:10 [restartedMain:662665:org.mybatis.spring.mapper.ClassPathMapperScanner:166] - No MyBatis mapper was found in '[com.unifs.sdbst.*.dao.*]' package. Please check your configuration.
[WARN ] 2019-08-27 15:24:35 [restartedMain:3227:tk.mybatis.spring.mapper.ClassPathMapperScanner:166] - No MyBatis mapper was found in '[com.unifs.sdbst.backstage.dao]' package. Please check your configuration.
[WARN ] 2019-08-27 15:24:35 [restartedMain:3244:org.mybatis.spring.mapper.ClassPathMapperScanner:239] - Skipping MapperFactoryBean with name 'articleMapper' and 'com.unifs.sdbst.app.dao.primary.cms.ArticleMapper' mapperInterface. Bean already defined with the same name!
[WARN ] 2019-08-27 15:24:35 [restartedMain:3245:org.mybatis.spring.mapper.ClassPathMapperScanner:239] - Skipping MapperFactoryBean with name 'categoryMapper' and 'com.unifs.sdbst.app.dao.primary.cms.CategoryMapper' mapperInterface. Bean already defined with the same name!
[WARN ] 2019-08-27 15:24:35 [restartedMain:3245:org.mybatis.spring.mapper.ClassPathMapperScanner:239] - Skipping MapperFactoryBean with name 'departmentMapper' and 'com.unifs.sdbst.app.dao.primary.department.DepartmentMapper' mapperInterface. Bean already defined with the same name!
[WARN ] 2019-08-27 15:24:35 [restartedMain:3245:org.mybatis.spring.mapper.ClassPathMapperScanner:239] - Skipping MapperFactoryBean with name 'informationMapper' and 'com.unifs.sdbst.app.dao.information_admin.InformationMapper' mapperInterface. Bean already defined with the same name!
[WARN ] 2019-08-27 15:24:35 [restartedMain:3246:org.mybatis.spring.mapper.ClassPathMapperScanner:239] - Skipping MapperFactoryBean with name 'dictMapper' and 'com.unifs.sdbst.app.dao.primary.menus.DictMapper' mapperInterface. Bean already defined with the same name!
[WARN ] 2019-08-27 15:24:35 [restartedMain:3246:org.mybatis.spring.mapper.ClassPathMapperScanner:239] - Skipping MapperFactoryBean with name 'menuMapper' and 'com.unifs.sdbst.app.dao.primary.menus.MenuMapper' mapperInterface. Bean already defined with the same name!
[WARN ] 2019-08-27 15:24:35 [restartedMain:3246:org.mybatis.spring.mapper.ClassPathMapperScanner:239] - Skipping MapperFactoryBean with name 'sysUserMenuMapper' and 'com.unifs.sdbst.app.dao.primary.menus.SysUserMenuMapper' mapperInterface. Bean already defined with the same name!
[WARN ] 2019-08-27 15:24:35 [restartedMain:3246:org.mybatis.spring.mapper.ClassPathMapperScanner:239] - Skipping MapperFactoryBean with name 'sysWorkMenuMapper' and 'com.unifs.sdbst.app.dao.primary.menus.SysWorkMenuMapper' mapperInterface. Bean already defined with the same name!
[WARN ] 2019-08-27 15:24:35 [restartedMain:3247:org.mybatis.spring.mapper.ClassPathMapperScanner:239] - Skipping MapperFactoryBean with name 'tagMapper' and 'com.unifs.sdbst.app.dao.primary.menus.TagMapper' mapperInterface. Bean already defined with the same name!
[WARN ] 2019-08-27 15:24:35 [restartedMain:3247:org.mybatis.spring.mapper.ClassPathMapperScanner:239] - Skipping MapperFactoryBean with name 'userMapper' and 'com.unifs.sdbst.app.dao.primary.user.UserMapper' mapperInterface. Bean already defined with the same name!
[WARN ] 2019-08-27 15:24:35 [restartedMain:3247:org.mybatis.spring.mapper.ClassPathMapperScanner:239] - Skipping MapperFactoryBean with name 'userOthersMapper' and 'com.unifs.sdbst.app.dao.primary.user.UserOthersMapper' mapperInterface. Bean already defined with the same name!
[WARN ] 2019-08-27 15:24:35 [restartedMain:3248:org.mybatis.spring.mapper.ClassPathMapperScanner:239] - Skipping MapperFactoryBean with name 'userSwtMapper' and 'com.unifs.sdbst.app.dao.primary.user.UserSwtMapper' mapperInterface. Bean already defined with the same name!
[WARN ] 2019-08-27 15:24:35 [restartedMain:3248:org.mybatis.spring.mapper.ClassPathMapperScanner:166] - No MyBatis mapper was found in '[com.unifs.sdbst.*.dao.*]' package. Please check your configuration.
