[WARN ] 2019-09-02 10:12:56 [restartedMain:4415:tk.mybatis.spring.mapper.ClassPathMapperScanner:166] - No MyBatis mapper was found in '[com.unifs.sdbst.backstage.dao]' package. Please check your configuration.
[WARN ] 2019-09-02 10:12:56 [restartedMain:4497:org.mybatis.spring.mapper.ClassPathMapperScanner:239] - Skipping MapperFactoryBean with name 'articleMapper' and 'com.unifs.sdbst.app.dao.primary.cms.ArticleMapper' mapperInterface. Bean already defined with the same name!
[WARN ] 2019-09-02 10:12:56 [restartedMain:4500:org.mybatis.spring.mapper.ClassPathMapperScanner:239] - Skipping MapperFactoryBean with name 'categoryMapper' and 'com.unifs.sdbst.app.dao.primary.cms.CategoryMapper' mapperInterface. Bean already defined with the same name!
[WARN ] 2019-09-02 10:12:56 [restartedMain:4501:org.mybatis.spring.mapper.ClassPathMapperScanner:239] - Skipping MapperFactoryBean with name 'departmentMapper' and 'com.unifs.sdbst.app.dao.primary.department.DepartmentMapper' mapperInterface. Bean already defined with the same name!
[WARN ] 2019-09-02 10:12:56 [restartedMain:4514:org.mybatis.spring.mapper.ClassPathMapperScanner:239] - Skipping MapperFactoryBean with name 'informationMapper' and 'com.unifs.sdbst.app.dao.information_admin.InformationMapper' mapperInterface. Bean already defined with the same name!
[WARN ] 2019-09-02 10:12:56 [restartedMain:4514:org.mybatis.spring.mapper.ClassPathMapperScanner:239] - Skipping MapperFactoryBean with name 'dictMapper' and 'com.unifs.sdbst.app.dao.primary.menus.DictMapper' mapperInterface. Bean already defined with the same name!
[WARN ] 2019-09-02 10:12:56 [restartedMain:4515:org.mybatis.spring.mapper.ClassPathMapperScanner:239] - Skipping MapperFactoryBean with name 'menuMapper' and 'com.unifs.sdbst.app.dao.primary.menus.MenuMapper' mapperInterface. Bean already defined with the same name!
[WARN ] 2019-09-02 10:12:56 [restartedMain:4515:org.mybatis.spring.mapper.ClassPathMapperScanner:239] - Skipping MapperFactoryBean with name 'sysUserMenuMapper' and 'com.unifs.sdbst.app.dao.primary.menus.SysUserMenuMapper' mapperInterface. Bean already defined with the same name!
[WARN ] 2019-09-02 10:12:56 [restartedMain:4516:org.mybatis.spring.mapper.ClassPathMapperScanner:239] - Skipping MapperFactoryBean with name 'sysWorkMenuMapper' and 'com.unifs.sdbst.app.dao.primary.menus.SysWorkMenuMapper' mapperInterface. Bean already defined with the same name!
[WARN ] 2019-09-02 10:12:56 [restartedMain:4516:org.mybatis.spring.mapper.ClassPathMapperScanner:239] - Skipping MapperFactoryBean with name 'tagMapper' and 'com.unifs.sdbst.app.dao.primary.menus.TagMapper' mapperInterface. Bean already defined with the same name!
[WARN ] 2019-09-02 10:12:56 [restartedMain:4517:org.mybatis.spring.mapper.ClassPathMapperScanner:239] - Skipping MapperFactoryBean with name 'adviceMapper' and 'com.unifs.sdbst.app.dao.primary.user.AdviceMapper' mapperInterface. Bean already defined with the same name!
[WARN ] 2019-09-02 10:12:56 [restartedMain:4535:org.mybatis.spring.mapper.ClassPathMapperScanner:239] - Skipping MapperFactoryBean with name 'satisfactionMapper' and 'com.unifs.sdbst.app.dao.primary.user.SatisfactionMapper' mapperInterface. Bean already defined with the same name!
[WARN ] 2019-09-02 10:12:56 [restartedMain:4538:org.mybatis.spring.mapper.ClassPathMapperScanner:239] - Skipping MapperFactoryBean with name 'userMapper' and 'com.unifs.sdbst.app.dao.primary.user.UserMapper' mapperInterface. Bean already defined with the same name!
[WARN ] 2019-09-02 10:12:56 [restartedMain:4539:org.mybatis.spring.mapper.ClassPathMapperScanner:239] - Skipping MapperFactoryBean with name 'userOthersMapper' and 'com.unifs.sdbst.app.dao.primary.user.UserOthersMapper' mapperInterface. Bean already defined with the same name!
[WARN ] 2019-09-02 10:12:56 [restartedMain:4540:org.mybatis.spring.mapper.ClassPathMapperScanner:239] - Skipping MapperFactoryBean with name 'userSwtMapper' and 'com.unifs.sdbst.app.dao.primary.user.UserSwtMapper' mapperInterface. Bean already defined with the same name!
[WARN ] 2019-09-02 10:12:56 [restartedMain:4541:org.mybatis.spring.mapper.ClassPathMapperScanner:166] - No MyBatis mapper was found in '[com.unifs.sdbst.*.dao.*]' package. Please check your configuration.
[WARN ] 2019-09-02 10:14:24 [http-nio-0.0.0.0-8080-exec-10:92508:org.springframework.web.servlet.mvc.method.annotation.ExceptionHandlerExceptionResolver:197] - Resolved [MyException(appmsg=, appcode=1)]
[WARN ] 2019-09-02 11:41:32 [restartedMain:6652:tk.mybatis.spring.mapper.ClassPathMapperScanner:166] - No MyBatis mapper was found in '[com.unifs.sdbst.backstage.dao]' package. Please check your configuration.
[WARN ] 2019-09-02 11:41:32 [restartedMain:6708:org.mybatis.spring.mapper.ClassPathMapperScanner:239] - Skipping MapperFactoryBean with name 'articleMapper' and 'com.unifs.sdbst.app.dao.primary.cms.ArticleMapper' mapperInterface. Bean already defined with the same name!
[WARN ] 2019-09-02 11:41:32 [restartedMain:6708:org.mybatis.spring.mapper.ClassPathMapperScanner:239] - Skipping MapperFactoryBean with name 'categoryMapper' and 'com.unifs.sdbst.app.dao.primary.cms.CategoryMapper' mapperInterface. Bean already defined with the same name!
[WARN ] 2019-09-02 11:41:32 [restartedMain:6709:org.mybatis.spring.mapper.ClassPathMapperScanner:239] - Skipping MapperFactoryBean with name 'departmentMapper' and 'com.unifs.sdbst.app.dao.primary.department.DepartmentMapper' mapperInterface. Bean already defined with the same name!
[WARN ] 2019-09-02 11:41:32 [restartedMain:6709:org.mybatis.spring.mapper.ClassPathMapperScanner:239] - Skipping MapperFactoryBean with name 'informationMapper' and 'com.unifs.sdbst.app.dao.information_admin.InformationMapper' mapperInterface. Bean already defined with the same name!
[WARN ] 2019-09-02 11:41:32 [restartedMain:6710:org.mybatis.spring.mapper.ClassPathMapperScanner:239] - Skipping MapperFactoryBean with name 'dictMapper' and 'com.unifs.sdbst.app.dao.primary.menus.DictMapper' mapperInterface. Bean already defined with the same name!
[WARN ] 2019-09-02 11:41:32 [restartedMain:6710:org.mybatis.spring.mapper.ClassPathMapperScanner:239] - Skipping MapperFactoryBean with name 'menuMapper' and 'com.unifs.sdbst.app.dao.primary.menus.MenuMapper' mapperInterface. Bean already defined with the same name!
[WARN ] 2019-09-02 11:41:32 [restartedMain:6710:org.mybatis.spring.mapper.ClassPathMapperScanner:239] - Skipping MapperFactoryBean with name 'sysUserMenuMapper' and 'com.unifs.sdbst.app.dao.primary.menus.SysUserMenuMapper' mapperInterface. Bean already defined with the same name!
[WARN ] 2019-09-02 11:41:32 [restartedMain:6711:org.mybatis.spring.mapper.ClassPathMapperScanner:239] - Skipping MapperFactoryBean with name 'sysWorkMenuMapper' and 'com.unifs.sdbst.app.dao.primary.menus.SysWorkMenuMapper' mapperInterface. Bean already defined with the same name!
[WARN ] 2019-09-02 11:41:32 [restartedMain:6711:org.mybatis.spring.mapper.ClassPathMapperScanner:239] - Skipping MapperFactoryBean with name 'tagMapper' and 'com.unifs.sdbst.app.dao.primary.menus.TagMapper' mapperInterface. Bean already defined with the same name!
[WARN ] 2019-09-02 11:41:32 [restartedMain:6711:org.mybatis.spring.mapper.ClassPathMapperScanner:239] - Skipping MapperFactoryBean with name 'adviceMapper' and 'com.unifs.sdbst.app.dao.primary.user.AdviceMapper' mapperInterface. Bean already defined with the same name!
[WARN ] 2019-09-02 11:41:32 [restartedMain:6712:org.mybatis.spring.mapper.ClassPathMapperScanner:239] - Skipping MapperFactoryBean with name 'satisfactionMapper' and 'com.unifs.sdbst.app.dao.primary.user.SatisfactionMapper' mapperInterface. Bean already defined with the same name!
[WARN ] 2019-09-02 11:41:32 [restartedMain:6712:org.mybatis.spring.mapper.ClassPathMapperScanner:239] - Skipping MapperFactoryBean with name 'userMapper' and 'com.unifs.sdbst.app.dao.primary.user.UserMapper' mapperInterface. Bean already defined with the same name!
[WARN ] 2019-09-02 11:41:32 [restartedMain:6713:org.mybatis.spring.mapper.ClassPathMapperScanner:239] - Skipping MapperFactoryBean with name 'userOthersMapper' and 'com.unifs.sdbst.app.dao.primary.user.UserOthersMapper' mapperInterface. Bean already defined with the same name!
[WARN ] 2019-09-02 11:41:32 [restartedMain:6713:org.mybatis.spring.mapper.ClassPathMapperScanner:239] - Skipping MapperFactoryBean with name 'userSwtMapper' and 'com.unifs.sdbst.app.dao.primary.user.UserSwtMapper' mapperInterface. Bean already defined with the same name!
[WARN ] 2019-09-02 11:41:32 [restartedMain:6732:org.mybatis.spring.mapper.ClassPathMapperScanner:166] - No MyBatis mapper was found in '[com.unifs.sdbst.*.dao.*]' package. Please check your configuration.
[WARN ] 2019-09-02 11:43:17 [http-nio-0.0.0.0-8080-exec-8:111621:org.springframework.web.servlet.mvc.method.annotation.ExceptionHandlerExceptionResolver:197] - Resolved [java.lang.IllegalStateException: Optional int parameter 'pageIndex' is present but cannot be translated into a null value due to being declared as a primitive type. Consider declaring it as object wrapper for the corresponding primitive type.]
[WARN ] 2019-09-02 11:45:16 [http-nio-0.0.0.0-8080-exec-9:230693:org.springframework.web.servlet.mvc.method.annotation.ExceptionHandlerExceptionResolver:197] - Resolved [org.springframework.jdbc.BadSqlGrammarException: 
### Error querying database.  Cause: java.sql.SQLSyntaxErrorException: ORA-00942: 表或视图不存在

### The error may exist in file [D:\Workspaces\IdeaProject\sdbst\target\classes\mappers\app\cms\ArticleMapper.xml]
### The error may involve defaultParameterMap
### The error occurred while setting parameters
### SQL: SELECT count(0) FROM cms_article a JOIN sys_user u ON u.id = a.create_by JOIN cms_category c ON c.id = a.category_id WHERE a.del_flag = ?
### Cause: java.sql.SQLSyntaxErrorException: ORA-00942: 表或视图不存在

; bad SQL grammar []; nested exception is java.sql.SQLSyntaxErrorException: ORA-00942: 表或视图不存在
]
[WARN ] 2019-09-02 11:47:52 [http-nio-0.0.0.0-8080-exec-7:387401:org.springframework.web.servlet.mvc.method.annotation.ExceptionHandlerExceptionResolver:197] - Resolved [org.springframework.jdbc.BadSqlGrammarException: 
### Error querying database.  Cause: java.sql.SQLSyntaxErrorException: ORA-00942: 表或视图不存在

### The error may exist in file [D:\Workspaces\IdeaProject\sdbst\target\classes\mappers\app\cms\ArticleMapper.xml]
### The error may involve defaultParameterMap
### The error occurred while setting parameters
### SQL: SELECT count(0) FROM cms_article a JOIN sys_user u ON u.id = a.create_by JOIN cms_category c ON c.id = a.category_id WHERE a.del_flag = ?
### Cause: java.sql.SQLSyntaxErrorException: ORA-00942: 表或视图不存在

; bad SQL grammar []; nested exception is java.sql.SQLSyntaxErrorException: ORA-00942: 表或视图不存在
]
[WARN ] 2019-09-02 11:48:37 [restartedMain:3117:tk.mybatis.spring.mapper.ClassPathMapperScanner:166] - No MyBatis mapper was found in '[com.unifs.sdbst.backstage.dao]' package. Please check your configuration.
[WARN ] 2019-09-02 11:48:37 [restartedMain:3142:org.mybatis.spring.mapper.ClassPathMapperScanner:239] - Skipping MapperFactoryBean with name 'articleMapper' and 'com.unifs.sdbst.app.dao.primary.cms.ArticleMapper' mapperInterface. Bean already defined with the same name!
[WARN ] 2019-09-02 11:48:37 [restartedMain:3142:org.mybatis.spring.mapper.ClassPathMapperScanner:239] - Skipping MapperFactoryBean with name 'categoryMapper' and 'com.unifs.sdbst.app.dao.primary.cms.CategoryMapper' mapperInterface. Bean already defined with the same name!
[WARN ] 2019-09-02 11:48:37 [restartedMain:3143:org.mybatis.spring.mapper.ClassPathMapperScanner:239] - Skipping MapperFactoryBean with name 'departmentMapper' and 'com.unifs.sdbst.app.dao.primary.department.DepartmentMapper' mapperInterface. Bean already defined with the same name!
[WARN ] 2019-09-02 11:48:37 [restartedMain:3143:org.mybatis.spring.mapper.ClassPathMapperScanner:239] - Skipping MapperFactoryBean with name 'informationMapper' and 'com.unifs.sdbst.app.dao.information_admin.InformationMapper' mapperInterface. Bean already defined with the same name!
[WARN ] 2019-09-02 11:48:37 [restartedMain:3143:org.mybatis.spring.mapper.ClassPathMapperScanner:239] - Skipping MapperFactoryBean with name 'dictMapper' and 'com.unifs.sdbst.app.dao.primary.menus.DictMapper' mapperInterface. Bean already defined with the same name!
[WARN ] 2019-09-02 11:48:37 [restartedMain:3144:org.mybatis.spring.mapper.ClassPathMapperScanner:239] - Skipping MapperFactoryBean with name 'menuMapper' and 'com.unifs.sdbst.app.dao.primary.menus.MenuMapper' mapperInterface. Bean already defined with the same name!
[WARN ] 2019-09-02 11:48:37 [restartedMain:3145:org.mybatis.spring.mapper.ClassPathMapperScanner:239] - Skipping MapperFactoryBean with name 'sysUserMenuMapper' and 'com.unifs.sdbst.app.dao.primary.menus.SysUserMenuMapper' mapperInterface. Bean already defined with the same name!
[WARN ] 2019-09-02 11:48:37 [restartedMain:3145:org.mybatis.spring.mapper.ClassPathMapperScanner:239] - Skipping MapperFactoryBean with name 'sysWorkMenuMapper' and 'com.unifs.sdbst.app.dao.primary.menus.SysWorkMenuMapper' mapperInterface. Bean already defined with the same name!
[WARN ] 2019-09-02 11:48:37 [restartedMain:3145:org.mybatis.spring.mapper.ClassPathMapperScanner:239] - Skipping MapperFactoryBean with name 'tagMapper' and 'com.unifs.sdbst.app.dao.primary.menus.TagMapper' mapperInterface. Bean already defined with the same name!
[WARN ] 2019-09-02 11:48:37 [restartedMain:3146:org.mybatis.spring.mapper.ClassPathMapperScanner:239] - Skipping MapperFactoryBean with name 'adviceMapper' and 'com.unifs.sdbst.app.dao.primary.user.AdviceMapper' mapperInterface. Bean already defined with the same name!
[WARN ] 2019-09-02 11:48:37 [restartedMain:3146:org.mybatis.spring.mapper.ClassPathMapperScanner:239] - Skipping MapperFactoryBean with name 'satisfactionMapper' and 'com.unifs.sdbst.app.dao.primary.user.SatisfactionMapper' mapperInterface. Bean already defined with the same name!
[WARN ] 2019-09-02 11:48:37 [restartedMain:3147:org.mybatis.spring.mapper.ClassPathMapperScanner:239] - Skipping MapperFactoryBean with name 'userMapper' and 'com.unifs.sdbst.app.dao.primary.user.UserMapper' mapperInterface. Bean already defined with the same name!
[WARN ] 2019-09-02 11:48:37 [restartedMain:3147:org.mybatis.spring.mapper.ClassPathMapperScanner:239] - Skipping MapperFactoryBean with name 'userOthersMapper' and 'com.unifs.sdbst.app.dao.primary.user.UserOthersMapper' mapperInterface. Bean already defined with the same name!
[WARN ] 2019-09-02 11:48:37 [restartedMain:3147:org.mybatis.spring.mapper.ClassPathMapperScanner:239] - Skipping MapperFactoryBean with name 'userSwtMapper' and 'com.unifs.sdbst.app.dao.primary.user.UserSwtMapper' mapperInterface. Bean already defined with the same name!
[WARN ] 2019-09-02 11:48:37 [restartedMain:3148:org.mybatis.spring.mapper.ClassPathMapperScanner:166] - No MyBatis mapper was found in '[com.unifs.sdbst.*.dao.*]' package. Please check your configuration.
[WARN ] 2019-09-02 14:54:30 [restartedMain:2277:tk.mybatis.spring.mapper.ClassPathMapperScanner:166] - No MyBatis mapper was found in '[com.unifs.sdbst.backstage.dao]' package. Please check your configuration.
[WARN ] 2019-09-02 14:54:30 [restartedMain:2328:org.mybatis.spring.mapper.ClassPathMapperScanner:239] - Skipping MapperFactoryBean with name 'articleMapper' and 'com.unifs.sdbst.app.dao.primary.cms.ArticleMapper' mapperInterface. Bean already defined with the same name!
[WARN ] 2019-09-02 14:54:30 [restartedMain:2328:org.mybatis.spring.mapper.ClassPathMapperScanner:239] - Skipping MapperFactoryBean with name 'categoryMapper' and 'com.unifs.sdbst.app.dao.primary.cms.CategoryMapper' mapperInterface. Bean already defined with the same name!
[WARN ] 2019-09-02 14:54:30 [restartedMain:2328:org.mybatis.spring.mapper.ClassPathMapperScanner:239] - Skipping MapperFactoryBean with name 'departmentMapper' and 'com.unifs.sdbst.app.dao.primary.department.DepartmentMapper' mapperInterface. Bean already defined with the same name!
[WARN ] 2019-09-02 14:54:30 [restartedMain:2328:org.mybatis.spring.mapper.ClassPathMapperScanner:239] - Skipping MapperFactoryBean with name 'informationMapper' and 'com.unifs.sdbst.app.dao.information_admin.InformationMapper' mapperInterface. Bean already defined with the same name!
[WARN ] 2019-09-02 14:54:30 [restartedMain:2329:org.mybatis.spring.mapper.ClassPathMapperScanner:239] - Skipping MapperFactoryBean with name 'dictMapper' and 'com.unifs.sdbst.app.dao.primary.menus.DictMapper' mapperInterface. Bean already defined with the same name!
[WARN ] 2019-09-02 14:54:30 [restartedMain:2329:org.mybatis.spring.mapper.ClassPathMapperScanner:239] - Skipping MapperFactoryBean with name 'menuMapper' and 'com.unifs.sdbst.app.dao.primary.menus.MenuMapper' mapperInterface. Bean already defined with the same name!
[WARN ] 2019-09-02 14:54:30 [restartedMain:2329:org.mybatis.spring.mapper.ClassPathMapperScanner:239] - Skipping MapperFactoryBean with name 'sysUserMenuMapper' and 'com.unifs.sdbst.app.dao.primary.menus.SysUserMenuMapper' mapperInterface. Bean already defined with the same name!
[WARN ] 2019-09-02 14:54:30 [restartedMain:2329:org.mybatis.spring.mapper.ClassPathMapperScanner:239] - Skipping MapperFactoryBean with name 'sysWorkMenuMapper' and 'com.unifs.sdbst.app.dao.primary.menus.SysWorkMenuMapper' mapperInterface. Bean already defined with the same name!
[WARN ] 2019-09-02 14:54:30 [restartedMain:2329:org.mybatis.spring.mapper.ClassPathMapperScanner:239] - Skipping MapperFactoryBean with name 'tagMapper' and 'com.unifs.sdbst.app.dao.primary.menus.TagMapper' mapperInterface. Bean already defined with the same name!
[WARN ] 2019-09-02 14:54:30 [restartedMain:2330:org.mybatis.spring.mapper.ClassPathMapperScanner:239] - Skipping MapperFactoryBean with name 'adviceMapper' and 'com.unifs.sdbst.app.dao.primary.user.AdviceMapper' mapperInterface. Bean already defined with the same name!
[WARN ] 2019-09-02 14:54:30 [restartedMain:2330:org.mybatis.spring.mapper.ClassPathMapperScanner:239] - Skipping MapperFactoryBean with name 'satisfactionMapper' and 'com.unifs.sdbst.app.dao.primary.user.SatisfactionMapper' mapperInterface. Bean already defined with the same name!
[WARN ] 2019-09-02 14:54:30 [restartedMain:2330:org.mybatis.spring.mapper.ClassPathMapperScanner:239] - Skipping MapperFactoryBean with name 'userMapper' and 'com.unifs.sdbst.app.dao.primary.user.UserMapper' mapperInterface. Bean already defined with the same name!
[WARN ] 2019-09-02 14:54:30 [restartedMain:2330:org.mybatis.spring.mapper.ClassPathMapperScanner:239] - Skipping MapperFactoryBean with name 'userOthersMapper' and 'com.unifs.sdbst.app.dao.primary.user.UserOthersMapper' mapperInterface. Bean already defined with the same name!
[WARN ] 2019-09-02 14:54:30 [restartedMain:2330:org.mybatis.spring.mapper.ClassPathMapperScanner:239] - Skipping MapperFactoryBean with name 'userSwtMapper' and 'com.unifs.sdbst.app.dao.primary.user.UserSwtMapper' mapperInterface. Bean already defined with the same name!
[WARN ] 2019-09-02 14:54:30 [restartedMain:2331:org.mybatis.spring.mapper.ClassPathMapperScanner:166] - No MyBatis mapper was found in '[com.unifs.sdbst.*.dao.*]' package. Please check your configuration.
[WARN ] 2019-09-02 16:57:08 [restartedMain:5360:tk.mybatis.spring.mapper.ClassPathMapperScanner:166] - No MyBatis mapper was found in '[com.unifs.sdbst.backstage.dao]' package. Please check your configuration.
[WARN ] 2019-09-02 16:57:08 [restartedMain:5423:org.mybatis.spring.mapper.ClassPathMapperScanner:239] - Skipping MapperFactoryBean with name 'articleMapper' and 'com.unifs.sdbst.app.dao.primary.cms.ArticleMapper' mapperInterface. Bean already defined with the same name!
[WARN ] 2019-09-02 16:57:08 [restartedMain:5424:org.mybatis.spring.mapper.ClassPathMapperScanner:239] - Skipping MapperFactoryBean with name 'categoryMapper' and 'com.unifs.sdbst.app.dao.primary.cms.CategoryMapper' mapperInterface. Bean already defined with the same name!
[WARN ] 2019-09-02 16:57:08 [restartedMain:5424:org.mybatis.spring.mapper.ClassPathMapperScanner:239] - Skipping MapperFactoryBean with name 'departmentMapper' and 'com.unifs.sdbst.app.dao.primary.department.DepartmentMapper' mapperInterface. Bean already defined with the same name!
[WARN ] 2019-09-02 16:57:08 [restartedMain:5425:org.mybatis.spring.mapper.ClassPathMapperScanner:239] - Skipping MapperFactoryBean with name 'informationMapper' and 'com.unifs.sdbst.app.dao.information_admin.InformationMapper' mapperInterface. Bean already defined with the same name!
[WARN ] 2019-09-02 16:57:08 [restartedMain:5425:org.mybatis.spring.mapper.ClassPathMapperScanner:239] - Skipping MapperFactoryBean with name 'dictMapper' and 'com.unifs.sdbst.app.dao.primary.menus.DictMapper' mapperInterface. Bean already defined with the same name!
[WARN ] 2019-09-02 16:57:08 [restartedMain:5426:org.mybatis.spring.mapper.ClassPathMapperScanner:239] - Skipping MapperFactoryBean with name 'menuMapper' and 'com.unifs.sdbst.app.dao.primary.menus.MenuMapper' mapperInterface. Bean already defined with the same name!
[WARN ] 2019-09-02 16:57:08 [restartedMain:5427:org.mybatis.spring.mapper.ClassPathMapperScanner:239] - Skipping MapperFactoryBean with name 'sysUserMenuMapper' and 'com.unifs.sdbst.app.dao.primary.menus.SysUserMenuMapper' mapperInterface. Bean already defined with the same name!
[WARN ] 2019-09-02 16:57:08 [restartedMain:5427:org.mybatis.spring.mapper.ClassPathMapperScanner:239] - Skipping MapperFactoryBean with name 'sysWorkMenuMapper' and 'com.unifs.sdbst.app.dao.primary.menus.SysWorkMenuMapper' mapperInterface. Bean already defined with the same name!
[WARN ] 2019-09-02 16:57:08 [restartedMain:5428:org.mybatis.spring.mapper.ClassPathMapperScanner:239] - Skipping MapperFactoryBean with name 'tagMapper' and 'com.unifs.sdbst.app.dao.primary.menus.TagMapper' mapperInterface. Bean already defined with the same name!
[WARN ] 2019-09-02 16:57:08 [restartedMain:5428:org.mybatis.spring.mapper.ClassPathMapperScanner:239] - Skipping MapperFactoryBean with name 'adviceMapper' and 'com.unifs.sdbst.app.dao.primary.user.AdviceMapper' mapperInterface. Bean already defined with the same name!
[WARN ] 2019-09-02 16:57:08 [restartedMain:5429:org.mybatis.spring.mapper.ClassPathMapperScanner:239] - Skipping MapperFactoryBean with name 'satisfactionMapper' and 'com.unifs.sdbst.app.dao.primary.user.SatisfactionMapper' mapperInterface. Bean already defined with the same name!
[WARN ] 2019-09-02 16:57:08 [restartedMain:5429:org.mybatis.spring.mapper.ClassPathMapperScanner:239] - Skipping MapperFactoryBean with name 'userMapper' and 'com.unifs.sdbst.app.dao.primary.user.UserMapper' mapperInterface. Bean already defined with the same name!
[WARN ] 2019-09-02 16:57:08 [restartedMain:5430:org.mybatis.spring.mapper.ClassPathMapperScanner:239] - Skipping MapperFactoryBean with name 'userOthersMapper' and 'com.unifs.sdbst.app.dao.primary.user.UserOthersMapper' mapperInterface. Bean already defined with the same name!
[WARN ] 2019-09-02 16:57:08 [restartedMain:5430:org.mybatis.spring.mapper.ClassPathMapperScanner:239] - Skipping MapperFactoryBean with name 'userSwtMapper' and 'com.unifs.sdbst.app.dao.primary.user.UserSwtMapper' mapperInterface. Bean already defined with the same name!
[WARN ] 2019-09-02 16:57:08 [restartedMain:5430:org.mybatis.spring.mapper.ClassPathMapperScanner:166] - No MyBatis mapper was found in '[com.unifs.sdbst.*.dao.*]' package. Please check your configuration.
[WARN ] 2019-09-02 17:10:18 [restartedMain:4728:tk.mybatis.spring.mapper.ClassPathMapperScanner:166] - No MyBatis mapper was found in '[com.unifs.sdbst.backstage.dao]' package. Please check your configuration.
[WARN ] 2019-09-02 17:10:18 [restartedMain:4750:org.mybatis.spring.mapper.ClassPathMapperScanner:239] - Skipping MapperFactoryBean with name 'articleMapper' and 'com.unifs.sdbst.app.dao.primary.cms.ArticleMapper' mapperInterface. Bean already defined with the same name!
[WARN ] 2019-09-02 17:10:18 [restartedMain:4751:org.mybatis.spring.mapper.ClassPathMapperScanner:239] - Skipping MapperFactoryBean with name 'categoryMapper' and 'com.unifs.sdbst.app.dao.primary.cms.CategoryMapper' mapperInterface. Bean already defined with the same name!
[WARN ] 2019-09-02 17:10:18 [restartedMain:4752:org.mybatis.spring.mapper.ClassPathMapperScanner:239] - Skipping MapperFactoryBean with name 'departmentMapper' and 'com.unifs.sdbst.app.dao.primary.department.DepartmentMapper' mapperInterface. Bean already defined with the same name!
[WARN ] 2019-09-02 17:10:18 [restartedMain:4752:org.mybatis.spring.mapper.ClassPathMapperScanner:239] - Skipping MapperFactoryBean with name 'informationMapper' and 'com.unifs.sdbst.app.dao.information_admin.InformationMapper' mapperInterface. Bean already defined with the same name!
[WARN ] 2019-09-02 17:10:18 [restartedMain:4752:org.mybatis.spring.mapper.ClassPathMapperScanner:239] - Skipping MapperFactoryBean with name 'dictMapper' and 'com.unifs.sdbst.app.dao.primary.menus.DictMapper' mapperInterface. Bean already defined with the same name!
[WARN ] 2019-09-02 17:10:18 [restartedMain:4753:org.mybatis.spring.mapper.ClassPathMapperScanner:239] - Skipping MapperFactoryBean with name 'menuMapper' and 'com.unifs.sdbst.app.dao.primary.menus.MenuMapper' mapperInterface. Bean already defined with the same name!
[WARN ] 2019-09-02 17:10:18 [restartedMain:4753:org.mybatis.spring.mapper.ClassPathMapperScanner:239] - Skipping MapperFactoryBean with name 'sysUserMenuMapper' and 'com.unifs.sdbst.app.dao.primary.menus.SysUserMenuMapper' mapperInterface. Bean already defined with the same name!
[WARN ] 2019-09-02 17:10:18 [restartedMain:4754:org.mybatis.spring.mapper.ClassPathMapperScanner:239] - Skipping MapperFactoryBean with name 'sysWorkMenuMapper' and 'com.unifs.sdbst.app.dao.primary.menus.SysWorkMenuMapper' mapperInterface. Bean already defined with the same name!
[WARN ] 2019-09-02 17:10:18 [restartedMain:4754:org.mybatis.spring.mapper.ClassPathMapperScanner:239] - Skipping MapperFactoryBean with name 'tagMapper' and 'com.unifs.sdbst.app.dao.primary.menus.TagMapper' mapperInterface. Bean already defined with the same name!
[WARN ] 2019-09-02 17:10:18 [restartedMain:4754:org.mybatis.spring.mapper.ClassPathMapperScanner:239] - Skipping MapperFactoryBean with name 'adviceMapper' and 'com.unifs.sdbst.app.dao.primary.user.AdviceMapper' mapperInterface. Bean already defined with the same name!
[WARN ] 2019-09-02 17:10:18 [restartedMain:4755:org.mybatis.spring.mapper.ClassPathMapperScanner:239] - Skipping MapperFactoryBean with name 'satisfactionMapper' and 'com.unifs.sdbst.app.dao.primary.user.SatisfactionMapper' mapperInterface. Bean already defined with the same name!
[WARN ] 2019-09-02 17:10:18 [restartedMain:4755:org.mybatis.spring.mapper.ClassPathMapperScanner:239] - Skipping MapperFactoryBean with name 'userMapper' and 'com.unifs.sdbst.app.dao.primary.user.UserMapper' mapperInterface. Bean already defined with the same name!
[WARN ] 2019-09-02 17:10:18 [restartedMain:4755:org.mybatis.spring.mapper.ClassPathMapperScanner:239] - Skipping MapperFactoryBean with name 'userOthersMapper' and 'com.unifs.sdbst.app.dao.primary.user.UserOthersMapper' mapperInterface. Bean already defined with the same name!
[WARN ] 2019-09-02 17:10:18 [restartedMain:4756:org.mybatis.spring.mapper.ClassPathMapperScanner:239] - Skipping MapperFactoryBean with name 'userSwtMapper' and 'com.unifs.sdbst.app.dao.primary.user.UserSwtMapper' mapperInterface. Bean already defined with the same name!
[WARN ] 2019-09-02 17:10:18 [restartedMain:4757:org.mybatis.spring.mapper.ClassPathMapperScanner:166] - No MyBatis mapper was found in '[com.unifs.sdbst.*.dao.*]' package. Please check your configuration.
[WARN ] 2019-09-02 17:14:43 [restartedMain:3648:tk.mybatis.spring.mapper.ClassPathMapperScanner:166] - No MyBatis mapper was found in '[com.unifs.sdbst.backstage.dao]' package. Please check your configuration.
[WARN ] 2019-09-02 17:14:43 [restartedMain:3672:org.mybatis.spring.mapper.ClassPathMapperScanner:239] - Skipping MapperFactoryBean with name 'articleMapper' and 'com.unifs.sdbst.app.dao.primary.cms.ArticleMapper' mapperInterface. Bean already defined with the same name!
[WARN ] 2019-09-02 17:14:43 [restartedMain:3673:org.mybatis.spring.mapper.ClassPathMapperScanner:239] - Skipping MapperFactoryBean with name 'categoryMapper' and 'com.unifs.sdbst.app.dao.primary.cms.CategoryMapper' mapperInterface. Bean already defined with the same name!
[WARN ] 2019-09-02 17:14:43 [restartedMain:3674:org.mybatis.spring.mapper.ClassPathMapperScanner:239] - Skipping MapperFactoryBean with name 'departmentMapper' and 'com.unifs.sdbst.app.dao.primary.department.DepartmentMapper' mapperInterface. Bean already defined with the same name!
[WARN ] 2019-09-02 17:14:43 [restartedMain:3674:org.mybatis.spring.mapper.ClassPathMapperScanner:239] - Skipping MapperFactoryBean with name 'informationMapper' and 'com.unifs.sdbst.app.dao.information_admin.InformationMapper' mapperInterface. Bean already defined with the same name!
[WARN ] 2019-09-02 17:14:43 [restartedMain:3674:org.mybatis.spring.mapper.ClassPathMapperScanner:239] - Skipping MapperFactoryBean with name 'dictMapper' and 'com.unifs.sdbst.app.dao.primary.menus.DictMapper' mapperInterface. Bean already defined with the same name!
[WARN ] 2019-09-02 17:14:43 [restartedMain:3675:org.mybatis.spring.mapper.ClassPathMapperScanner:239] - Skipping MapperFactoryBean with name 'menuMapper' and 'com.unifs.sdbst.app.dao.primary.menus.MenuMapper' mapperInterface. Bean already defined with the same name!
[WARN ] 2019-09-02 17:14:43 [restartedMain:3675:org.mybatis.spring.mapper.ClassPathMapperScanner:239] - Skipping MapperFactoryBean with name 'sysUserMenuMapper' and 'com.unifs.sdbst.app.dao.primary.menus.SysUserMenuMapper' mapperInterface. Bean already defined with the same name!
[WARN ] 2019-09-02 17:14:43 [restartedMain:3675:org.mybatis.spring.mapper.ClassPathMapperScanner:239] - Skipping MapperFactoryBean with name 'sysWorkMenuMapper' and 'com.unifs.sdbst.app.dao.primary.menus.SysWorkMenuMapper' mapperInterface. Bean already defined with the same name!
[WARN ] 2019-09-02 17:14:43 [restartedMain:3675:org.mybatis.spring.mapper.ClassPathMapperScanner:239] - Skipping MapperFactoryBean with name 'tagMapper' and 'com.unifs.sdbst.app.dao.primary.menus.TagMapper' mapperInterface. Bean already defined with the same name!
[WARN ] 2019-09-02 17:14:43 [restartedMain:3675:org.mybatis.spring.mapper.ClassPathMapperScanner:239] - Skipping MapperFactoryBean with name 'adviceMapper' and 'com.unifs.sdbst.app.dao.primary.user.AdviceMapper' mapperInterface. Bean already defined with the same name!
[WARN ] 2019-09-02 17:14:43 [restartedMain:3676:org.mybatis.spring.mapper.ClassPathMapperScanner:239] - Skipping MapperFactoryBean with name 'satisfactionMapper' and 'com.unifs.sdbst.app.dao.primary.user.SatisfactionMapper' mapperInterface. Bean already defined with the same name!
[WARN ] 2019-09-02 17:14:43 [restartedMain:3676:org.mybatis.spring.mapper.ClassPathMapperScanner:239] - Skipping MapperFactoryBean with name 'userMapper' and 'com.unifs.sdbst.app.dao.primary.user.UserMapper' mapperInterface. Bean already defined with the same name!
[WARN ] 2019-09-02 17:14:43 [restartedMain:3676:org.mybatis.spring.mapper.ClassPathMapperScanner:239] - Skipping MapperFactoryBean with name 'userOthersMapper' and 'com.unifs.sdbst.app.dao.primary.user.UserOthersMapper' mapperInterface. Bean already defined with the same name!
[WARN ] 2019-09-02 17:14:43 [restartedMain:3677:org.mybatis.spring.mapper.ClassPathMapperScanner:239] - Skipping MapperFactoryBean with name 'userSwtMapper' and 'com.unifs.sdbst.app.dao.primary.user.UserSwtMapper' mapperInterface. Bean already defined with the same name!
[WARN ] 2019-09-02 17:14:43 [restartedMain:3678:org.mybatis.spring.mapper.ClassPathMapperScanner:166] - No MyBatis mapper was found in '[com.unifs.sdbst.*.dao.*]' package. Please check your configuration.
[WARN ] 2019-09-02 17:17:25 [restartedMain:2801:tk.mybatis.spring.mapper.ClassPathMapperScanner:166] - No MyBatis mapper was found in '[com.unifs.sdbst.backstage.dao]' package. Please check your configuration.
[WARN ] 2019-09-02 17:17:25 [restartedMain:2819:org.mybatis.spring.mapper.ClassPathMapperScanner:239] - Skipping MapperFactoryBean with name 'articleMapper' and 'com.unifs.sdbst.app.dao.primary.cms.ArticleMapper' mapperInterface. Bean already defined with the same name!
[WARN ] 2019-09-02 17:17:25 [restartedMain:2819:org.mybatis.spring.mapper.ClassPathMapperScanner:239] - Skipping MapperFactoryBean with name 'categoryMapper' and 'com.unifs.sdbst.app.dao.primary.cms.CategoryMapper' mapperInterface. Bean already defined with the same name!
[WARN ] 2019-09-02 17:17:25 [restartedMain:2820:org.mybatis.spring.mapper.ClassPathMapperScanner:239] - Skipping MapperFactoryBean with name 'departmentMapper' and 'com.unifs.sdbst.app.dao.primary.department.DepartmentMapper' mapperInterface. Bean already defined with the same name!
[WARN ] 2019-09-02 17:17:25 [restartedMain:2820:org.mybatis.spring.mapper.ClassPathMapperScanner:239] - Skipping MapperFactoryBean with name 'informationMapper' and 'com.unifs.sdbst.app.dao.information_admin.InformationMapper' mapperInterface. Bean already defined with the same name!
[WARN ] 2019-09-02 17:17:25 [restartedMain:2820:org.mybatis.spring.mapper.ClassPathMapperScanner:239] - Skipping MapperFactoryBean with name 'dictMapper' and 'com.unifs.sdbst.app.dao.primary.menus.DictMapper' mapperInterface. Bean already defined with the same name!
[WARN ] 2019-09-02 17:17:25 [restartedMain:2821:org.mybatis.spring.mapper.ClassPathMapperScanner:239] - Skipping MapperFactoryBean with name 'menuMapper' and 'com.unifs.sdbst.app.dao.primary.menus.MenuMapper' mapperInterface. Bean already defined with the same name!
[WARN ] 2019-09-02 17:17:25 [restartedMain:2821:org.mybatis.spring.mapper.ClassPathMapperScanner:239] - Skipping MapperFactoryBean with name 'sysUserMenuMapper' and 'com.unifs.sdbst.app.dao.primary.menus.SysUserMenuMapper' mapperInterface. Bean already defined with the same name!
[WARN ] 2019-09-02 17:17:25 [restartedMain:2821:org.mybatis.spring.mapper.ClassPathMapperScanner:239] - Skipping MapperFactoryBean with name 'sysWorkMenuMapper' and 'com.unifs.sdbst.app.dao.primary.menus.SysWorkMenuMapper' mapperInterface. Bean already defined with the same name!
[WARN ] 2019-09-02 17:17:25 [restartedMain:2821:org.mybatis.spring.mapper.ClassPathMapperScanner:239] - Skipping MapperFactoryBean with name 'tagMapper' and 'com.unifs.sdbst.app.dao.primary.menus.TagMapper' mapperInterface. Bean already defined with the same name!
[WARN ] 2019-09-02 17:17:25 [restartedMain:2822:org.mybatis.spring.mapper.ClassPathMapperScanner:239] - Skipping MapperFactoryBean with name 'adviceMapper' and 'com.unifs.sdbst.app.dao.primary.user.AdviceMapper' mapperInterface. Bean already defined with the same name!
[WARN ] 2019-09-02 17:17:25 [restartedMain:2822:org.mybatis.spring.mapper.ClassPathMapperScanner:239] - Skipping MapperFactoryBean with name 'satisfactionMapper' and 'com.unifs.sdbst.app.dao.primary.user.SatisfactionMapper' mapperInterface. Bean already defined with the same name!
[WARN ] 2019-09-02 17:17:25 [restartedMain:2822:org.mybatis.spring.mapper.ClassPathMapperScanner:239] - Skipping MapperFactoryBean with name 'userMapper' and 'com.unifs.sdbst.app.dao.primary.user.UserMapper' mapperInterface. Bean already defined with the same name!
[WARN ] 2019-09-02 17:17:25 [restartedMain:2822:org.mybatis.spring.mapper.ClassPathMapperScanner:239] - Skipping MapperFactoryBean with name 'userOthersMapper' and 'com.unifs.sdbst.app.dao.primary.user.UserOthersMapper' mapperInterface. Bean already defined with the same name!
[WARN ] 2019-09-02 17:17:25 [restartedMain:2823:org.mybatis.spring.mapper.ClassPathMapperScanner:239] - Skipping MapperFactoryBean with name 'userSwtMapper' and 'com.unifs.sdbst.app.dao.primary.user.UserSwtMapper' mapperInterface. Bean already defined with the same name!
[WARN ] 2019-09-02 17:17:25 [restartedMain:2823:org.mybatis.spring.mapper.ClassPathMapperScanner:166] - No MyBatis mapper was found in '[com.unifs.sdbst.*.dao.*]' package. Please check your configuration.
[WARN ] 2019-09-02 18:13:32 [restartedMain:4720:tk.mybatis.spring.mapper.ClassPathMapperScanner:166] - No MyBatis mapper was found in '[com.unifs.sdbst.backstage.dao]' package. Please check your configuration.
[WARN ] 2019-09-02 18:13:32 [restartedMain:4741:org.mybatis.spring.mapper.ClassPathMapperScanner:239] - Skipping MapperFactoryBean with name 'articleMapper' and 'com.unifs.sdbst.app.dao.primary.cms.ArticleMapper' mapperInterface. Bean already defined with the same name!
[WARN ] 2019-09-02 18:13:32 [restartedMain:4742:org.mybatis.spring.mapper.ClassPathMapperScanner:239] - Skipping MapperFactoryBean with name 'categoryMapper' and 'com.unifs.sdbst.app.dao.primary.cms.CategoryMapper' mapperInterface. Bean already defined with the same name!
[WARN ] 2019-09-02 18:13:32 [restartedMain:4742:org.mybatis.spring.mapper.ClassPathMapperScanner:239] - Skipping MapperFactoryBean with name 'departmentMapper' and 'com.unifs.sdbst.app.dao.primary.department.DepartmentMapper' mapperInterface. Bean already defined with the same name!
[WARN ] 2019-09-02 18:13:32 [restartedMain:4742:org.mybatis.spring.mapper.ClassPathMapperScanner:239] - Skipping MapperFactoryBean with name 'informationMapper' and 'com.unifs.sdbst.app.dao.information_admin.InformationMapper' mapperInterface. Bean already defined with the same name!
[WARN ] 2019-09-02 18:13:32 [restartedMain:4742:org.mybatis.spring.mapper.ClassPathMapperScanner:239] - Skipping MapperFactoryBean with name 'dictMapper' and 'com.unifs.sdbst.app.dao.primary.menus.DictMapper' mapperInterface. Bean already defined with the same name!
[WARN ] 2019-09-02 18:13:32 [restartedMain:4743:org.mybatis.spring.mapper.ClassPathMapperScanner:239] - Skipping MapperFactoryBean with name 'menuMapper' and 'com.unifs.sdbst.app.dao.primary.menus.MenuMapper' mapperInterface. Bean already defined with the same name!
[WARN ] 2019-09-02 18:13:32 [restartedMain:4743:org.mybatis.spring.mapper.ClassPathMapperScanner:239] - Skipping MapperFactoryBean with name 'sysUserMenuMapper' and 'com.unifs.sdbst.app.dao.primary.menus.SysUserMenuMapper' mapperInterface. Bean already defined with the same name!
[WARN ] 2019-09-02 18:13:32 [restartedMain:4743:org.mybatis.spring.mapper.ClassPathMapperScanner:239] - Skipping MapperFactoryBean with name 'sysWorkMenuMapper' and 'com.unifs.sdbst.app.dao.primary.menus.SysWorkMenuMapper' mapperInterface. Bean already defined with the same name!
[WARN ] 2019-09-02 18:13:32 [restartedMain:4743:org.mybatis.spring.mapper.ClassPathMapperScanner:239] - Skipping MapperFactoryBean with name 'tagMapper' and 'com.unifs.sdbst.app.dao.primary.menus.TagMapper' mapperInterface. Bean already defined with the same name!
[WARN ] 2019-09-02 18:13:32 [restartedMain:4743:org.mybatis.spring.mapper.ClassPathMapperScanner:239] - Skipping MapperFactoryBean with name 'adviceMapper' and 'com.unifs.sdbst.app.dao.primary.user.AdviceMapper' mapperInterface. Bean already defined with the same name!
[WARN ] 2019-09-02 18:13:32 [restartedMain:4744:org.mybatis.spring.mapper.ClassPathMapperScanner:239] - Skipping MapperFactoryBean with name 'satisfactionMapper' and 'com.unifs.sdbst.app.dao.primary.user.SatisfactionMapper' mapperInterface. Bean already defined with the same name!
[WARN ] 2019-09-02 18:13:32 [restartedMain:4744:org.mybatis.spring.mapper.ClassPathMapperScanner:239] - Skipping MapperFactoryBean with name 'userMapper' and 'com.unifs.sdbst.app.dao.primary.user.UserMapper' mapperInterface. Bean already defined with the same name!
[WARN ] 2019-09-02 18:13:32 [restartedMain:4745:org.mybatis.spring.mapper.ClassPathMapperScanner:239] - Skipping MapperFactoryBean with name 'userOthersMapper' and 'com.unifs.sdbst.app.dao.primary.user.UserOthersMapper' mapperInterface. Bean already defined with the same name!
[WARN ] 2019-09-02 18:13:32 [restartedMain:4745:org.mybatis.spring.mapper.ClassPathMapperScanner:239] - Skipping MapperFactoryBean with name 'userSwtMapper' and 'com.unifs.sdbst.app.dao.primary.user.UserSwtMapper' mapperInterface. Bean already defined with the same name!
[WARN ] 2019-09-02 18:13:32 [restartedMain:4745:org.mybatis.spring.mapper.ClassPathMapperScanner:166] - No MyBatis mapper was found in '[com.unifs.sdbst.*.dao.*]' package. Please check your configuration.
[WARN ] 2019-09-02 18:14:09 [http-nio-0.0.0.0-8080-exec-8:41632:org.springframework.web.servlet.mvc.method.annotation.ExceptionHandlerExceptionResolver:197] - Resolved [MyException(appmsg=, appcode=1)]
[WARN ] 2019-09-02 18:14:38 [http-nio-0.0.0.0-8080-exec-3:70129:org.springframework.web.servlet.mvc.method.annotation.ExceptionHandlerExceptionResolver:197] - Resolved [MyException(appmsg=, appcode=1)]
[WARN ] 2019-09-02 18:15:01 [http-nio-0.0.0.0-8080-exec-1:93719:org.springframework.web.servlet.mvc.method.annotation.ExceptionHandlerExceptionResolver:197] - Resolved [MyException(appmsg=, appcode=1)]
[WARN ] 2019-09-02 18:19:15 [http-nio-0.0.0.0-8080-exec-8:348007:org.springframework.web.servlet.mvc.method.annotation.ExceptionHandlerExceptionResolver:197] - Resolved [MyException(appmsg=, appcode=1)]
[WARN ] 2019-09-02 18:19:22 [http-nio-0.0.0.0-8080-exec-5:354161:org.springframework.web.servlet.mvc.method.annotation.ExceptionHandlerExceptionResolver:197] - Resolved [MyException(appmsg=, appcode=1)]
