[WARN ] 2019-09-06 09:58:33 [restartedMain:5268:tk.mybatis.spring.mapper.ClassPathMapperScanner:166] - No MyBatis mapper was found in '[com.unifs.sdbst.backstage.dao]' package. Please check your configuration.
[WARN ] 2019-09-06 09:58:33 [restartedMain:5315:org.mybatis.spring.mapper.ClassPathMapperScanner:239] - Skipping MapperFactoryBean with name 'articleMapper' and 'com.unifs.sdbst.app.dao.primary.cms.ArticleMapper' mapperInterface. Bean already defined with the same name!
[WARN ] 2019-09-06 09:58:33 [restartedMain:5315:org.mybatis.spring.mapper.ClassPathMapperScanner:239] - Skipping MapperFactoryBean with name 'categoryMapper' and 'com.unifs.sdbst.app.dao.primary.cms.CategoryMapper' mapperInterface. Bean already defined with the same name!
[WARN ] 2019-09-06 09:58:33 [restartedMain:5315:org.mybatis.spring.mapper.ClassPathMapperScanner:239] - Skipping MapperFactoryBean with name 'departmentMapper' and 'com.unifs.sdbst.app.dao.primary.department.DepartmentMapper' mapperInterface. Bean already defined with the same name!
[WARN ] 2019-09-06 09:58:33 [restartedMain:5316:org.mybatis.spring.mapper.ClassPathMapperScanner:239] - Skipping MapperFactoryBean with name 'informationMapper' and 'com.unifs.sdbst.app.dao.information_admin.InformationMapper' mapperInterface. Bean already defined with the same name!
[WARN ] 2019-09-06 09:58:33 [restartedMain:5316:org.mybatis.spring.mapper.ClassPathMapperScanner:239] - Skipping MapperFactoryBean with name 'dictMapper' and 'com.unifs.sdbst.app.dao.primary.menus.DictMapper' mapperInterface. Bean already defined with the same name!
[WARN ] 2019-09-06 09:58:33 [restartedMain:5316:org.mybatis.spring.mapper.ClassPathMapperScanner:239] - Skipping MapperFactoryBean with name 'menuMapper' and 'com.unifs.sdbst.app.dao.primary.menus.MenuMapper' mapperInterface. Bean already defined with the same name!
[WARN ] 2019-09-06 09:58:33 [restartedMain:5316:org.mybatis.spring.mapper.ClassPathMapperScanner:239] - Skipping MapperFactoryBean with name 'sysUserMenuMapper' and 'com.unifs.sdbst.app.dao.primary.menus.SysUserMenuMapper' mapperInterface. Bean already defined with the same name!
[WARN ] 2019-09-06 09:58:33 [restartedMain:5316:org.mybatis.spring.mapper.ClassPathMapperScanner:239] - Skipping MapperFactoryBean with name 'sysWorkMenuMapper' and 'com.unifs.sdbst.app.dao.primary.menus.SysWorkMenuMapper' mapperInterface. Bean already defined with the same name!
[WARN ] 2019-09-06 09:58:33 [restartedMain:5316:org.mybatis.spring.mapper.ClassPathMapperScanner:239] - Skipping MapperFactoryBean with name 'tagMapper' and 'com.unifs.sdbst.app.dao.primary.menus.TagMapper' mapperInterface. Bean already defined with the same name!
[WARN ] 2019-09-06 09:58:33 [restartedMain:5316:org.mybatis.spring.mapper.ClassPathMapperScanner:239] - Skipping MapperFactoryBean with name 'adviceMapper' and 'com.unifs.sdbst.app.dao.primary.user.AdviceMapper' mapperInterface. Bean already defined with the same name!
[WARN ] 2019-09-06 09:58:33 [restartedMain:5316:org.mybatis.spring.mapper.ClassPathMapperScanner:239] - Skipping MapperFactoryBean with name 'satisfactionMapper' and 'com.unifs.sdbst.app.dao.primary.user.SatisfactionMapper' mapperInterface. Bean already defined with the same name!
[WARN ] 2019-09-06 09:58:33 [restartedMain:5317:org.mybatis.spring.mapper.ClassPathMapperScanner:239] - Skipping MapperFactoryBean with name 'userMapper' and 'com.unifs.sdbst.app.dao.primary.user.UserMapper' mapperInterface. Bean already defined with the same name!
[WARN ] 2019-09-06 09:58:33 [restartedMain:5317:org.mybatis.spring.mapper.ClassPathMapperScanner:239] - Skipping MapperFactoryBean with name 'userOthersMapper' and 'com.unifs.sdbst.app.dao.primary.user.UserOthersMapper' mapperInterface. Bean already defined with the same name!
[WARN ] 2019-09-06 09:58:33 [restartedMain:5317:org.mybatis.spring.mapper.ClassPathMapperScanner:239] - Skipping MapperFactoryBean with name 'userSwtMapper' and 'com.unifs.sdbst.app.dao.primary.user.UserSwtMapper' mapperInterface. Bean already defined with the same name!
[WARN ] 2019-09-06 09:58:33 [restartedMain:5317:org.mybatis.spring.mapper.ClassPathMapperScanner:166] - No MyBatis mapper was found in '[com.unifs.sdbst.*.dao.*]' package. Please check your configuration.
[WARN ] 2019-09-06 10:00:30 [http-nio-0.0.0.0-8081-exec-1:122302:org.springframework.web.servlet.mvc.method.annotation.ExceptionHandlerExceptionResolver:197] - Resolved [org.springframework.web.util.NestedServletException: Handler dispatch failed; nested exception is java.lang.NoClassDefFoundError: javax/wsdl/OperationType]
[WARN ] 2019-09-06 10:01:01 [restartedMain:153825:tk.mybatis.spring.mapper.ClassPathMapperScanner:166] - No MyBatis mapper was found in '[com.unifs.sdbst.backstage.dao]' package. Please check your configuration.
[WARN ] 2019-09-06 10:01:01 [restartedMain:153844:org.mybatis.spring.mapper.ClassPathMapperScanner:239] - Skipping MapperFactoryBean with name 'articleMapper' and 'com.unifs.sdbst.app.dao.primary.cms.ArticleMapper' mapperInterface. Bean already defined with the same name!
[WARN ] 2019-09-06 10:01:01 [restartedMain:153845:org.mybatis.spring.mapper.ClassPathMapperScanner:239] - Skipping MapperFactoryBean with name 'categoryMapper' and 'com.unifs.sdbst.app.dao.primary.cms.CategoryMapper' mapperInterface. Bean already defined with the same name!
[WARN ] 2019-09-06 10:01:01 [restartedMain:153845:org.mybatis.spring.mapper.ClassPathMapperScanner:239] - Skipping MapperFactoryBean with name 'departmentMapper' and 'com.unifs.sdbst.app.dao.primary.department.DepartmentMapper' mapperInterface. Bean already defined with the same name!
[WARN ] 2019-09-06 10:01:01 [restartedMain:153846:org.mybatis.spring.mapper.ClassPathMapperScanner:239] - Skipping MapperFactoryBean with name 'informationMapper' and 'com.unifs.sdbst.app.dao.information_admin.InformationMapper' mapperInterface. Bean already defined with the same name!
[WARN ] 2019-09-06 10:01:01 [restartedMain:153846:org.mybatis.spring.mapper.ClassPathMapperScanner:239] - Skipping MapperFactoryBean with name 'dictMapper' and 'com.unifs.sdbst.app.dao.primary.menus.DictMapper' mapperInterface. Bean already defined with the same name!
[WARN ] 2019-09-06 10:01:01 [restartedMain:153846:org.mybatis.spring.mapper.ClassPathMapperScanner:239] - Skipping MapperFactoryBean with name 'menuMapper' and 'com.unifs.sdbst.app.dao.primary.menus.MenuMapper' mapperInterface. Bean already defined with the same name!
[WARN ] 2019-09-06 10:01:01 [restartedMain:153847:org.mybatis.spring.mapper.ClassPathMapperScanner:239] - Skipping MapperFactoryBean with name 'sysUserMenuMapper' and 'com.unifs.sdbst.app.dao.primary.menus.SysUserMenuMapper' mapperInterface. Bean already defined with the same name!
[WARN ] 2019-09-06 10:01:01 [restartedMain:153848:org.mybatis.spring.mapper.ClassPathMapperScanner:239] - Skipping MapperFactoryBean with name 'sysWorkMenuMapper' and 'com.unifs.sdbst.app.dao.primary.menus.SysWorkMenuMapper' mapperInterface. Bean already defined with the same name!
[WARN ] 2019-09-06 10:01:01 [restartedMain:153848:org.mybatis.spring.mapper.ClassPathMapperScanner:239] - Skipping MapperFactoryBean with name 'tagMapper' and 'com.unifs.sdbst.app.dao.primary.menus.TagMapper' mapperInterface. Bean already defined with the same name!
[WARN ] 2019-09-06 10:01:01 [restartedMain:153849:org.mybatis.spring.mapper.ClassPathMapperScanner:239] - Skipping MapperFactoryBean with name 'adviceMapper' and 'com.unifs.sdbst.app.dao.primary.user.AdviceMapper' mapperInterface. Bean already defined with the same name!
[WARN ] 2019-09-06 10:01:01 [restartedMain:153850:org.mybatis.spring.mapper.ClassPathMapperScanner:239] - Skipping MapperFactoryBean with name 'satisfactionMapper' and 'com.unifs.sdbst.app.dao.primary.user.SatisfactionMapper' mapperInterface. Bean already defined with the same name!
[WARN ] 2019-09-06 10:01:01 [restartedMain:153850:org.mybatis.spring.mapper.ClassPathMapperScanner:239] - Skipping MapperFactoryBean with name 'userMapper' and 'com.unifs.sdbst.app.dao.primary.user.UserMapper' mapperInterface. Bean already defined with the same name!
[WARN ] 2019-09-06 10:01:01 [restartedMain:153851:org.mybatis.spring.mapper.ClassPathMapperScanner:239] - Skipping MapperFactoryBean with name 'userOthersMapper' and 'com.unifs.sdbst.app.dao.primary.user.UserOthersMapper' mapperInterface. Bean already defined with the same name!
[WARN ] 2019-09-06 10:01:01 [restartedMain:153852:org.mybatis.spring.mapper.ClassPathMapperScanner:239] - Skipping MapperFactoryBean with name 'userSwtMapper' and 'com.unifs.sdbst.app.dao.primary.user.UserSwtMapper' mapperInterface. Bean already defined with the same name!
[WARN ] 2019-09-06 10:01:01 [restartedMain:153852:org.mybatis.spring.mapper.ClassPathMapperScanner:166] - No MyBatis mapper was found in '[com.unifs.sdbst.*.dao.*]' package. Please check your configuration.
[WARN ] 2019-09-06 10:07:55 [restartedMain:567845:tk.mybatis.spring.mapper.ClassPathMapperScanner:166] - No MyBatis mapper was found in '[com.unifs.sdbst.backstage.dao]' package. Please check your configuration.
[WARN ] 2019-09-06 10:07:55 [restartedMain:567855:org.mybatis.spring.mapper.ClassPathMapperScanner:239] - Skipping MapperFactoryBean with name 'articleMapper' and 'com.unifs.sdbst.app.dao.primary.cms.ArticleMapper' mapperInterface. Bean already defined with the same name!
[WARN ] 2019-09-06 10:07:55 [restartedMain:567855:org.mybatis.spring.mapper.ClassPathMapperScanner:239] - Skipping MapperFactoryBean with name 'categoryMapper' and 'com.unifs.sdbst.app.dao.primary.cms.CategoryMapper' mapperInterface. Bean already defined with the same name!
[WARN ] 2019-09-06 10:07:55 [restartedMain:567856:org.mybatis.spring.mapper.ClassPathMapperScanner:239] - Skipping MapperFactoryBean with name 'departmentMapper' and 'com.unifs.sdbst.app.dao.primary.department.DepartmentMapper' mapperInterface. Bean already defined with the same name!
[WARN ] 2019-09-06 10:07:55 [restartedMain:567856:org.mybatis.spring.mapper.ClassPathMapperScanner:239] - Skipping MapperFactoryBean with name 'informationMapper' and 'com.unifs.sdbst.app.dao.information_admin.InformationMapper' mapperInterface. Bean already defined with the same name!
[WARN ] 2019-09-06 10:07:55 [restartedMain:567856:org.mybatis.spring.mapper.ClassPathMapperScanner:239] - Skipping MapperFactoryBean with name 'dictMapper' and 'com.unifs.sdbst.app.dao.primary.menus.DictMapper' mapperInterface. Bean already defined with the same name!
[WARN ] 2019-09-06 10:07:55 [restartedMain:567856:org.mybatis.spring.mapper.ClassPathMapperScanner:239] - Skipping MapperFactoryBean with name 'menuMapper' and 'com.unifs.sdbst.app.dao.primary.menus.MenuMapper' mapperInterface. Bean already defined with the same name!
[WARN ] 2019-09-06 10:07:55 [restartedMain:567856:org.mybatis.spring.mapper.ClassPathMapperScanner:239] - Skipping MapperFactoryBean with name 'sysUserMenuMapper' and 'com.unifs.sdbst.app.dao.primary.menus.SysUserMenuMapper' mapperInterface. Bean already defined with the same name!
[WARN ] 2019-09-06 10:07:55 [restartedMain:567856:org.mybatis.spring.mapper.ClassPathMapperScanner:239] - Skipping MapperFactoryBean with name 'sysWorkMenuMapper' and 'com.unifs.sdbst.app.dao.primary.menus.SysWorkMenuMapper' mapperInterface. Bean already defined with the same name!
[WARN ] 2019-09-06 10:07:55 [restartedMain:567856:org.mybatis.spring.mapper.ClassPathMapperScanner:239] - Skipping MapperFactoryBean with name 'tagMapper' and 'com.unifs.sdbst.app.dao.primary.menus.TagMapper' mapperInterface. Bean already defined with the same name!
[WARN ] 2019-09-06 10:07:55 [restartedMain:567856:org.mybatis.spring.mapper.ClassPathMapperScanner:239] - Skipping MapperFactoryBean with name 'adviceMapper' and 'com.unifs.sdbst.app.dao.primary.user.AdviceMapper' mapperInterface. Bean already defined with the same name!
[WARN ] 2019-09-06 10:07:55 [restartedMain:567857:org.mybatis.spring.mapper.ClassPathMapperScanner:239] - Skipping MapperFactoryBean with name 'satisfactionMapper' and 'com.unifs.sdbst.app.dao.primary.user.SatisfactionMapper' mapperInterface. Bean already defined with the same name!
[WARN ] 2019-09-06 10:07:55 [restartedMain:567857:org.mybatis.spring.mapper.ClassPathMapperScanner:239] - Skipping MapperFactoryBean with name 'userMapper' and 'com.unifs.sdbst.app.dao.primary.user.UserMapper' mapperInterface. Bean already defined with the same name!
[WARN ] 2019-09-06 10:07:55 [restartedMain:567857:org.mybatis.spring.mapper.ClassPathMapperScanner:239] - Skipping MapperFactoryBean with name 'userOthersMapper' and 'com.unifs.sdbst.app.dao.primary.user.UserOthersMapper' mapperInterface. Bean already defined with the same name!
[WARN ] 2019-09-06 10:07:55 [restartedMain:567857:org.mybatis.spring.mapper.ClassPathMapperScanner:239] - Skipping MapperFactoryBean with name 'userSwtMapper' and 'com.unifs.sdbst.app.dao.primary.user.UserSwtMapper' mapperInterface. Bean already defined with the same name!
[WARN ] 2019-09-06 10:07:55 [restartedMain:567857:org.mybatis.spring.mapper.ClassPathMapperScanner:166] - No MyBatis mapper was found in '[com.unifs.sdbst.*.dao.*]' package. Please check your configuration.
[WARN ] 2019-09-06 10:08:08 [restartedMain:580057:tk.mybatis.spring.mapper.ClassPathMapperScanner:166] - No MyBatis mapper was found in '[com.unifs.sdbst.backstage.dao]' package. Please check your configuration.
[WARN ] 2019-09-06 10:08:08 [restartedMain:580063:org.mybatis.spring.mapper.ClassPathMapperScanner:239] - Skipping MapperFactoryBean with name 'articleMapper' and 'com.unifs.sdbst.app.dao.primary.cms.ArticleMapper' mapperInterface. Bean already defined with the same name!
[WARN ] 2019-09-06 10:08:08 [restartedMain:580063:org.mybatis.spring.mapper.ClassPathMapperScanner:239] - Skipping MapperFactoryBean with name 'categoryMapper' and 'com.unifs.sdbst.app.dao.primary.cms.CategoryMapper' mapperInterface. Bean already defined with the same name!
[WARN ] 2019-09-06 10:08:08 [restartedMain:580063:org.mybatis.spring.mapper.ClassPathMapperScanner:239] - Skipping MapperFactoryBean with name 'departmentMapper' and 'com.unifs.sdbst.app.dao.primary.department.DepartmentMapper' mapperInterface. Bean already defined with the same name!
[WARN ] 2019-09-06 10:08:08 [restartedMain:580063:org.mybatis.spring.mapper.ClassPathMapperScanner:239] - Skipping MapperFactoryBean with name 'informationMapper' and 'com.unifs.sdbst.app.dao.information_admin.InformationMapper' mapperInterface. Bean already defined with the same name!
[WARN ] 2019-09-06 10:08:08 [restartedMain:580063:org.mybatis.spring.mapper.ClassPathMapperScanner:239] - Skipping MapperFactoryBean with name 'dictMapper' and 'com.unifs.sdbst.app.dao.primary.menus.DictMapper' mapperInterface. Bean already defined with the same name!
[WARN ] 2019-09-06 10:08:08 [restartedMain:580063:org.mybatis.spring.mapper.ClassPathMapperScanner:239] - Skipping MapperFactoryBean with name 'menuMapper' and 'com.unifs.sdbst.app.dao.primary.menus.MenuMapper' mapperInterface. Bean already defined with the same name!
[WARN ] 2019-09-06 10:08:08 [restartedMain:580064:org.mybatis.spring.mapper.ClassPathMapperScanner:239] - Skipping MapperFactoryBean with name 'sysUserMenuMapper' and 'com.unifs.sdbst.app.dao.primary.menus.SysUserMenuMapper' mapperInterface. Bean already defined with the same name!
[WARN ] 2019-09-06 10:08:08 [restartedMain:580064:org.mybatis.spring.mapper.ClassPathMapperScanner:239] - Skipping MapperFactoryBean with name 'sysWorkMenuMapper' and 'com.unifs.sdbst.app.dao.primary.menus.SysWorkMenuMapper' mapperInterface. Bean already defined with the same name!
[WARN ] 2019-09-06 10:08:08 [restartedMain:580064:org.mybatis.spring.mapper.ClassPathMapperScanner:239] - Skipping MapperFactoryBean with name 'tagMapper' and 'com.unifs.sdbst.app.dao.primary.menus.TagMapper' mapperInterface. Bean already defined with the same name!
[WARN ] 2019-09-06 10:08:08 [restartedMain:580064:org.mybatis.spring.mapper.ClassPathMapperScanner:239] - Skipping MapperFactoryBean with name 'adviceMapper' and 'com.unifs.sdbst.app.dao.primary.user.AdviceMapper' mapperInterface. Bean already defined with the same name!
[WARN ] 2019-09-06 10:08:08 [restartedMain:580064:org.mybatis.spring.mapper.ClassPathMapperScanner:239] - Skipping MapperFactoryBean with name 'satisfactionMapper' and 'com.unifs.sdbst.app.dao.primary.user.SatisfactionMapper' mapperInterface. Bean already defined with the same name!
[WARN ] 2019-09-06 10:08:08 [restartedMain:580064:org.mybatis.spring.mapper.ClassPathMapperScanner:239] - Skipping MapperFactoryBean with name 'userMapper' and 'com.unifs.sdbst.app.dao.primary.user.UserMapper' mapperInterface. Bean already defined with the same name!
[WARN ] 2019-09-06 10:08:08 [restartedMain:580064:org.mybatis.spring.mapper.ClassPathMapperScanner:239] - Skipping MapperFactoryBean with name 'userOthersMapper' and 'com.unifs.sdbst.app.dao.primary.user.UserOthersMapper' mapperInterface. Bean already defined with the same name!
[WARN ] 2019-09-06 10:08:08 [restartedMain:580064:org.mybatis.spring.mapper.ClassPathMapperScanner:239] - Skipping MapperFactoryBean with name 'userSwtMapper' and 'com.unifs.sdbst.app.dao.primary.user.UserSwtMapper' mapperInterface. Bean already defined with the same name!
[WARN ] 2019-09-06 10:08:08 [restartedMain:580064:org.mybatis.spring.mapper.ClassPathMapperScanner:166] - No MyBatis mapper was found in '[com.unifs.sdbst.*.dao.*]' package. Please check your configuration.
[WARN ] 2019-09-06 10:08:34 [http-nio-0.0.0.0-8081-exec-6:606663:org.springframework.web.servlet.mvc.method.annotation.ExceptionHandlerExceptionResolver:197] - Resolved [org.springframework.web.util.NestedServletException: Handler dispatch failed; nested exception is java.lang.NoClassDefFoundError: Could not initialize class org.apache.axis.description.OperationDesc]
[WARN ] 2019-09-06 10:42:35 [restartedMain:2646976:tk.mybatis.spring.mapper.ClassPathMapperScanner:166] - No MyBatis mapper was found in '[com.unifs.sdbst.backstage.dao]' package. Please check your configuration.
[WARN ] 2019-09-06 10:42:35 [restartedMain:2646982:org.mybatis.spring.mapper.ClassPathMapperScanner:239] - Skipping MapperFactoryBean with name 'articleMapper' and 'com.unifs.sdbst.app.dao.primary.cms.ArticleMapper' mapperInterface. Bean already defined with the same name!
[WARN ] 2019-09-06 10:42:35 [restartedMain:2646982:org.mybatis.spring.mapper.ClassPathMapperScanner:239] - Skipping MapperFactoryBean with name 'categoryMapper' and 'com.unifs.sdbst.app.dao.primary.cms.CategoryMapper' mapperInterface. Bean already defined with the same name!
[WARN ] 2019-09-06 10:42:35 [restartedMain:2646982:org.mybatis.spring.mapper.ClassPathMapperScanner:239] - Skipping MapperFactoryBean with name 'departmentMapper' and 'com.unifs.sdbst.app.dao.primary.department.DepartmentMapper' mapperInterface. Bean already defined with the same name!
[WARN ] 2019-09-06 10:42:35 [restartedMain:2646982:org.mybatis.spring.mapper.ClassPathMapperScanner:239] - Skipping MapperFactoryBean with name 'informationMapper' and 'com.unifs.sdbst.app.dao.information_admin.InformationMapper' mapperInterface. Bean already defined with the same name!
[WARN ] 2019-09-06 10:42:35 [restartedMain:2646982:org.mybatis.spring.mapper.ClassPathMapperScanner:239] - Skipping MapperFactoryBean with name 'dictMapper' and 'com.unifs.sdbst.app.dao.primary.menus.DictMapper' mapperInterface. Bean already defined with the same name!
[WARN ] 2019-09-06 10:42:35 [restartedMain:2646982:org.mybatis.spring.mapper.ClassPathMapperScanner:239] - Skipping MapperFactoryBean with name 'menuMapper' and 'com.unifs.sdbst.app.dao.primary.menus.MenuMapper' mapperInterface. Bean already defined with the same name!
[WARN ] 2019-09-06 10:42:35 [restartedMain:2646982:org.mybatis.spring.mapper.ClassPathMapperScanner:239] - Skipping MapperFactoryBean with name 'sysUserMenuMapper' and 'com.unifs.sdbst.app.dao.primary.menus.SysUserMenuMapper' mapperInterface. Bean already defined with the same name!
[WARN ] 2019-09-06 10:42:35 [restartedMain:2646982:org.mybatis.spring.mapper.ClassPathMapperScanner:239] - Skipping MapperFactoryBean with name 'sysWorkMenuMapper' and 'com.unifs.sdbst.app.dao.primary.menus.SysWorkMenuMapper' mapperInterface. Bean already defined with the same name!
[WARN ] 2019-09-06 10:42:35 [restartedMain:2646983:org.mybatis.spring.mapper.ClassPathMapperScanner:239] - Skipping MapperFactoryBean with name 'tagMapper' and 'com.unifs.sdbst.app.dao.primary.menus.TagMapper' mapperInterface. Bean already defined with the same name!
[WARN ] 2019-09-06 10:42:35 [restartedMain:2646983:org.mybatis.spring.mapper.ClassPathMapperScanner:239] - Skipping MapperFactoryBean with name 'adviceMapper' and 'com.unifs.sdbst.app.dao.primary.user.AdviceMapper' mapperInterface. Bean already defined with the same name!
[WARN ] 2019-09-06 10:42:35 [restartedMain:2646983:org.mybatis.spring.mapper.ClassPathMapperScanner:239] - Skipping MapperFactoryBean with name 'satisfactionMapper' and 'com.unifs.sdbst.app.dao.primary.user.SatisfactionMapper' mapperInterface. Bean already defined with the same name!
[WARN ] 2019-09-06 10:42:35 [restartedMain:2646983:org.mybatis.spring.mapper.ClassPathMapperScanner:239] - Skipping MapperFactoryBean with name 'userMapper' and 'com.unifs.sdbst.app.dao.primary.user.UserMapper' mapperInterface. Bean already defined with the same name!
[WARN ] 2019-09-06 10:42:35 [restartedMain:2646983:org.mybatis.spring.mapper.ClassPathMapperScanner:239] - Skipping MapperFactoryBean with name 'userOthersMapper' and 'com.unifs.sdbst.app.dao.primary.user.UserOthersMapper' mapperInterface. Bean already defined with the same name!
[WARN ] 2019-09-06 10:42:35 [restartedMain:2646983:org.mybatis.spring.mapper.ClassPathMapperScanner:239] - Skipping MapperFactoryBean with name 'userSwtMapper' and 'com.unifs.sdbst.app.dao.primary.user.UserSwtMapper' mapperInterface. Bean already defined with the same name!
[WARN ] 2019-09-06 10:42:35 [restartedMain:2646983:org.mybatis.spring.mapper.ClassPathMapperScanner:166] - No MyBatis mapper was found in '[com.unifs.sdbst.*.dao.*]' package. Please check your configuration.
[WARN ] 2019-09-06 10:45:57 [restartedMain:2849510:tk.mybatis.spring.mapper.ClassPathMapperScanner:166] - No MyBatis mapper was found in '[com.unifs.sdbst.backstage.dao]' package. Please check your configuration.
[WARN ] 2019-09-06 10:45:57 [restartedMain:2849524:org.mybatis.spring.mapper.ClassPathMapperScanner:239] - Skipping MapperFactoryBean with name 'articleMapper' and 'com.unifs.sdbst.app.dao.primary.cms.ArticleMapper' mapperInterface. Bean already defined with the same name!
[WARN ] 2019-09-06 10:45:57 [restartedMain:2849524:org.mybatis.spring.mapper.ClassPathMapperScanner:239] - Skipping MapperFactoryBean with name 'categoryMapper' and 'com.unifs.sdbst.app.dao.primary.cms.CategoryMapper' mapperInterface. Bean already defined with the same name!
[WARN ] 2019-09-06 10:45:57 [restartedMain:2849525:org.mybatis.spring.mapper.ClassPathMapperScanner:239] - Skipping MapperFactoryBean with name 'departmentMapper' and 'com.unifs.sdbst.app.dao.primary.department.DepartmentMapper' mapperInterface. Bean already defined with the same name!
[WARN ] 2019-09-06 10:45:57 [restartedMain:2849525:org.mybatis.spring.mapper.ClassPathMapperScanner:239] - Skipping MapperFactoryBean with name 'informationMapper' and 'com.unifs.sdbst.app.dao.information_admin.InformationMapper' mapperInterface. Bean already defined with the same name!
[WARN ] 2019-09-06 10:45:57 [restartedMain:2849525:org.mybatis.spring.mapper.ClassPathMapperScanner:239] - Skipping MapperFactoryBean with name 'dictMapper' and 'com.unifs.sdbst.app.dao.primary.menus.DictMapper' mapperInterface. Bean already defined with the same name!
[WARN ] 2019-09-06 10:45:57 [restartedMain:2849525:org.mybatis.spring.mapper.ClassPathMapperScanner:239] - Skipping MapperFactoryBean with name 'menuMapper' and 'com.unifs.sdbst.app.dao.primary.menus.MenuMapper' mapperInterface. Bean already defined with the same name!
[WARN ] 2019-09-06 10:45:57 [restartedMain:2849525:org.mybatis.spring.mapper.ClassPathMapperScanner:239] - Skipping MapperFactoryBean with name 'sysUserMenuMapper' and 'com.unifs.sdbst.app.dao.primary.menus.SysUserMenuMapper' mapperInterface. Bean already defined with the same name!
[WARN ] 2019-09-06 10:45:57 [restartedMain:2849526:org.mybatis.spring.mapper.ClassPathMapperScanner:239] - Skipping MapperFactoryBean with name 'sysWorkMenuMapper' and 'com.unifs.sdbst.app.dao.primary.menus.SysWorkMenuMapper' mapperInterface. Bean already defined with the same name!
[WARN ] 2019-09-06 10:45:57 [restartedMain:2849526:org.mybatis.spring.mapper.ClassPathMapperScanner:239] - Skipping MapperFactoryBean with name 'tagMapper' and 'com.unifs.sdbst.app.dao.primary.menus.TagMapper' mapperInterface. Bean already defined with the same name!
[WARN ] 2019-09-06 10:45:57 [restartedMain:2849526:org.mybatis.spring.mapper.ClassPathMapperScanner:239] - Skipping MapperFactoryBean with name 'adviceMapper' and 'com.unifs.sdbst.app.dao.primary.user.AdviceMapper' mapperInterface. Bean already defined with the same name!
[WARN ] 2019-09-06 10:45:57 [restartedMain:2849526:org.mybatis.spring.mapper.ClassPathMapperScanner:239] - Skipping MapperFactoryBean with name 'satisfactionMapper' and 'com.unifs.sdbst.app.dao.primary.user.SatisfactionMapper' mapperInterface. Bean already defined with the same name!
[WARN ] 2019-09-06 10:45:57 [restartedMain:2849527:org.mybatis.spring.mapper.ClassPathMapperScanner:239] - Skipping MapperFactoryBean with name 'userMapper' and 'com.unifs.sdbst.app.dao.primary.user.UserMapper' mapperInterface. Bean already defined with the same name!
[WARN ] 2019-09-06 10:45:57 [restartedMain:2849527:org.mybatis.spring.mapper.ClassPathMapperScanner:239] - Skipping MapperFactoryBean with name 'userOthersMapper' and 'com.unifs.sdbst.app.dao.primary.user.UserOthersMapper' mapperInterface. Bean already defined with the same name!
[WARN ] 2019-09-06 10:45:57 [restartedMain:2849527:org.mybatis.spring.mapper.ClassPathMapperScanner:239] - Skipping MapperFactoryBean with name 'userSwtMapper' and 'com.unifs.sdbst.app.dao.primary.user.UserSwtMapper' mapperInterface. Bean already defined with the same name!
[WARN ] 2019-09-06 10:45:57 [restartedMain:2849527:org.mybatis.spring.mapper.ClassPathMapperScanner:166] - No MyBatis mapper was found in '[com.unifs.sdbst.*.dao.*]' package. Please check your configuration.
[WARN ] 2019-09-06 10:48:00 [restartedMain:2972764:tk.mybatis.spring.mapper.ClassPathMapperScanner:166] - No MyBatis mapper was found in '[com.unifs.sdbst.backstage.dao]' package. Please check your configuration.
[WARN ] 2019-09-06 10:48:00 [restartedMain:2972772:org.mybatis.spring.mapper.ClassPathMapperScanner:239] - Skipping MapperFactoryBean with name 'articleMapper' and 'com.unifs.sdbst.app.dao.primary.cms.ArticleMapper' mapperInterface. Bean already defined with the same name!
[WARN ] 2019-09-06 10:48:00 [restartedMain:2972772:org.mybatis.spring.mapper.ClassPathMapperScanner:239] - Skipping MapperFactoryBean with name 'categoryMapper' and 'com.unifs.sdbst.app.dao.primary.cms.CategoryMapper' mapperInterface. Bean already defined with the same name!
[WARN ] 2019-09-06 10:48:00 [restartedMain:2972772:org.mybatis.spring.mapper.ClassPathMapperScanner:239] - Skipping MapperFactoryBean with name 'departmentMapper' and 'com.unifs.sdbst.app.dao.primary.department.DepartmentMapper' mapperInterface. Bean already defined with the same name!
[WARN ] 2019-09-06 10:48:00 [restartedMain:2972772:org.mybatis.spring.mapper.ClassPathMapperScanner:239] - Skipping MapperFactoryBean with name 'informationMapper' and 'com.unifs.sdbst.app.dao.information_admin.InformationMapper' mapperInterface. Bean already defined with the same name!
[WARN ] 2019-09-06 10:48:00 [restartedMain:2972772:org.mybatis.spring.mapper.ClassPathMapperScanner:239] - Skipping MapperFactoryBean with name 'dictMapper' and 'com.unifs.sdbst.app.dao.primary.menus.DictMapper' mapperInterface. Bean already defined with the same name!
[WARN ] 2019-09-06 10:48:00 [restartedMain:2972773:org.mybatis.spring.mapper.ClassPathMapperScanner:239] - Skipping MapperFactoryBean with name 'menuMapper' and 'com.unifs.sdbst.app.dao.primary.menus.MenuMapper' mapperInterface. Bean already defined with the same name!
[WARN ] 2019-09-06 10:48:00 [restartedMain:2972773:org.mybatis.spring.mapper.ClassPathMapperScanner:239] - Skipping MapperFactoryBean with name 'sysUserMenuMapper' and 'com.unifs.sdbst.app.dao.primary.menus.SysUserMenuMapper' mapperInterface. Bean already defined with the same name!
[WARN ] 2019-09-06 10:48:00 [restartedMain:2972773:org.mybatis.spring.mapper.ClassPathMapperScanner:239] - Skipping MapperFactoryBean with name 'sysWorkMenuMapper' and 'com.unifs.sdbst.app.dao.primary.menus.SysWorkMenuMapper' mapperInterface. Bean already defined with the same name!
[WARN ] 2019-09-06 10:48:00 [restartedMain:2972773:org.mybatis.spring.mapper.ClassPathMapperScanner:239] - Skipping MapperFactoryBean with name 'tagMapper' and 'com.unifs.sdbst.app.dao.primary.menus.TagMapper' mapperInterface. Bean already defined with the same name!
[WARN ] 2019-09-06 10:48:00 [restartedMain:2972773:org.mybatis.spring.mapper.ClassPathMapperScanner:239] - Skipping MapperFactoryBean with name 'adviceMapper' and 'com.unifs.sdbst.app.dao.primary.user.AdviceMapper' mapperInterface. Bean already defined with the same name!
[WARN ] 2019-09-06 10:48:00 [restartedMain:2972773:org.mybatis.spring.mapper.ClassPathMapperScanner:239] - Skipping MapperFactoryBean with name 'satisfactionMapper' and 'com.unifs.sdbst.app.dao.primary.user.SatisfactionMapper' mapperInterface. Bean already defined with the same name!
[WARN ] 2019-09-06 10:48:00 [restartedMain:2972773:org.mybatis.spring.mapper.ClassPathMapperScanner:239] - Skipping MapperFactoryBean with name 'userMapper' and 'com.unifs.sdbst.app.dao.primary.user.UserMapper' mapperInterface. Bean already defined with the same name!
[WARN ] 2019-09-06 10:48:00 [restartedMain:2972774:org.mybatis.spring.mapper.ClassPathMapperScanner:239] - Skipping MapperFactoryBean with name 'userOthersMapper' and 'com.unifs.sdbst.app.dao.primary.user.UserOthersMapper' mapperInterface. Bean already defined with the same name!
[WARN ] 2019-09-06 10:48:00 [restartedMain:2972774:org.mybatis.spring.mapper.ClassPathMapperScanner:239] - Skipping MapperFactoryBean with name 'userSwtMapper' and 'com.unifs.sdbst.app.dao.primary.user.UserSwtMapper' mapperInterface. Bean already defined with the same name!
[WARN ] 2019-09-06 10:48:00 [restartedMain:2972774:org.mybatis.spring.mapper.ClassPathMapperScanner:166] - No MyBatis mapper was found in '[com.unifs.sdbst.*.dao.*]' package. Please check your configuration.
[WARN ] 2019-09-06 10:48:29 [restartedMain:3001761:tk.mybatis.spring.mapper.ClassPathMapperScanner:166] - No MyBatis mapper was found in '[com.unifs.sdbst.backstage.dao]' package. Please check your configuration.
[WARN ] 2019-09-06 10:48:29 [restartedMain:3001772:org.mybatis.spring.mapper.ClassPathMapperScanner:239] - Skipping MapperFactoryBean with name 'articleMapper' and 'com.unifs.sdbst.app.dao.primary.cms.ArticleMapper' mapperInterface. Bean already defined with the same name!
[WARN ] 2019-09-06 10:48:29 [restartedMain:3001772:org.mybatis.spring.mapper.ClassPathMapperScanner:239] - Skipping MapperFactoryBean with name 'categoryMapper' and 'com.unifs.sdbst.app.dao.primary.cms.CategoryMapper' mapperInterface. Bean already defined with the same name!
[WARN ] 2019-09-06 10:48:29 [restartedMain:3001772:org.mybatis.spring.mapper.ClassPathMapperScanner:239] - Skipping MapperFactoryBean with name 'departmentMapper' and 'com.unifs.sdbst.app.dao.primary.department.DepartmentMapper' mapperInterface. Bean already defined with the same name!
[WARN ] 2019-09-06 10:48:29 [restartedMain:3001772:org.mybatis.spring.mapper.ClassPathMapperScanner:239] - Skipping MapperFactoryBean with name 'informationMapper' and 'com.unifs.sdbst.app.dao.information_admin.InformationMapper' mapperInterface. Bean already defined with the same name!
[WARN ] 2019-09-06 10:48:29 [restartedMain:3001772:org.mybatis.spring.mapper.ClassPathMapperScanner:239] - Skipping MapperFactoryBean with name 'dictMapper' and 'com.unifs.sdbst.app.dao.primary.menus.DictMapper' mapperInterface. Bean already defined with the same name!
[WARN ] 2019-09-06 10:48:29 [restartedMain:3001772:org.mybatis.spring.mapper.ClassPathMapperScanner:239] - Skipping MapperFactoryBean with name 'menuMapper' and 'com.unifs.sdbst.app.dao.primary.menus.MenuMapper' mapperInterface. Bean already defined with the same name!
[WARN ] 2019-09-06 10:48:29 [restartedMain:3001773:org.mybatis.spring.mapper.ClassPathMapperScanner:239] - Skipping MapperFactoryBean with name 'sysUserMenuMapper' and 'com.unifs.sdbst.app.dao.primary.menus.SysUserMenuMapper' mapperInterface. Bean already defined with the same name!
[WARN ] 2019-09-06 10:48:29 [restartedMain:3001773:org.mybatis.spring.mapper.ClassPathMapperScanner:239] - Skipping MapperFactoryBean with name 'sysWorkMenuMapper' and 'com.unifs.sdbst.app.dao.primary.menus.SysWorkMenuMapper' mapperInterface. Bean already defined with the same name!
[WARN ] 2019-09-06 10:48:29 [restartedMain:3001773:org.mybatis.spring.mapper.ClassPathMapperScanner:239] - Skipping MapperFactoryBean with name 'tagMapper' and 'com.unifs.sdbst.app.dao.primary.menus.TagMapper' mapperInterface. Bean already defined with the same name!
[WARN ] 2019-09-06 10:48:29 [restartedMain:3001773:org.mybatis.spring.mapper.ClassPathMapperScanner:239] - Skipping MapperFactoryBean with name 'adviceMapper' and 'com.unifs.sdbst.app.dao.primary.user.AdviceMapper' mapperInterface. Bean already defined with the same name!
[WARN ] 2019-09-06 10:48:29 [restartedMain:3001773:org.mybatis.spring.mapper.ClassPathMapperScanner:239] - Skipping MapperFactoryBean with name 'satisfactionMapper' and 'com.unifs.sdbst.app.dao.primary.user.SatisfactionMapper' mapperInterface. Bean already defined with the same name!
[WARN ] 2019-09-06 10:48:29 [restartedMain:3001773:org.mybatis.spring.mapper.ClassPathMapperScanner:239] - Skipping MapperFactoryBean with name 'userMapper' and 'com.unifs.sdbst.app.dao.primary.user.UserMapper' mapperInterface. Bean already defined with the same name!
[WARN ] 2019-09-06 10:48:29 [restartedMain:3001773:org.mybatis.spring.mapper.ClassPathMapperScanner:239] - Skipping MapperFactoryBean with name 'userOthersMapper' and 'com.unifs.sdbst.app.dao.primary.user.UserOthersMapper' mapperInterface. Bean already defined with the same name!
[WARN ] 2019-09-06 10:48:29 [restartedMain:3001774:org.mybatis.spring.mapper.ClassPathMapperScanner:239] - Skipping MapperFactoryBean with name 'userSwtMapper' and 'com.unifs.sdbst.app.dao.primary.user.UserSwtMapper' mapperInterface. Bean already defined with the same name!
[WARN ] 2019-09-06 10:48:29 [restartedMain:3001774:org.mybatis.spring.mapper.ClassPathMapperScanner:166] - No MyBatis mapper was found in '[com.unifs.sdbst.*.dao.*]' package. Please check your configuration.
[WARN ] 2019-09-06 11:36:37 [restartedMain:3258:tk.mybatis.spring.mapper.ClassPathMapperScanner:166] - No MyBatis mapper was found in '[com.unifs.sdbst.backstage.dao]' package. Please check your configuration.
[WARN ] 2019-09-06 11:36:37 [restartedMain:3280:org.mybatis.spring.mapper.ClassPathMapperScanner:239] - Skipping MapperFactoryBean with name 'articleMapper' and 'com.unifs.sdbst.app.dao.primary.cms.ArticleMapper' mapperInterface. Bean already defined with the same name!
[WARN ] 2019-09-06 11:36:37 [restartedMain:3281:org.mybatis.spring.mapper.ClassPathMapperScanner:239] - Skipping MapperFactoryBean with name 'categoryMapper' and 'com.unifs.sdbst.app.dao.primary.cms.CategoryMapper' mapperInterface. Bean already defined with the same name!
[WARN ] 2019-09-06 11:36:37 [restartedMain:3281:org.mybatis.spring.mapper.ClassPathMapperScanner:239] - Skipping MapperFactoryBean with name 'departmentMapper' and 'com.unifs.sdbst.app.dao.primary.department.DepartmentMapper' mapperInterface. Bean already defined with the same name!
[WARN ] 2019-09-06 11:36:37 [restartedMain:3281:org.mybatis.spring.mapper.ClassPathMapperScanner:239] - Skipping MapperFactoryBean with name 'informationMapper' and 'com.unifs.sdbst.app.dao.information_admin.InformationMapper' mapperInterface. Bean already defined with the same name!
[WARN ] 2019-09-06 11:36:37 [restartedMain:3282:org.mybatis.spring.mapper.ClassPathMapperScanner:239] - Skipping MapperFactoryBean with name 'dictMapper' and 'com.unifs.sdbst.app.dao.primary.menus.DictMapper' mapperInterface. Bean already defined with the same name!
[WARN ] 2019-09-06 11:36:37 [restartedMain:3282:org.mybatis.spring.mapper.ClassPathMapperScanner:239] - Skipping MapperFactoryBean with name 'menuMapper' and 'com.unifs.sdbst.app.dao.primary.menus.MenuMapper' mapperInterface. Bean already defined with the same name!
[WARN ] 2019-09-06 11:36:37 [restartedMain:3282:org.mybatis.spring.mapper.ClassPathMapperScanner:239] - Skipping MapperFactoryBean with name 'sysUserMenuMapper' and 'com.unifs.sdbst.app.dao.primary.menus.SysUserMenuMapper' mapperInterface. Bean already defined with the same name!
[WARN ] 2019-09-06 11:36:37 [restartedMain:3282:org.mybatis.spring.mapper.ClassPathMapperScanner:239] - Skipping MapperFactoryBean with name 'sysWorkMenuMapper' and 'com.unifs.sdbst.app.dao.primary.menus.SysWorkMenuMapper' mapperInterface. Bean already defined with the same name!
[WARN ] 2019-09-06 11:36:37 [restartedMain:3282:org.mybatis.spring.mapper.ClassPathMapperScanner:239] - Skipping MapperFactoryBean with name 'tagMapper' and 'com.unifs.sdbst.app.dao.primary.menus.TagMapper' mapperInterface. Bean already defined with the same name!
[WARN ] 2019-09-06 11:36:37 [restartedMain:3283:org.mybatis.spring.mapper.ClassPathMapperScanner:239] - Skipping MapperFactoryBean with name 'adviceMapper' and 'com.unifs.sdbst.app.dao.primary.user.AdviceMapper' mapperInterface. Bean already defined with the same name!
[WARN ] 2019-09-06 11:36:37 [restartedMain:3283:org.mybatis.spring.mapper.ClassPathMapperScanner:239] - Skipping MapperFactoryBean with name 'satisfactionMapper' and 'com.unifs.sdbst.app.dao.primary.user.SatisfactionMapper' mapperInterface. Bean already defined with the same name!
[WARN ] 2019-09-06 11:36:37 [restartedMain:3283:org.mybatis.spring.mapper.ClassPathMapperScanner:239] - Skipping MapperFactoryBean with name 'userMapper' and 'com.unifs.sdbst.app.dao.primary.user.UserMapper' mapperInterface. Bean already defined with the same name!
[WARN ] 2019-09-06 11:36:37 [restartedMain:3283:org.mybatis.spring.mapper.ClassPathMapperScanner:239] - Skipping MapperFactoryBean with name 'userOthersMapper' and 'com.unifs.sdbst.app.dao.primary.user.UserOthersMapper' mapperInterface. Bean already defined with the same name!
[WARN ] 2019-09-06 11:36:37 [restartedMain:3284:org.mybatis.spring.mapper.ClassPathMapperScanner:239] - Skipping MapperFactoryBean with name 'userSwtMapper' and 'com.unifs.sdbst.app.dao.primary.user.UserSwtMapper' mapperInterface. Bean already defined with the same name!
[WARN ] 2019-09-06 11:36:37 [restartedMain:3284:org.mybatis.spring.mapper.ClassPathMapperScanner:166] - No MyBatis mapper was found in '[com.unifs.sdbst.*.dao.*]' package. Please check your configuration.
[WARN ] 2019-09-06 11:38:14 [restartedMain:99667:tk.mybatis.spring.mapper.ClassPathMapperScanner:166] - No MyBatis mapper was found in '[com.unifs.sdbst.backstage.dao]' package. Please check your configuration.
[WARN ] 2019-09-06 11:38:14 [restartedMain:99678:org.mybatis.spring.mapper.ClassPathMapperScanner:239] - Skipping MapperFactoryBean with name 'articleMapper' and 'com.unifs.sdbst.app.dao.primary.cms.ArticleMapper' mapperInterface. Bean already defined with the same name!
[WARN ] 2019-09-06 11:38:14 [restartedMain:99678:org.mybatis.spring.mapper.ClassPathMapperScanner:239] - Skipping MapperFactoryBean with name 'categoryMapper' and 'com.unifs.sdbst.app.dao.primary.cms.CategoryMapper' mapperInterface. Bean already defined with the same name!
[WARN ] 2019-09-06 11:38:14 [restartedMain:99679:org.mybatis.spring.mapper.ClassPathMapperScanner:239] - Skipping MapperFactoryBean with name 'departmentMapper' and 'com.unifs.sdbst.app.dao.primary.department.DepartmentMapper' mapperInterface. Bean already defined with the same name!
[WARN ] 2019-09-06 11:38:14 [restartedMain:99679:org.mybatis.spring.mapper.ClassPathMapperScanner:239] - Skipping MapperFactoryBean with name 'informationMapper' and 'com.unifs.sdbst.app.dao.information_admin.InformationMapper' mapperInterface. Bean already defined with the same name!
[WARN ] 2019-09-06 11:38:14 [restartedMain:99679:org.mybatis.spring.mapper.ClassPathMapperScanner:239] - Skipping MapperFactoryBean with name 'dictMapper' and 'com.unifs.sdbst.app.dao.primary.menus.DictMapper' mapperInterface. Bean already defined with the same name!
[WARN ] 2019-09-06 11:38:14 [restartedMain:99679:org.mybatis.spring.mapper.ClassPathMapperScanner:239] - Skipping MapperFactoryBean with name 'menuMapper' and 'com.unifs.sdbst.app.dao.primary.menus.MenuMapper' mapperInterface. Bean already defined with the same name!
[WARN ] 2019-09-06 11:38:14 [restartedMain:99680:org.mybatis.spring.mapper.ClassPathMapperScanner:239] - Skipping MapperFactoryBean with name 'sysUserMenuMapper' and 'com.unifs.sdbst.app.dao.primary.menus.SysUserMenuMapper' mapperInterface. Bean already defined with the same name!
[WARN ] 2019-09-06 11:38:14 [restartedMain:99680:org.mybatis.spring.mapper.ClassPathMapperScanner:239] - Skipping MapperFactoryBean with name 'sysWorkMenuMapper' and 'com.unifs.sdbst.app.dao.primary.menus.SysWorkMenuMapper' mapperInterface. Bean already defined with the same name!
[WARN ] 2019-09-06 11:38:14 [restartedMain:99680:org.mybatis.spring.mapper.ClassPathMapperScanner:239] - Skipping MapperFactoryBean with name 'tagMapper' and 'com.unifs.sdbst.app.dao.primary.menus.TagMapper' mapperInterface. Bean already defined with the same name!
[WARN ] 2019-09-06 11:38:14 [restartedMain:99680:org.mybatis.spring.mapper.ClassPathMapperScanner:239] - Skipping MapperFactoryBean with name 'adviceMapper' and 'com.unifs.sdbst.app.dao.primary.user.AdviceMapper' mapperInterface. Bean already defined with the same name!
[WARN ] 2019-09-06 11:38:14 [restartedMain:99681:org.mybatis.spring.mapper.ClassPathMapperScanner:239] - Skipping MapperFactoryBean with name 'satisfactionMapper' and 'com.unifs.sdbst.app.dao.primary.user.SatisfactionMapper' mapperInterface. Bean already defined with the same name!
[WARN ] 2019-09-06 11:38:14 [restartedMain:99681:org.mybatis.spring.mapper.ClassPathMapperScanner:239] - Skipping MapperFactoryBean with name 'userMapper' and 'com.unifs.sdbst.app.dao.primary.user.UserMapper' mapperInterface. Bean already defined with the same name!
[WARN ] 2019-09-06 11:38:14 [restartedMain:99681:org.mybatis.spring.mapper.ClassPathMapperScanner:239] - Skipping MapperFactoryBean with name 'userOthersMapper' and 'com.unifs.sdbst.app.dao.primary.user.UserOthersMapper' mapperInterface. Bean already defined with the same name!
[WARN ] 2019-09-06 11:38:14 [restartedMain:99682:org.mybatis.spring.mapper.ClassPathMapperScanner:239] - Skipping MapperFactoryBean with name 'userSwtMapper' and 'com.unifs.sdbst.app.dao.primary.user.UserSwtMapper' mapperInterface. Bean already defined with the same name!
[WARN ] 2019-09-06 11:38:14 [restartedMain:99682:org.mybatis.spring.mapper.ClassPathMapperScanner:166] - No MyBatis mapper was found in '[com.unifs.sdbst.*.dao.*]' package. Please check your configuration.
[WARN ] 2019-09-06 11:38:25 [restartedMain:111473:tk.mybatis.spring.mapper.ClassPathMapperScanner:166] - No MyBatis mapper was found in '[com.unifs.sdbst.backstage.dao]' package. Please check your configuration.
[WARN ] 2019-09-06 11:38:25 [restartedMain:111481:org.mybatis.spring.mapper.ClassPathMapperScanner:239] - Skipping MapperFactoryBean with name 'articleMapper' and 'com.unifs.sdbst.app.dao.primary.cms.ArticleMapper' mapperInterface. Bean already defined with the same name!
[WARN ] 2019-09-06 11:38:25 [restartedMain:111481:org.mybatis.spring.mapper.ClassPathMapperScanner:239] - Skipping MapperFactoryBean with name 'categoryMapper' and 'com.unifs.sdbst.app.dao.primary.cms.CategoryMapper' mapperInterface. Bean already defined with the same name!
[WARN ] 2019-09-06 11:38:25 [restartedMain:111481:org.mybatis.spring.mapper.ClassPathMapperScanner:239] - Skipping MapperFactoryBean with name 'departmentMapper' and 'com.unifs.sdbst.app.dao.primary.department.DepartmentMapper' mapperInterface. Bean already defined with the same name!
[WARN ] 2019-09-06 11:38:25 [restartedMain:111482:org.mybatis.spring.mapper.ClassPathMapperScanner:239] - Skipping MapperFactoryBean with name 'informationMapper' and 'com.unifs.sdbst.app.dao.information_admin.InformationMapper' mapperInterface. Bean already defined with the same name!
[WARN ] 2019-09-06 11:38:25 [restartedMain:111482:org.mybatis.spring.mapper.ClassPathMapperScanner:239] - Skipping MapperFactoryBean with name 'dictMapper' and 'com.unifs.sdbst.app.dao.primary.menus.DictMapper' mapperInterface. Bean already defined with the same name!
[WARN ] 2019-09-06 11:38:25 [restartedMain:111482:org.mybatis.spring.mapper.ClassPathMapperScanner:239] - Skipping MapperFactoryBean with name 'menuMapper' and 'com.unifs.sdbst.app.dao.primary.menus.MenuMapper' mapperInterface. Bean already defined with the same name!
[WARN ] 2019-09-06 11:38:25 [restartedMain:111482:org.mybatis.spring.mapper.ClassPathMapperScanner:239] - Skipping MapperFactoryBean with name 'sysUserMenuMapper' and 'com.unifs.sdbst.app.dao.primary.menus.SysUserMenuMapper' mapperInterface. Bean already defined with the same name!
[WARN ] 2019-09-06 11:38:25 [restartedMain:111482:org.mybatis.spring.mapper.ClassPathMapperScanner:239] - Skipping MapperFactoryBean with name 'sysWorkMenuMapper' and 'com.unifs.sdbst.app.dao.primary.menus.SysWorkMenuMapper' mapperInterface. Bean already defined with the same name!
[WARN ] 2019-09-06 11:38:25 [restartedMain:111482:org.mybatis.spring.mapper.ClassPathMapperScanner:239] - Skipping MapperFactoryBean with name 'tagMapper' and 'com.unifs.sdbst.app.dao.primary.menus.TagMapper' mapperInterface. Bean already defined with the same name!
[WARN ] 2019-09-06 11:38:25 [restartedMain:111483:org.mybatis.spring.mapper.ClassPathMapperScanner:239] - Skipping MapperFactoryBean with name 'adviceMapper' and 'com.unifs.sdbst.app.dao.primary.user.AdviceMapper' mapperInterface. Bean already defined with the same name!
[WARN ] 2019-09-06 11:38:25 [restartedMain:111483:org.mybatis.spring.mapper.ClassPathMapperScanner:239] - Skipping MapperFactoryBean with name 'satisfactionMapper' and 'com.unifs.sdbst.app.dao.primary.user.SatisfactionMapper' mapperInterface. Bean already defined with the same name!
[WARN ] 2019-09-06 11:38:25 [restartedMain:111483:org.mybatis.spring.mapper.ClassPathMapperScanner:239] - Skipping MapperFactoryBean with name 'userMapper' and 'com.unifs.sdbst.app.dao.primary.user.UserMapper' mapperInterface. Bean already defined with the same name!
[WARN ] 2019-09-06 11:38:25 [restartedMain:111483:org.mybatis.spring.mapper.ClassPathMapperScanner:239] - Skipping MapperFactoryBean with name 'userOthersMapper' and 'com.unifs.sdbst.app.dao.primary.user.UserOthersMapper' mapperInterface. Bean already defined with the same name!
[WARN ] 2019-09-06 11:38:25 [restartedMain:111483:org.mybatis.spring.mapper.ClassPathMapperScanner:239] - Skipping MapperFactoryBean with name 'userSwtMapper' and 'com.unifs.sdbst.app.dao.primary.user.UserSwtMapper' mapperInterface. Bean already defined with the same name!
[WARN ] 2019-09-06 11:38:25 [restartedMain:111483:org.mybatis.spring.mapper.ClassPathMapperScanner:166] - No MyBatis mapper was found in '[com.unifs.sdbst.*.dao.*]' package. Please check your configuration.
[WARN ] 2019-09-06 12:09:58 [restartedMain:6537:tk.mybatis.spring.mapper.ClassPathMapperScanner:239] - Skipping MapperFactoryBean with name 'departmentAdminMapper' and 'com.unifs.sdbst.backstage.dao.DepartmentAdminMapper' mapperInterface. Bean already defined with the same name!
[WARN ] 2019-09-06 12:09:58 [restartedMain:6538:tk.mybatis.spring.mapper.ClassPathMapperScanner:239] - Skipping MapperFactoryBean with name 'menuAdminMapper' and 'com.unifs.sdbst.backstage.dao.MenuAdminMapper' mapperInterface. Bean already defined with the same name!
[WARN ] 2019-09-06 12:09:58 [restartedMain:6539:tk.mybatis.spring.mapper.ClassPathMapperScanner:166] - No MyBatis mapper was found in '[com.unifs.sdbst.backstage.dao]' package. Please check your configuration.
[WARN ] 2019-09-06 12:09:58 [restartedMain:6568:org.mybatis.spring.mapper.ClassPathMapperScanner:239] - Skipping MapperFactoryBean with name 'appVersionMapper' and 'com.unifs.sdbst.app.dao.primary.appinfo.AppVersionMapper' mapperInterface. Bean already defined with the same name!
[WARN ] 2019-09-06 12:09:58 [restartedMain:6568:org.mybatis.spring.mapper.ClassPathMapperScanner:239] - Skipping MapperFactoryBean with name 'articleMapper' and 'com.unifs.sdbst.app.dao.primary.cms.ArticleMapper' mapperInterface. Bean already defined with the same name!
[WARN ] 2019-09-06 12:09:58 [restartedMain:6569:org.mybatis.spring.mapper.ClassPathMapperScanner:239] - Skipping MapperFactoryBean with name 'categoryMapper' and 'com.unifs.sdbst.app.dao.primary.cms.CategoryMapper' mapperInterface. Bean already defined with the same name!
[WARN ] 2019-09-06 12:09:58 [restartedMain:6569:org.mybatis.spring.mapper.ClassPathMapperScanner:239] - Skipping MapperFactoryBean with name 'departmentMapper' and 'com.unifs.sdbst.app.dao.primary.department.DepartmentMapper' mapperInterface. Bean already defined with the same name!
[WARN ] 2019-09-06 12:09:58 [restartedMain:6570:org.mybatis.spring.mapper.ClassPathMapperScanner:239] - Skipping MapperFactoryBean with name 'informationMapper' and 'com.unifs.sdbst.app.dao.information_admin.InformationMapper' mapperInterface. Bean already defined with the same name!
[WARN ] 2019-09-06 12:09:58 [restartedMain:6571:org.mybatis.spring.mapper.ClassPathMapperScanner:239] - Skipping MapperFactoryBean with name 'dictMapper' and 'com.unifs.sdbst.app.dao.primary.menus.DictMapper' mapperInterface. Bean already defined with the same name!
[WARN ] 2019-09-06 12:09:58 [restartedMain:6572:org.mybatis.spring.mapper.ClassPathMapperScanner:239] - Skipping MapperFactoryBean with name 'menuMapper' and 'com.unifs.sdbst.app.dao.primary.menus.MenuMapper' mapperInterface. Bean already defined with the same name!
[WARN ] 2019-09-06 12:09:58 [restartedMain:6572:org.mybatis.spring.mapper.ClassPathMapperScanner:239] - Skipping MapperFactoryBean with name 'sysUserMenuMapper' and 'com.unifs.sdbst.app.dao.primary.menus.SysUserMenuMapper' mapperInterface. Bean already defined with the same name!
[WARN ] 2019-09-06 12:09:58 [restartedMain:6573:org.mybatis.spring.mapper.ClassPathMapperScanner:239] - Skipping MapperFactoryBean with name 'sysWorkMenuMapper' and 'com.unifs.sdbst.app.dao.primary.menus.SysWorkMenuMapper' mapperInterface. Bean already defined with the same name!
[WARN ] 2019-09-06 12:09:58 [restartedMain:6573:org.mybatis.spring.mapper.ClassPathMapperScanner:239] - Skipping MapperFactoryBean with name 'tagMapper' and 'com.unifs.sdbst.app.dao.primary.menus.TagMapper' mapperInterface. Bean already defined with the same name!
[WARN ] 2019-09-06 12:09:58 [restartedMain:6574:org.mybatis.spring.mapper.ClassPathMapperScanner:239] - Skipping MapperFactoryBean with name 'adviceMapper' and 'com.unifs.sdbst.app.dao.primary.user.AdviceMapper' mapperInterface. Bean already defined with the same name!
[WARN ] 2019-09-06 12:09:58 [restartedMain:6574:org.mybatis.spring.mapper.ClassPathMapperScanner:239] - Skipping MapperFactoryBean with name 'satisfactionMapper' and 'com.unifs.sdbst.app.dao.primary.user.SatisfactionMapper' mapperInterface. Bean already defined with the same name!
[WARN ] 2019-09-06 12:09:58 [restartedMain:6575:org.mybatis.spring.mapper.ClassPathMapperScanner:239] - Skipping MapperFactoryBean with name 'userMapper' and 'com.unifs.sdbst.app.dao.primary.user.UserMapper' mapperInterface. Bean already defined with the same name!
[WARN ] 2019-09-06 12:09:58 [restartedMain:6575:org.mybatis.spring.mapper.ClassPathMapperScanner:239] - Skipping MapperFactoryBean with name 'userOthersMapper' and 'com.unifs.sdbst.app.dao.primary.user.UserOthersMapper' mapperInterface. Bean already defined with the same name!
[WARN ] 2019-09-06 12:09:58 [restartedMain:6575:org.mybatis.spring.mapper.ClassPathMapperScanner:239] - Skipping MapperFactoryBean with name 'userSwtMapper' and 'com.unifs.sdbst.app.dao.primary.user.UserSwtMapper' mapperInterface. Bean already defined with the same name!
[WARN ] 2019-09-06 12:09:58 [restartedMain:6576:org.mybatis.spring.mapper.ClassPathMapperScanner:166] - No MyBatis mapper was found in '[com.unifs.sdbst.*.dao.*]' package. Please check your configuration.
